<?xml version="1.0" encoding="UTF-8" standalone="no"?>
<!DOCTYPE log SYSTEM "logger.dtd">
<log>
<record>
  <date>2019-10-19T23:32:23</date>
  <millis>1571520743407</millis>
  <sequence>0</sequence>
  <level>START</level>
  <class>com.kms.katalon.core.logging.XmlKeywordLogger</class>
  <method>startSuite</method>
  <thread>1</thread>
  <message>Start Test Suite : Test Suites/Reservations/NouvelleReservation</message>
  <nestedLevel>0</nestedLevel>
  <property name="name">NouvelleReservation</property>
  <property name="description"></property>
  <property name="id">Test Suites/Reservations/NouvelleReservation</property>
</record>
<record>
  <date>2019-10-19T23:32:23</date>
  <millis>1571520743432</millis>
  <sequence>1</sequence>
  <level>RUN_DATA</level>
  <class>com.kms.katalon.core.logging.XmlKeywordLogger</class>
  <method>logMessage</method>
  <thread>1</thread>
  <message>hostName = bouda - DESKTOP-L8US96K</message>
  <nestedLevel>0</nestedLevel>
  <property name="hostName">bouda - DESKTOP-L8US96K</property>
</record>
<record>
  <date>2019-10-19T23:32:23</date>
  <millis>1571520743434</millis>
  <sequence>2</sequence>
  <level>RUN_DATA</level>
  <class>com.kms.katalon.core.logging.XmlKeywordLogger</class>
  <method>logMessage</method>
  <thread>1</thread>
  <message>os = Windows 10 64bit</message>
  <nestedLevel>0</nestedLevel>
  <property name="os">Windows 10 64bit</property>
</record>
<record>
  <date>2019-10-19T23:32:23</date>
  <millis>1571520743435</millis>
  <sequence>3</sequence>
  <level>RUN_DATA</level>
  <class>com.kms.katalon.core.logging.XmlKeywordLogger</class>
  <method>logMessage</method>
  <thread>1</thread>
  <message>hostAddress = 192.168.99.1</message>
  <nestedLevel>0</nestedLevel>
  <property name="hostAddress">192.168.99.1</property>
</record>
<record>
  <date>2019-10-19T23:32:23</date>
  <millis>1571520743436</millis>
  <sequence>4</sequence>
  <level>RUN_DATA</level>
  <class>com.kms.katalon.core.logging.XmlKeywordLogger</class>
  <method>logMessage</method>
  <thread>1</thread>
  <message>katalonVersion = 5.9.1.2</message>
  <nestedLevel>0</nestedLevel>
  <property name="katalonVersion">5.9.1.2</property>
</record>
<record>
  <date>2019-10-19T23:32:23</date>
  <millis>1571520743805</millis>
  <sequence>5</sequence>
  <level>START</level>
  <class>com.kms.katalon.core.logging.XmlKeywordLogger</class>
  <method>startTest</method>
  <thread>1</thread>
  <message>Start Test Case : Test Cases/OpenTheBrowser</message>
  <nestedLevel>1</nestedLevel>
  <property name="name">Test Cases/OpenTheBrowser</property>
  <property name="description"></property>
  <property name="id">Test Cases/OpenTheBrowser</property>
  <property name="source">C:\\Users\\bouda\\Katalon Studio\\Hissab\\Test Cases\\OpenTheBrowser.tc</property>
  <property name="isOptional">false</property>
</record>
<record>
  <date>2019-10-19T23:32:23</date>
  <millis>1571520743940</millis>
  <sequence>7</sequence>
  <level>INFO</level>
  <class>com.kms.katalon.core.logging.XmlKeywordLogger</class>
  <method>logMessage</method>
  <thread>1</thread>
  <message>(Default) Nom_Client = NOM PRENOM</message>
  <nestedLevel>1</nestedLevel>
</record>
<record>
  <date>2019-10-19T23:32:23</date>
  <millis>1571520743955</millis>
  <sequence>8</sequence>
  <level>INFO</level>
  <class>com.kms.katalon.core.logging.XmlKeywordLogger</class>
  <method>logMessage</method>
  <thread>1</thread>
  <message>(Default) Prix = 12345</message>
  <nestedLevel>1</nestedLevel>
</record>
<record>
  <date>2019-10-19T23:32:23</date>
  <millis>1571520743966</millis>
  <sequence>9</sequence>
  <level>INFO</level>
  <class>com.kms.katalon.core.logging.XmlKeywordLogger</class>
  <method>logMessage</method>
  <thread>1</thread>
  <message>(Default) Comments = Pas de commentaire</message>
  <nestedLevel>1</nestedLevel>
</record>
<record>
  <date>2019-10-19T23:32:24</date>
  <millis>1571520744344</millis>
  <sequence>10</sequence>
  <level>START</level>
  <class>com.kms.katalon.core.logging.XmlKeywordLogger</class>
  <method>startKeyword</method>
  <thread>1</thread>
  <message>Start action : openBrowser(\&amp;quot;\&amp;quot;)</message>
  <nestedLevel>1</nestedLevel>
  <property name="startLine">17</property>
  <property name="stepIndex">1</property>
</record>
<record>
  <date>2019-10-19T23:32:24</date>
  <millis>1571520744910</millis>
  <sequence>12</sequence>
  <level>INFO</level>
  <class>com.kms.katalon.core.logging.XmlKeywordLogger</class>
  <method>logMessage</method>
  <thread>1</thread>
  <message>Starting &amp;apos;Chrome&amp;apos; driver</message>
  <nestedLevel>1</nestedLevel>
</record>
<record>
  <date>2019-10-19T23:32:24</date>
  <millis>1571520744978</millis>
  <sequence>13</sequence>
  <level>INFO</level>
  <class>com.kms.katalon.core.logging.XmlKeywordLogger</class>
  <method>logMessage</method>
  <thread>1</thread>
  <message>Action delay is set to 0 seconds</message>
  <nestedLevel>1</nestedLevel>
</record>
<record>
  <date>2019-10-19T23:32:28</date>
  <millis>1571520748326</millis>
  <sequence>15</sequence>
  <level>RUN_DATA</level>
  <class>com.kms.katalon.core.logging.XmlKeywordLogger</class>
  <method>logMessage</method>
  <thread>1</thread>
  <message>sessionId = e7ff4c7854a3ad4447ee8a6d41e6b33a</message>
  <nestedLevel>1</nestedLevel>
  <property name="sessionId">e7ff4c7854a3ad4447ee8a6d41e6b33a</property>
</record>
<record>
  <date>2019-10-19T23:32:28</date>
  <millis>1571520748357</millis>
  <sequence>16</sequence>
  <level>RUN_DATA</level>
  <class>com.kms.katalon.core.logging.XmlKeywordLogger</class>
  <method>logMessage</method>
  <thread>1</thread>
  <message>browser = Chrome 77.0.3865.120</message>
  <nestedLevel>1</nestedLevel>
  <property name="browser">Chrome 77.0.3865.120</property>
</record>
<record>
  <date>2019-10-19T23:32:28</date>
  <millis>1571520748358</millis>
  <sequence>17</sequence>
  <level>RUN_DATA</level>
  <class>com.kms.katalon.core.logging.XmlKeywordLogger</class>
  <method>logMessage</method>
  <thread>1</thread>
  <message>platform = Windows 10</message>
  <nestedLevel>1</nestedLevel>
  <property name="platform">Windows 10</property>
</record>
<record>
  <date>2019-10-19T23:32:28</date>
  <millis>1571520748361</millis>
  <sequence>18</sequence>
  <level>RUN_DATA</level>
  <class>com.kms.katalon.core.logging.XmlKeywordLogger</class>
  <method>logMessage</method>
  <thread>1</thread>
  <message>seleniumVersion = 3.7.1</message>
  <nestedLevel>1</nestedLevel>
  <property name="seleniumVersion">3.7.1</property>
</record>
<record>
  <date>2019-10-19T23:32:28</date>
  <millis>1571520748362</millis>
  <sequence>19</sequence>
  <level>RUN_DATA</level>
  <class>com.kms.katalon.core.logging.XmlKeywordLogger</class>
  <method>logMessage</method>
  <thread>1</thread>
  <message>proxyInformation = ProxyInformation{proxyOption=NO_PROXY, proxyServerType=HTTP, password=, proxyServerAddress=, proxyServerPort=0}</message>
  <nestedLevel>1</nestedLevel>
  <property name="proxyInformation">ProxyInformation{proxyOption=NO_PROXY, proxyServerType=HTTP, password=, proxyServerAddress=, proxyServerPort=0}</property>
</record>
<record>
  <date>2019-10-19T23:32:28</date>
  <millis>1571520748363</millis>
  <sequence>20</sequence>
  <level>PASSED</level>
  <class>com.kms.katalon.core.logging.XmlKeywordLogger</class>
  <method>logMessage</method>
  <thread>1</thread>
  <message>Browser is opened with url: &amp;apos;&amp;apos;</message>
  <nestedLevel>1</nestedLevel>
</record>
<record>
  <date>2019-10-19T23:32:28</date>
  <millis>1571520748364</millis>
  <sequence>21</sequence>
  <level>END</level>
  <class>com.kms.katalon.core.logging.XmlKeywordLogger</class>
  <method>endKeyword</method>
  <thread>1</thread>
  <message>End action : openBrowser(\&amp;quot;\&amp;quot;)</message>
  <nestedLevel>1</nestedLevel>
</record>
<record>
  <date>2019-10-19T23:32:28</date>
  <millis>1571520748364</millis>
  <sequence>22</sequence>
  <level>START</level>
  <class>com.kms.katalon.core.logging.XmlKeywordLogger</class>
  <method>startKeyword</method>
  <thread>1</thread>
  <message>Start action : navigateToUrl(\&amp;quot;http://localhost:4200/\&amp;quot;)</message>
  <nestedLevel>1</nestedLevel>
  <property name="startLine">19</property>
  <property name="stepIndex">2</property>
</record>
<record>
  <date>2019-10-19T23:32:31</date>
  <millis>1571520751553</millis>
  <sequence>25</sequence>
  <level>PASSED</level>
  <class>com.kms.katalon.core.logging.XmlKeywordLogger</class>
  <method>logMessage</method>
  <thread>1</thread>
  <message>Navigate to &amp;apos;http://localhost:4200/&amp;apos; successfully</message>
  <nestedLevel>1</nestedLevel>
</record>
<record>
  <date>2019-10-19T23:32:31</date>
  <millis>1571520751554</millis>
  <sequence>26</sequence>
  <level>END</level>
  <class>com.kms.katalon.core.logging.XmlKeywordLogger</class>
  <method>endKeyword</method>
  <thread>1</thread>
  <message>End action : navigateToUrl(\&amp;quot;http://localhost:4200/\&amp;quot;)</message>
  <nestedLevel>1</nestedLevel>
</record>
<record>
  <date>2019-10-19T23:32:31</date>
  <millis>1571520751555</millis>
  <sequence>27</sequence>
  <level>START</level>
  <class>com.kms.katalon.core.logging.XmlKeywordLogger</class>
  <method>startKeyword</method>
  <thread>1</thread>
  <message>Start action : click(findTestObject(\&amp;quot;Object Repository/NouvelleReservations/Page_Application Hissab/h2_Bienvenue\&amp;quot;))</message>
  <nestedLevel>1</nestedLevel>
  <property name="startLine">21</property>
  <property name="stepIndex">3</property>
</record>
<record>
  <date>2019-10-19T23:32:33</date>
  <millis>1571520753331</millis>
  <sequence>34</sequence>
  <level>PASSED</level>
  <class>com.kms.katalon.core.logging.XmlKeywordLogger</class>
  <method>logMessage</method>
  <thread>1</thread>
  <message>Object: &amp;apos;Object Repository/NouvelleReservations/Page_Application Hissab/h2_Bienvenue&amp;apos; is clicked on</message>
  <nestedLevel>1</nestedLevel>
</record>
<record>
  <date>2019-10-19T23:32:33</date>
  <millis>1571520753332</millis>
  <sequence>35</sequence>
  <level>END</level>
  <class>com.kms.katalon.core.logging.XmlKeywordLogger</class>
  <method>endKeyword</method>
  <thread>1</thread>
  <message>End action : click(findTestObject(\&amp;quot;Object Repository/NouvelleReservations/Page_Application Hissab/h2_Bienvenue\&amp;quot;))</message>
  <nestedLevel>1</nestedLevel>
</record>
<record>
  <date>2019-10-19T23:32:33</date>
  <millis>1571520753332</millis>
  <sequence>36</sequence>
  <level>START</level>
  <class>com.kms.katalon.core.logging.XmlKeywordLogger</class>
  <method>startKeyword</method>
  <thread>1</thread>
  <message>Start action : setText(findTestObject(\&amp;quot;Object Repository/NouvelleReservations/Page_Application Hissab/input_Email_email\&amp;quot;), \&amp;quot;abdellatif.boudalh@gmail.com\&amp;quot;)</message>
  <nestedLevel>1</nestedLevel>
  <property name="startLine">23</property>
  <property name="stepIndex">4</property>
</record>
<record>
  <date>2019-10-19T23:32:33</date>
  <millis>1571520753623</millis>
  <sequence>48</sequence>
  <level>PASSED</level>
  <class>com.kms.katalon.core.logging.XmlKeywordLogger</class>
  <method>logMessage</method>
  <thread>1</thread>
  <message>Text &amp;apos;abdellatif.boudalh@gmail.com&amp;apos; is set on object &amp;apos;Object Repository/NouvelleReservations/Page_Application Hissab/input_Email_email&amp;apos;</message>
  <nestedLevel>1</nestedLevel>
</record>
<record>
  <date>2019-10-19T23:32:33</date>
  <millis>1571520753624</millis>
  <sequence>49</sequence>
  <level>END</level>
  <class>com.kms.katalon.core.logging.XmlKeywordLogger</class>
  <method>endKeyword</method>
  <thread>1</thread>
  <message>End action : setText(findTestObject(\&amp;quot;Object Repository/NouvelleReservations/Page_Application Hissab/input_Email_email\&amp;quot;), \&amp;quot;abdellatif.boudalh@gmail.com\&amp;quot;)</message>
  <nestedLevel>1</nestedLevel>
</record>
<record>
  <date>2019-10-19T23:32:33</date>
  <millis>1571520753624</millis>
  <sequence>50</sequence>
  <level>START</level>
  <class>com.kms.katalon.core.logging.XmlKeywordLogger</class>
  <method>startKeyword</method>
  <thread>1</thread>
  <message>Start action : setEncryptedText(findTestObject(\&amp;quot;Object Repository/NouvelleReservations/Page_Application Hissab/input_Mot de passe_password\&amp;quot;), \&amp;quot;g5aLkrmNNK9wgGsRIXINCA==\&amp;quot;)</message>
  <nestedLevel>1</nestedLevel>
  <property name="startLine">25</property>
  <property name="stepIndex">5</property>
</record>
<record>
  <date>2019-10-19T23:32:33</date>
  <millis>1571520753920</millis>
  <sequence>59</sequence>
  <level>PASSED</level>
  <class>com.kms.katalon.core.logging.XmlKeywordLogger</class>
  <method>logMessage</method>
  <thread>1</thread>
  <message>Text ****** has been set on object &amp;apos;Object Repository/NouvelleReservations/Page_Application Hissab/input_Mot de passe_password&amp;apos;</message>
  <nestedLevel>1</nestedLevel>
</record>
<record>
  <date>2019-10-19T23:32:33</date>
  <millis>1571520753921</millis>
  <sequence>60</sequence>
  <level>END</level>
  <class>com.kms.katalon.core.logging.XmlKeywordLogger</class>
  <method>endKeyword</method>
  <thread>1</thread>
  <message>End action : setEncryptedText(findTestObject(\&amp;quot;Object Repository/NouvelleReservations/Page_Application Hissab/input_Mot de passe_password\&amp;quot;), \&amp;quot;g5aLkrmNNK9wgGsRIXINCA==\&amp;quot;)</message>
  <nestedLevel>1</nestedLevel>
</record>
<record>
  <date>2019-10-19T23:32:33</date>
  <millis>1571520753921</millis>
  <sequence>61</sequence>
  <level>START</level>
  <class>com.kms.katalon.core.logging.XmlKeywordLogger</class>
  <method>startKeyword</method>
  <thread>1</thread>
  <message>Start action : click(findTestObject(\&amp;quot;Object Repository/NouvelleReservations/Page_Application Hissab/button_Connexion\&amp;quot;))</message>
  <nestedLevel>1</nestedLevel>
  <property name="startLine">28</property>
  <property name="stepIndex">6</property>
</record>
<record>
  <date>2019-10-19T23:32:34</date>
  <millis>1571520754065</millis>
  <sequence>68</sequence>
  <level>PASSED</level>
  <class>com.kms.katalon.core.logging.XmlKeywordLogger</class>
  <method>logMessage</method>
  <thread>1</thread>
  <message>Object: &amp;apos;Object Repository/NouvelleReservations/Page_Application Hissab/button_Connexion&amp;apos; is clicked on</message>
  <nestedLevel>1</nestedLevel>
</record>
<record>
  <date>2019-10-19T23:32:34</date>
  <millis>1571520754065</millis>
  <sequence>69</sequence>
  <level>END</level>
  <class>com.kms.katalon.core.logging.XmlKeywordLogger</class>
  <method>endKeyword</method>
  <thread>1</thread>
  <message>End action : click(findTestObject(\&amp;quot;Object Repository/NouvelleReservations/Page_Application Hissab/button_Connexion\&amp;quot;))</message>
  <nestedLevel>1</nestedLevel>
</record>
<record>
  <date>2019-10-19T23:32:34</date>
  <millis>1571520754065</millis>
  <sequence>70</sequence>
  <level>PASSED</level>
  <class>com.kms.katalon.core.logging.XmlKeywordLogger</class>
  <method>logMessage</method>
  <thread>1</thread>
  <message>Test Cases/OpenTheBrowser</message>
  <nestedLevel>1</nestedLevel>
</record>
<record>
  <date>2019-10-19T23:32:34</date>
  <millis>1571520754065</millis>
  <sequence>71</sequence>
  <level>END</level>
  <class>com.kms.katalon.core.logging.XmlKeywordLogger</class>
  <method>endTest</method>
  <thread>1</thread>
  <message>End Test Case : Test Cases/OpenTheBrowser</message>
  <nestedLevel>0</nestedLevel>
</record>
<record>
  <date>2019-10-19T23:32:34</date>
  <millis>1571520754073</millis>
  <sequence>72</sequence>
  <level>START</level>
  <class>com.kms.katalon.core.logging.XmlKeywordLogger</class>
  <method>startTest</method>
  <thread>1</thread>
  <message>Start Test Case : Test Cases/NewReservation</message>
  <nestedLevel>1</nestedLevel>
  <property name="name">Test Cases/NewReservation</property>
  <property name="description"></property>
  <property name="id">Test Cases/NewReservation</property>
  <property name="source">C:\\Users\\bouda\\Katalon Studio\\Hissab\\Test Cases\\NewReservation.tc</property>
  <property name="isOptional">false</property>
</record>
<record>
  <date>2019-10-19T23:32:34</date>
  <millis>1571520754088</millis>
  <sequence>74</sequence>
  <level>INFO</level>
  <class>com.kms.katalon.core.logging.XmlKeywordLogger</class>
  <method>logMessage</method>
  <thread>1</thread>
  <message>Nom_Client =  Nicolas Sarkozy</message>
  <nestedLevel>1</nestedLevel>
</record>
<record>
  <date>2019-10-19T23:32:34</date>
  <millis>1571520754089</millis>
  <sequence>75</sequence>
  <level>INFO</level>
  <class>com.kms.katalon.core.logging.XmlKeywordLogger</class>
  <method>logMessage</method>
  <thread>1</thread>
  <message>Prix =  1200</message>
  <nestedLevel>1</nestedLevel>
</record>
<record>
  <date>2019-10-19T23:32:34</date>
  <millis>1571520754090</millis>
  <sequence>76</sequence>
  <level>INFO</level>
  <class>com.kms.katalon.core.logging.XmlKeywordLogger</class>
  <method>logMessage</method>
  <thread>1</thread>
  <message>Comments =  Voici mon commentaire</message>
  <nestedLevel>1</nestedLevel>
</record>
<record>
  <date>2019-10-19T23:32:34</date>
  <millis>1571520754604</millis>
  <sequence>77</sequence>
  <level>START</level>
  <class>com.kms.katalon.core.logging.XmlKeywordLogger</class>
  <method>startKeyword</method>
  <thread>1</thread>
  <message>Start action : scrollToElement(findTestObject(\&amp;quot;NouvelleReservations/Page_Application Hissab/button_Nouvelle Reservation\&amp;quot;), 0)</message>
  <nestedLevel>1</nestedLevel>
  <property name="startLine">17</property>
  <property name="stepIndex">1</property>
</record>
<record>
  <date>2019-10-19T23:32:34</date>
  <millis>1571520754641</millis>
  <sequence>81</sequence>
  <level>WARNING</level>
  <class>com.kms.katalon.core.logging.XmlKeywordLogger</class>
  <method>logMessage</method>
  <thread>1</thread>
  <message>Timeout &amp;apos;0&amp;apos; is invalid. Using default page load timeout: &amp;apos;30&amp;apos;</message>
  <nestedLevel>1</nestedLevel>
</record>
<record>
  <date>2019-10-19T23:32:35</date>
  <millis>1571520755787</millis>
  <sequence>86</sequence>
  <level>PASSED</level>
  <class>com.kms.katalon.core.logging.XmlKeywordLogger</class>
  <method>logMessage</method>
  <thread>1</thread>
  <message>Scroll to object &amp;apos;Object Repository/NouvelleReservations/Page_Application Hissab/button_Nouvelle Reservation&amp;apos; successfully</message>
  <nestedLevel>1</nestedLevel>
</record>
<record>
  <date>2019-10-19T23:32:35</date>
  <millis>1571520755788</millis>
  <sequence>87</sequence>
  <level>END</level>
  <class>com.kms.katalon.core.logging.XmlKeywordLogger</class>
  <method>endKeyword</method>
  <thread>1</thread>
  <message>End action : scrollToElement(findTestObject(\&amp;quot;NouvelleReservations/Page_Application Hissab/button_Nouvelle Reservation\&amp;quot;), 0)</message>
  <nestedLevel>1</nestedLevel>
</record>
<record>
  <date>2019-10-19T23:32:35</date>
  <millis>1571520755788</millis>
  <sequence>88</sequence>
  <level>START</level>
  <class>com.kms.katalon.core.logging.XmlKeywordLogger</class>
  <method>startKeyword</method>
  <thread>1</thread>
  <message>Start action : click(findTestObject(\&amp;quot;Object Repository/NouvelleReservations/Page_Application Hissab/button_Nouvelle Reservation\&amp;quot;))</message>
  <nestedLevel>1</nestedLevel>
  <property name="startLine">19</property>
  <property name="stepIndex">2</property>
</record>
<record>
  <date>2019-10-19T23:32:35</date>
  <millis>1571520755936</millis>
  <sequence>95</sequence>
  <level>PASSED</level>
  <class>com.kms.katalon.core.logging.XmlKeywordLogger</class>
  <method>logMessage</method>
  <thread>1</thread>
  <message>Object: &amp;apos;Object Repository/NouvelleReservations/Page_Application Hissab/button_Nouvelle Reservation&amp;apos; is clicked on</message>
  <nestedLevel>1</nestedLevel>
</record>
<record>
  <date>2019-10-19T23:32:35</date>
  <millis>1571520755937</millis>
  <sequence>96</sequence>
  <level>END</level>
  <class>com.kms.katalon.core.logging.XmlKeywordLogger</class>
  <method>endKeyword</method>
  <thread>1</thread>
  <message>End action : click(findTestObject(\&amp;quot;Object Repository/NouvelleReservations/Page_Application Hissab/button_Nouvelle Reservation\&amp;quot;))</message>
  <nestedLevel>1</nestedLevel>
</record>
<record>
  <date>2019-10-19T23:32:35</date>
  <millis>1571520755937</millis>
  <sequence>97</sequence>
  <level>START</level>
  <class>com.kms.katalon.core.logging.XmlKeywordLogger</class>
  <method>startKeyword</method>
  <thread>1</thread>
  <message>Start action : selectOptionByValue(findTestObject(\&amp;quot;Object Repository/NouvelleReservations/Page_Application Hissab/select_Appartement 0Appartemen\&amp;quot;), \&amp;quot;Appartement 0\&amp;quot;, true)</message>
  <nestedLevel>1</nestedLevel>
  <property name="startLine">21</property>
  <property name="stepIndex">3</property>
</record>
<record>
  <date>2019-10-19T23:32:36</date>
  <millis>1571520756226</millis>
  <sequence>106</sequence>
  <level>PASSED</level>
  <class>com.kms.katalon.core.logging.XmlKeywordLogger</class>
  <method>logMessage</method>
  <thread>1</thread>
  <message>All options with value &amp;apos;Appartement 0&amp;apos; are selected in object &amp;apos;Object Repository/NouvelleReservations/Page_Application Hissab/select_Appartement 0Appartemen&amp;apos;  using regular expression</message>
  <nestedLevel>1</nestedLevel>
</record>
<record>
  <date>2019-10-19T23:32:36</date>
  <millis>1571520756227</millis>
  <sequence>107</sequence>
  <level>END</level>
  <class>com.kms.katalon.core.logging.XmlKeywordLogger</class>
  <method>endKeyword</method>
  <thread>1</thread>
  <message>End action : selectOptionByValue(findTestObject(\&amp;quot;Object Repository/NouvelleReservations/Page_Application Hissab/select_Appartement 0Appartemen\&amp;quot;), \&amp;quot;Appartement 0\&amp;quot;, true)</message>
  <nestedLevel>1</nestedLevel>
</record>
<record>
  <date>2019-10-19T23:32:36</date>
  <millis>1571520756228</millis>
  <sequence>108</sequence>
  <level>START</level>
  <class>com.kms.katalon.core.logging.XmlKeywordLogger</class>
  <method>startKeyword</method>
  <thread>1</thread>
  <message>Start action : setText(findTestObject(\&amp;quot;Object Repository/NouvelleReservations/Page_Application Hissab/input_Nom complet_nomcomplet\&amp;quot;), Nom_Client)</message>
  <nestedLevel>1</nestedLevel>
  <property name="startLine">24</property>
  <property name="stepIndex">4</property>
</record>
<record>
  <date>2019-10-19T23:32:36</date>
  <millis>1571520756451</millis>
  <sequence>120</sequence>
  <level>PASSED</level>
  <class>com.kms.katalon.core.logging.XmlKeywordLogger</class>
  <method>logMessage</method>
  <thread>1</thread>
  <message>Text &amp;apos; Nicolas Sarkozy&amp;apos; is set on object &amp;apos;Object Repository/NouvelleReservations/Page_Application Hissab/input_Nom complet_nomcomplet&amp;apos;</message>
  <nestedLevel>1</nestedLevel>
</record>
<record>
  <date>2019-10-19T23:32:36</date>
  <millis>1571520756452</millis>
  <sequence>121</sequence>
  <level>END</level>
  <class>com.kms.katalon.core.logging.XmlKeywordLogger</class>
  <method>endKeyword</method>
  <thread>1</thread>
  <message>End action : setText(findTestObject(\&amp;quot;Object Repository/NouvelleReservations/Page_Application Hissab/input_Nom complet_nomcomplet\&amp;quot;), Nom_Client)</message>
  <nestedLevel>1</nestedLevel>
</record>
<record>
  <date>2019-10-19T23:32:36</date>
  <millis>1571520756453</millis>
  <sequence>122</sequence>
  <level>START</level>
  <class>com.kms.katalon.core.logging.XmlKeywordLogger</class>
  <method>startKeyword</method>
  <thread>1</thread>
  <message>Start action : sendKeys(findTestObject(\&amp;quot;Object Repository/NouvelleReservations/Page_Application Hissab/input_Tlphone_phone\&amp;quot;), Keys.chord(ENTER))</message>
  <nestedLevel>1</nestedLevel>
  <property name="startLine">27</property>
  <property name="stepIndex">5</property>
</record>
<record>
  <date>2019-10-19T23:32:36</date>
  <millis>1571520756555</millis>
  <sequence>128</sequence>
  <level>PASSED</level>
  <class>com.kms.katalon.core.logging.XmlKeywordLogger</class>
  <method>logMessage</method>
  <thread>1</thread>
  <message>Keys &amp;apos;ENTER + &amp;apos; sent to object: &amp;apos;Object Repository/NouvelleReservations/Page_Application Hissab/input_Tlphone_phone&amp;apos;</message>
  <nestedLevel>1</nestedLevel>
</record>
<record>
  <date>2019-10-19T23:32:36</date>
  <millis>1571520756556</millis>
  <sequence>129</sequence>
  <level>END</level>
  <class>com.kms.katalon.core.logging.XmlKeywordLogger</class>
  <method>endKeyword</method>
  <thread>1</thread>
  <message>End action : sendKeys(findTestObject(\&amp;quot;Object Repository/NouvelleReservations/Page_Application Hissab/input_Tlphone_phone\&amp;quot;), Keys.chord(ENTER))</message>
  <nestedLevel>1</nestedLevel>
</record>
<record>
  <date>2019-10-19T23:32:36</date>
  <millis>1571520756556</millis>
  <sequence>130</sequence>
  <level>START</level>
  <class>com.kms.katalon.core.logging.XmlKeywordLogger</class>
  <method>startKeyword</method>
  <thread>1</thread>
  <message>Start action : setText(findTestObject(\&amp;quot;Object Repository/NouvelleReservations/Page_Application Hissab/input_Tlphone_phone\&amp;quot;), \&amp;quot;33699089798\&amp;quot;)</message>
  <nestedLevel>1</nestedLevel>
  <property name="startLine">30</property>
  <property name="stepIndex">6</property>
</record>
<record>
  <date>2019-10-19T23:32:36</date>
  <millis>1571520756816</millis>
  <sequence>142</sequence>
  <level>PASSED</level>
  <class>com.kms.katalon.core.logging.XmlKeywordLogger</class>
  <method>logMessage</method>
  <thread>1</thread>
  <message>Text &amp;apos;33699089798&amp;apos; is set on object &amp;apos;Object Repository/NouvelleReservations/Page_Application Hissab/input_Tlphone_phone&amp;apos;</message>
  <nestedLevel>1</nestedLevel>
</record>
<record>
  <date>2019-10-19T23:32:36</date>
  <millis>1571520756817</millis>
  <sequence>143</sequence>
  <level>END</level>
  <class>com.kms.katalon.core.logging.XmlKeywordLogger</class>
  <method>endKeyword</method>
  <thread>1</thread>
  <message>End action : setText(findTestObject(\&amp;quot;Object Repository/NouvelleReservations/Page_Application Hissab/input_Tlphone_phone\&amp;quot;), \&amp;quot;33699089798\&amp;quot;)</message>
  <nestedLevel>1</nestedLevel>
</record>
<record>
  <date>2019-10-19T23:32:36</date>
  <millis>1571520756817</millis>
  <sequence>144</sequence>
  <level>START</level>
  <class>com.kms.katalon.core.logging.XmlKeywordLogger</class>
  <method>startKeyword</method>
  <thread>1</thread>
  <message>Start action : setText(findTestObject(\&amp;quot;Object Repository/NouvelleReservations/Page_Application Hissab/input_Prix_prix\&amp;quot;), Prix)</message>
  <nestedLevel>1</nestedLevel>
  <property name="startLine">32</property>
  <property name="stepIndex">7</property>
</record>
<record>
  <date>2019-10-19T23:32:36</date>
  <millis>1571520756982</millis>
  <sequence>156</sequence>
  <level>PASSED</level>
  <class>com.kms.katalon.core.logging.XmlKeywordLogger</class>
  <method>logMessage</method>
  <thread>1</thread>
  <message>Text &amp;apos; 1200&amp;apos; is set on object &amp;apos;Object Repository/NouvelleReservations/Page_Application Hissab/input_Prix_prix&amp;apos;</message>
  <nestedLevel>1</nestedLevel>
</record>
<record>
  <date>2019-10-19T23:32:36</date>
  <millis>1571520756983</millis>
  <sequence>157</sequence>
  <level>END</level>
  <class>com.kms.katalon.core.logging.XmlKeywordLogger</class>
  <method>endKeyword</method>
  <thread>1</thread>
  <message>End action : setText(findTestObject(\&amp;quot;Object Repository/NouvelleReservations/Page_Application Hissab/input_Prix_prix\&amp;quot;), Prix)</message>
  <nestedLevel>1</nestedLevel>
</record>
<record>
  <date>2019-10-19T23:32:36</date>
  <millis>1571520756984</millis>
  <sequence>158</sequence>
  <level>START</level>
  <class>com.kms.katalon.core.logging.XmlKeywordLogger</class>
  <method>startKeyword</method>
  <thread>1</thread>
  <message>Start action : selectOptionByValue(findTestObject(\&amp;quot;Object Repository/NouvelleReservations/Page_Application Hissab/select_EurosDirhams\&amp;quot;), \&amp;quot;Dirhams\&amp;quot;, true)</message>
  <nestedLevel>1</nestedLevel>
  <property name="startLine">34</property>
  <property name="stepIndex">8</property>
</record>
<record>
  <date>2019-10-19T23:32:37</date>
  <millis>1571520757151</millis>
  <sequence>167</sequence>
  <level>PASSED</level>
  <class>com.kms.katalon.core.logging.XmlKeywordLogger</class>
  <method>logMessage</method>
  <thread>1</thread>
  <message>All options with value &amp;apos;Dirhams&amp;apos; are selected in object &amp;apos;Object Repository/NouvelleReservations/Page_Application Hissab/select_EurosDirhams&amp;apos;  using regular expression</message>
  <nestedLevel>1</nestedLevel>
</record>
<record>
  <date>2019-10-19T23:32:37</date>
  <millis>1571520757152</millis>
  <sequence>168</sequence>
  <level>END</level>
  <class>com.kms.katalon.core.logging.XmlKeywordLogger</class>
  <method>endKeyword</method>
  <thread>1</thread>
  <message>End action : selectOptionByValue(findTestObject(\&amp;quot;Object Repository/NouvelleReservations/Page_Application Hissab/select_EurosDirhams\&amp;quot;), \&amp;quot;Dirhams\&amp;quot;, true)</message>
  <nestedLevel>1</nestedLevel>
</record>
<record>
  <date>2019-10-19T23:32:37</date>
  <millis>1571520757152</millis>
  <sequence>169</sequence>
  <level>START</level>
  <class>com.kms.katalon.core.logging.XmlKeywordLogger</class>
  <method>startKeyword</method>
  <thread>1</thread>
  <message>Start action : selectOptionByValue(findTestObject(\&amp;quot;Object Repository/NouvelleReservations/Page_Application Hissab/select_A pay en ligneVa payer\&amp;quot;), \&amp;quot;A pay\u00E9 en ligne\&amp;quot;, true)</message>
  <nestedLevel>1</nestedLevel>
  <property name="startLine">37</property>
  <property name="stepIndex">9</property>
</record>
<record>
  <date>2019-10-19T23:32:37</date>
  <millis>1571520757380</millis>
  <sequence>178</sequence>
  <level>PASSED</level>
  <class>com.kms.katalon.core.logging.XmlKeywordLogger</class>
  <method>logMessage</method>
  <thread>1</thread>
  <message>All options with value &amp;apos;A pay\u00E9 en ligne&amp;apos; are selected in object &amp;apos;Object Repository/NouvelleReservations/Page_Application Hissab/select_A pay en ligneVa payer&amp;apos;  using regular expression</message>
  <nestedLevel>1</nestedLevel>
</record>
<record>
  <date>2019-10-19T23:32:37</date>
  <millis>1571520757382</millis>
  <sequence>179</sequence>
  <level>END</level>
  <class>com.kms.katalon.core.logging.XmlKeywordLogger</class>
  <method>endKeyword</method>
  <thread>1</thread>
  <message>End action : selectOptionByValue(findTestObject(\&amp;quot;Object Repository/NouvelleReservations/Page_Application Hissab/select_A pay en ligneVa payer\&amp;quot;), \&amp;quot;A pay\u00E9 en ligne\&amp;quot;, true)</message>
  <nestedLevel>1</nestedLevel>
</record>
<record>
  <date>2019-10-19T23:32:37</date>
  <millis>1571520757382</millis>
  <sequence>180</sequence>
  <level>START</level>
  <class>com.kms.katalon.core.logging.XmlKeywordLogger</class>
  <method>startKeyword</method>
  <thread>1</thread>
  <message>Start action : selectOptionByValue(findTestObject(\&amp;quot;Object Repository/NouvelleReservations/Page_Application Hissab/select_012345678 et\&amp;quot;), \&amp;quot;2\&amp;quot;, true)</message>
  <nestedLevel>1</nestedLevel>
  <property name="startLine">40</property>
  <property name="stepIndex">10</property>
</record>
<record>
  <date>2019-10-19T23:32:37</date>
  <millis>1571520757651</millis>
  <sequence>189</sequence>
  <level>PASSED</level>
  <class>com.kms.katalon.core.logging.XmlKeywordLogger</class>
  <method>logMessage</method>
  <thread>1</thread>
  <message>All options with value &amp;apos;2&amp;apos; are selected in object &amp;apos;Object Repository/NouvelleReservations/Page_Application Hissab/select_012345678 et&amp;apos;  using regular expression</message>
  <nestedLevel>1</nestedLevel>
</record>
<record>
  <date>2019-10-19T23:32:37</date>
  <millis>1571520757653</millis>
  <sequence>190</sequence>
  <level>END</level>
  <class>com.kms.katalon.core.logging.XmlKeywordLogger</class>
  <method>endKeyword</method>
  <thread>1</thread>
  <message>End action : selectOptionByValue(findTestObject(\&amp;quot;Object Repository/NouvelleReservations/Page_Application Hissab/select_012345678 et\&amp;quot;), \&amp;quot;2\&amp;quot;, true)</message>
  <nestedLevel>1</nestedLevel>
</record>
<record>
  <date>2019-10-19T23:32:37</date>
  <millis>1571520757654</millis>
  <sequence>191</sequence>
  <level>START</level>
  <class>com.kms.katalon.core.logging.XmlKeywordLogger</class>
  <method>startKeyword</method>
  <thread>1</thread>
  <message>Start action : selectOptionByValue(findTestObject(\&amp;quot;Object Repository/NouvelleReservations/Page_Application Hissab/select_012345678 et _1\&amp;quot;), \&amp;quot;3\&amp;quot;, true)</message>
  <nestedLevel>1</nestedLevel>
  <property name="startLine">43</property>
  <property name="stepIndex">11</property>
</record>
<record>
  <date>2019-10-19T23:32:37</date>
  <millis>1571520757917</millis>
  <sequence>200</sequence>
  <level>PASSED</level>
  <class>com.kms.katalon.core.logging.XmlKeywordLogger</class>
  <method>logMessage</method>
  <thread>1</thread>
  <message>All options with value &amp;apos;3&amp;apos; are selected in object &amp;apos;Object Repository/NouvelleReservations/Page_Application Hissab/select_012345678 et _1&amp;apos;  using regular expression</message>
  <nestedLevel>1</nestedLevel>
</record>
<record>
  <date>2019-10-19T23:32:37</date>
  <millis>1571520757918</millis>
  <sequence>201</sequence>
  <level>END</level>
  <class>com.kms.katalon.core.logging.XmlKeywordLogger</class>
  <method>endKeyword</method>
  <thread>1</thread>
  <message>End action : selectOptionByValue(findTestObject(\&amp;quot;Object Repository/NouvelleReservations/Page_Application Hissab/select_012345678 et _1\&amp;quot;), \&amp;quot;3\&amp;quot;, true)</message>
  <nestedLevel>1</nestedLevel>
</record>
<record>
  <date>2019-10-19T23:32:37</date>
  <millis>1571520757918</millis>
  <sequence>202</sequence>
  <level>START</level>
  <class>com.kms.katalon.core.logging.XmlKeywordLogger</class>
  <method>startKeyword</method>
  <thread>1</thread>
  <message>Start action : setText(findTestObject(\&amp;quot;Object Repository/NouvelleReservations/Page_Application Hissab/textarea_Commentaires (faculta\&amp;quot;), Comments)</message>
  <nestedLevel>1</nestedLevel>
  <property name="startLine">46</property>
  <property name="stepIndex">12</property>
</record>
<record>
  <date>2019-10-19T23:32:38</date>
  <millis>1571520758169</millis>
  <sequence>214</sequence>
  <level>PASSED</level>
  <class>com.kms.katalon.core.logging.XmlKeywordLogger</class>
  <method>logMessage</method>
  <thread>1</thread>
  <message>Text &amp;apos; Voici mon commentaire&amp;apos; is set on object &amp;apos;Object Repository/NouvelleReservations/Page_Application Hissab/textarea_Commentaires (faculta&amp;apos;</message>
  <nestedLevel>1</nestedLevel>
</record>
<record>
  <date>2019-10-19T23:32:38</date>
  <millis>1571520758170</millis>
  <sequence>215</sequence>
  <level>END</level>
  <class>com.kms.katalon.core.logging.XmlKeywordLogger</class>
  <method>endKeyword</method>
  <thread>1</thread>
  <message>End action : setText(findTestObject(\&amp;quot;Object Repository/NouvelleReservations/Page_Application Hissab/textarea_Commentaires (faculta\&amp;quot;), Comments)</message>
  <nestedLevel>1</nestedLevel>
</record>
<record>
  <date>2019-10-19T23:32:38</date>
  <millis>1571520758171</millis>
  <sequence>216</sequence>
  <level>START</level>
  <class>com.kms.katalon.core.logging.XmlKeywordLogger</class>
  <method>startKeyword</method>
  <thread>1</thread>
  <message>Start action : scrollToElement(findTestObject(\&amp;quot;NouvelleReservations/Page_Application Hissab/button_Enregistrer\&amp;quot;), 0)</message>
  <nestedLevel>1</nestedLevel>
  <property name="startLine">49</property>
  <property name="stepIndex">13</property>
</record>
<record>
  <date>2019-10-19T23:32:38</date>
  <millis>1571520758176</millis>
  <sequence>220</sequence>
  <level>WARNING</level>
  <class>com.kms.katalon.core.logging.XmlKeywordLogger</class>
  <method>logMessage</method>
  <thread>1</thread>
  <message>Timeout &amp;apos;0&amp;apos; is invalid. Using default page load timeout: &amp;apos;30&amp;apos;</message>
  <nestedLevel>1</nestedLevel>
</record>
<record>
  <date>2019-10-19T23:32:38</date>
  <millis>1571520758240</millis>
  <sequence>225</sequence>
  <level>PASSED</level>
  <class>com.kms.katalon.core.logging.XmlKeywordLogger</class>
  <method>logMessage</method>
  <thread>1</thread>
  <message>Scroll to object &amp;apos;Object Repository/NouvelleReservations/Page_Application Hissab/button_Enregistrer&amp;apos; successfully</message>
  <nestedLevel>1</nestedLevel>
</record>
<record>
  <date>2019-10-19T23:32:38</date>
  <millis>1571520758241</millis>
  <sequence>226</sequence>
  <level>END</level>
  <class>com.kms.katalon.core.logging.XmlKeywordLogger</class>
  <method>endKeyword</method>
  <thread>1</thread>
  <message>End action : scrollToElement(findTestObject(\&amp;quot;NouvelleReservations/Page_Application Hissab/button_Enregistrer\&amp;quot;), 0)</message>
  <nestedLevel>1</nestedLevel>
</record>
<record>
  <date>2019-10-19T23:32:38</date>
  <millis>1571520758241</millis>
  <sequence>227</sequence>
  <level>START</level>
  <class>com.kms.katalon.core.logging.XmlKeywordLogger</class>
  <method>startKeyword</method>
  <thread>1</thread>
  <message>Start action : click(findTestObject(\&amp;quot;Object Repository/NouvelleReservations/Page_Application Hissab/button_Enregistrer\&amp;quot;))</message>
  <nestedLevel>1</nestedLevel>
  <property name="startLine">51</property>
  <property name="stepIndex">14</property>
</record>
<record>
  <date>2019-10-19T23:32:38</date>
  <millis>1571520758462</millis>
  <sequence>234</sequence>
  <level>PASSED</level>
  <class>com.kms.katalon.core.logging.XmlKeywordLogger</class>
  <method>logMessage</method>
  <thread>1</thread>
  <message>Object: &amp;apos;Object Repository/NouvelleReservations/Page_Application Hissab/button_Enregistrer&amp;apos; is clicked on</message>
  <nestedLevel>1</nestedLevel>
</record>
<record>
  <date>2019-10-19T23:32:38</date>
  <millis>1571520758463</millis>
  <sequence>235</sequence>
  <level>END</level>
  <class>com.kms.katalon.core.logging.XmlKeywordLogger</class>
  <method>endKeyword</method>
  <thread>1</thread>
  <message>End action : click(findTestObject(\&amp;quot;Object Repository/NouvelleReservations/Page_Application Hissab/button_Enregistrer\&amp;quot;))</message>
  <nestedLevel>1</nestedLevel>
</record>
<record>
  <date>2019-10-19T23:32:38</date>
  <millis>1571520758463</millis>
  <sequence>236</sequence>
  <level>PASSED</level>
  <class>com.kms.katalon.core.logging.XmlKeywordLogger</class>
  <method>logMessage</method>
  <thread>1</thread>
  <message>Test Cases/NewReservation</message>
  <nestedLevel>1</nestedLevel>
</record>
<record>
  <date>2019-10-19T23:32:38</date>
  <millis>1571520758464</millis>
  <sequence>237</sequence>
  <level>END</level>
  <class>com.kms.katalon.core.logging.XmlKeywordLogger</class>
  <method>endTest</method>
  <thread>1</thread>
  <message>End Test Case : Test Cases/NewReservation</message>
  <nestedLevel>0</nestedLevel>
</record>
<record>
  <date>2019-10-19T23:32:38</date>
  <millis>1571520758469</millis>
  <sequence>238</sequence>
  <level>START</level>
  <class>com.kms.katalon.core.logging.XmlKeywordLogger</class>
  <method>startTest</method>
  <thread>1</thread>
  <message>Start Test Case : Test Cases/NewReservation</message>
  <nestedLevel>1</nestedLevel>
  <property name="name">Test Cases/NewReservation</property>
  <property name="description"></property>
  <property name="id">Test Cases/NewReservation</property>
  <property name="source">C:\\Users\\bouda\\Katalon Studio\\Hissab\\Test Cases\\NewReservation.tc</property>
  <property name="isOptional">false</property>
</record>
<record>
  <date>2019-10-19T23:32:38</date>
  <millis>1571520758483</millis>
  <sequence>240</sequence>
  <level>INFO</level>
  <class>com.kms.katalon.core.logging.XmlKeywordLogger</class>
  <method>logMessage</method>
  <thread>1</thread>
  <message>Nom_Client =  Jacques Chirac</message>
  <nestedLevel>1</nestedLevel>
</record>
<record>
  <date>2019-10-19T23:32:38</date>
  <millis>1571520758483</millis>
  <sequence>241</sequence>
  <level>INFO</level>
  <class>com.kms.katalon.core.logging.XmlKeywordLogger</class>
  <method>logMessage</method>
  <thread>1</thread>
  <message>Prix =  400</message>
  <nestedLevel>1</nestedLevel>
</record>
<record>
  <date>2019-10-19T23:32:38</date>
  <millis>1571520758484</millis>
  <sequence>242</sequence>
  <level>INFO</level>
  <class>com.kms.katalon.core.logging.XmlKeywordLogger</class>
  <method>logMessage</method>
  <thread>1</thread>
  <message>Comments =  Riji m3a 2h diel sba7</message>
  <nestedLevel>1</nestedLevel>
</record>
<record>
  <date>2019-10-19T23:32:38</date>
  <millis>1571520758485</millis>
  <sequence>243</sequence>
  <level>START</level>
  <class>com.kms.katalon.core.logging.XmlKeywordLogger</class>
  <method>startKeyword</method>
  <thread>1</thread>
  <message>Start action : scrollToElement(findTestObject(\&amp;quot;NouvelleReservations/Page_Application Hissab/button_Nouvelle Reservation\&amp;quot;), 0)</message>
  <nestedLevel>1</nestedLevel>
  <property name="startLine">17</property>
  <property name="stepIndex">1</property>
</record>
<record>
  <date>2019-10-19T23:32:38</date>
  <millis>1571520758491</millis>
  <sequence>247</sequence>
  <level>WARNING</level>
  <class>com.kms.katalon.core.logging.XmlKeywordLogger</class>
  <method>logMessage</method>
  <thread>1</thread>
  <message>Timeout &amp;apos;0&amp;apos; is invalid. Using default page load timeout: &amp;apos;30&amp;apos;</message>
  <nestedLevel>1</nestedLevel>
</record>
<record>
  <date>2019-10-19T23:32:38</date>
  <millis>1571520758515</millis>
  <sequence>252</sequence>
  <level>PASSED</level>
  <class>com.kms.katalon.core.logging.XmlKeywordLogger</class>
  <method>logMessage</method>
  <thread>1</thread>
  <message>Scroll to object &amp;apos;Object Repository/NouvelleReservations/Page_Application Hissab/button_Nouvelle Reservation&amp;apos; successfully</message>
  <nestedLevel>1</nestedLevel>
</record>
<record>
  <date>2019-10-19T23:32:38</date>
  <millis>1571520758516</millis>
  <sequence>253</sequence>
  <level>END</level>
  <class>com.kms.katalon.core.logging.XmlKeywordLogger</class>
  <method>endKeyword</method>
  <thread>1</thread>
  <message>End action : scrollToElement(findTestObject(\&amp;quot;NouvelleReservations/Page_Application Hissab/button_Nouvelle Reservation\&amp;quot;), 0)</message>
  <nestedLevel>1</nestedLevel>
</record>
<record>
  <date>2019-10-19T23:32:38</date>
  <millis>1571520758517</millis>
  <sequence>254</sequence>
  <level>START</level>
  <class>com.kms.katalon.core.logging.XmlKeywordLogger</class>
  <method>startKeyword</method>
  <thread>1</thread>
  <message>Start action : click(findTestObject(\&amp;quot;Object Repository/NouvelleReservations/Page_Application Hissab/button_Nouvelle Reservation\&amp;quot;))</message>
  <nestedLevel>1</nestedLevel>
  <property name="startLine">19</property>
  <property name="stepIndex">2</property>
</record>
<record>
  <date>2019-10-19T23:32:38</date>
  <millis>1571520758630</millis>
  <sequence>261</sequence>
  <level>PASSED</level>
  <class>com.kms.katalon.core.logging.XmlKeywordLogger</class>
  <method>logMessage</method>
  <thread>1</thread>
  <message>Object: &amp;apos;Object Repository/NouvelleReservations/Page_Application Hissab/button_Nouvelle Reservation&amp;apos; is clicked on</message>
  <nestedLevel>1</nestedLevel>
</record>
<record>
  <date>2019-10-19T23:32:38</date>
  <millis>1571520758630</millis>
  <sequence>262</sequence>
  <level>END</level>
  <class>com.kms.katalon.core.logging.XmlKeywordLogger</class>
  <method>endKeyword</method>
  <thread>1</thread>
  <message>End action : click(findTestObject(\&amp;quot;Object Repository/NouvelleReservations/Page_Application Hissab/button_Nouvelle Reservation\&amp;quot;))</message>
  <nestedLevel>1</nestedLevel>
</record>
<record>
  <date>2019-10-19T23:32:38</date>
  <millis>1571520758631</millis>
  <sequence>263</sequence>
  <level>START</level>
  <class>com.kms.katalon.core.logging.XmlKeywordLogger</class>
  <method>startKeyword</method>
  <thread>1</thread>
  <message>Start action : selectOptionByValue(findTestObject(\&amp;quot;Object Repository/NouvelleReservations/Page_Application Hissab/select_Appartement 0Appartemen\&amp;quot;), \&amp;quot;Appartement 0\&amp;quot;, true)</message>
  <nestedLevel>1</nestedLevel>
  <property name="startLine">21</property>
  <property name="stepIndex">3</property>
</record>
<record>
  <date>2019-10-19T23:32:38</date>
  <millis>1571520758848</millis>
  <sequence>272</sequence>
  <level>PASSED</level>
  <class>com.kms.katalon.core.logging.XmlKeywordLogger</class>
  <method>logMessage</method>
  <thread>1</thread>
  <message>All options with value &amp;apos;Appartement 0&amp;apos; are selected in object &amp;apos;Object Repository/NouvelleReservations/Page_Application Hissab/select_Appartement 0Appartemen&amp;apos;  using regular expression</message>
  <nestedLevel>1</nestedLevel>
</record>
<record>
  <date>2019-10-19T23:32:38</date>
  <millis>1571520758849</millis>
  <sequence>273</sequence>
  <level>END</level>
  <class>com.kms.katalon.core.logging.XmlKeywordLogger</class>
  <method>endKeyword</method>
  <thread>1</thread>
  <message>End action : selectOptionByValue(findTestObject(\&amp;quot;Object Repository/NouvelleReservations/Page_Application Hissab/select_Appartement 0Appartemen\&amp;quot;), \&amp;quot;Appartement 0\&amp;quot;, true)</message>
  <nestedLevel>1</nestedLevel>
</record>
<record>
  <date>2019-10-19T23:32:38</date>
  <millis>1571520758850</millis>
  <sequence>274</sequence>
  <level>START</level>
  <class>com.kms.katalon.core.logging.XmlKeywordLogger</class>
  <method>startKeyword</method>
  <thread>1</thread>
  <message>Start action : setText(findTestObject(\&amp;quot;Object Repository/NouvelleReservations/Page_Application Hissab/input_Nom complet_nomcomplet\&amp;quot;), Nom_Client)</message>
  <nestedLevel>1</nestedLevel>
  <property name="startLine">24</property>
  <property name="stepIndex">4</property>
</record>
<record>
  <date>2019-10-19T23:32:39</date>
  <millis>1571520759067</millis>
  <sequence>286</sequence>
  <level>PASSED</level>
  <class>com.kms.katalon.core.logging.XmlKeywordLogger</class>
  <method>logMessage</method>
  <thread>1</thread>
  <message>Text &amp;apos; Jacques Chirac&amp;apos; is set on object &amp;apos;Object Repository/NouvelleReservations/Page_Application Hissab/input_Nom complet_nomcomplet&amp;apos;</message>
  <nestedLevel>1</nestedLevel>
</record>
<record>
  <date>2019-10-19T23:32:39</date>
  <millis>1571520759068</millis>
  <sequence>287</sequence>
  <level>END</level>
  <class>com.kms.katalon.core.logging.XmlKeywordLogger</class>
  <method>endKeyword</method>
  <thread>1</thread>
  <message>End action : setText(findTestObject(\&amp;quot;Object Repository/NouvelleReservations/Page_Application Hissab/input_Nom complet_nomcomplet\&amp;quot;), Nom_Client)</message>
  <nestedLevel>1</nestedLevel>
</record>
<record>
  <date>2019-10-19T23:32:39</date>
  <millis>1571520759068</millis>
  <sequence>288</sequence>
  <level>START</level>
  <class>com.kms.katalon.core.logging.XmlKeywordLogger</class>
  <method>startKeyword</method>
  <thread>1</thread>
  <message>Start action : sendKeys(findTestObject(\&amp;quot;Object Repository/NouvelleReservations/Page_Application Hissab/input_Tlphone_phone\&amp;quot;), Keys.chord(ENTER))</message>
  <nestedLevel>1</nestedLevel>
  <property name="startLine">27</property>
  <property name="stepIndex">5</property>
</record>
<record>
  <date>2019-10-19T23:32:39</date>
  <millis>1571520759133</millis>
  <sequence>294</sequence>
  <level>PASSED</level>
  <class>com.kms.katalon.core.logging.XmlKeywordLogger</class>
  <method>logMessage</method>
  <thread>1</thread>
  <message>Keys &amp;apos;ENTER + &amp;apos; sent to object: &amp;apos;Object Repository/NouvelleReservations/Page_Application Hissab/input_Tlphone_phone&amp;apos;</message>
  <nestedLevel>1</nestedLevel>
</record>
<record>
  <date>2019-10-19T23:32:39</date>
  <millis>1571520759133</millis>
  <sequence>295</sequence>
  <level>END</level>
  <class>com.kms.katalon.core.logging.XmlKeywordLogger</class>
  <method>endKeyword</method>
  <thread>1</thread>
  <message>End action : sendKeys(findTestObject(\&amp;quot;Object Repository/NouvelleReservations/Page_Application Hissab/input_Tlphone_phone\&amp;quot;), Keys.chord(ENTER))</message>
  <nestedLevel>1</nestedLevel>
</record>
<record>
  <date>2019-10-19T23:32:39</date>
  <millis>1571520759134</millis>
  <sequence>296</sequence>
  <level>START</level>
  <class>com.kms.katalon.core.logging.XmlKeywordLogger</class>
  <method>startKeyword</method>
  <thread>1</thread>
  <message>Start action : setText(findTestObject(\&amp;quot;Object Repository/NouvelleReservations/Page_Application Hissab/input_Tlphone_phone\&amp;quot;), \&amp;quot;33699089798\&amp;quot;)</message>
  <nestedLevel>1</nestedLevel>
  <property name="startLine">30</property>
  <property name="stepIndex">6</property>
</record>
<record>
  <date>2019-10-19T23:32:39</date>
  <millis>1571520759336</millis>
  <sequence>308</sequence>
  <level>PASSED</level>
  <class>com.kms.katalon.core.logging.XmlKeywordLogger</class>
  <method>logMessage</method>
  <thread>1</thread>
  <message>Text &amp;apos;33699089798&amp;apos; is set on object &amp;apos;Object Repository/NouvelleReservations/Page_Application Hissab/input_Tlphone_phone&amp;apos;</message>
  <nestedLevel>1</nestedLevel>
</record>
<record>
  <date>2019-10-19T23:32:39</date>
  <millis>1571520759337</millis>
  <sequence>309</sequence>
  <level>END</level>
  <class>com.kms.katalon.core.logging.XmlKeywordLogger</class>
  <method>endKeyword</method>
  <thread>1</thread>
  <message>End action : setText(findTestObject(\&amp;quot;Object Repository/NouvelleReservations/Page_Application Hissab/input_Tlphone_phone\&amp;quot;), \&amp;quot;33699089798\&amp;quot;)</message>
  <nestedLevel>1</nestedLevel>
</record>
<record>
  <date>2019-10-19T23:32:39</date>
  <millis>1571520759337</millis>
  <sequence>310</sequence>
  <level>START</level>
  <class>com.kms.katalon.core.logging.XmlKeywordLogger</class>
  <method>startKeyword</method>
  <thread>1</thread>
  <message>Start action : setText(findTestObject(\&amp;quot;Object Repository/NouvelleReservations/Page_Application Hissab/input_Prix_prix\&amp;quot;), Prix)</message>
  <nestedLevel>1</nestedLevel>
  <property name="startLine">32</property>
  <property name="stepIndex">7</property>
</record>
<record>
  <date>2019-10-19T23:32:39</date>
  <millis>1571520759483</millis>
  <sequence>322</sequence>
  <level>PASSED</level>
  <class>com.kms.katalon.core.logging.XmlKeywordLogger</class>
  <method>logMessage</method>
  <thread>1</thread>
  <message>Text &amp;apos; 400&amp;apos; is set on object &amp;apos;Object Repository/NouvelleReservations/Page_Application Hissab/input_Prix_prix&amp;apos;</message>
  <nestedLevel>1</nestedLevel>
</record>
<record>
  <date>2019-10-19T23:32:39</date>
  <millis>1571520759483</millis>
  <sequence>323</sequence>
  <level>END</level>
  <class>com.kms.katalon.core.logging.XmlKeywordLogger</class>
  <method>endKeyword</method>
  <thread>1</thread>
  <message>End action : setText(findTestObject(\&amp;quot;Object Repository/NouvelleReservations/Page_Application Hissab/input_Prix_prix\&amp;quot;), Prix)</message>
  <nestedLevel>1</nestedLevel>
</record>
<record>
  <date>2019-10-19T23:32:39</date>
  <millis>1571520759484</millis>
  <sequence>324</sequence>
  <level>START</level>
  <class>com.kms.katalon.core.logging.XmlKeywordLogger</class>
  <method>startKeyword</method>
  <thread>1</thread>
  <message>Start action : selectOptionByValue(findTestObject(\&amp;quot;Object Repository/NouvelleReservations/Page_Application Hissab/select_EurosDirhams\&amp;quot;), \&amp;quot;Dirhams\&amp;quot;, true)</message>
  <nestedLevel>1</nestedLevel>
  <property name="startLine">34</property>
  <property name="stepIndex">8</property>
</record>
<record>
  <date>2019-10-19T23:32:39</date>
  <millis>1571520759657</millis>
  <sequence>333</sequence>
  <level>PASSED</level>
  <class>com.kms.katalon.core.logging.XmlKeywordLogger</class>
  <method>logMessage</method>
  <thread>1</thread>
  <message>All options with value &amp;apos;Dirhams&amp;apos; are selected in object &amp;apos;Object Repository/NouvelleReservations/Page_Application Hissab/select_EurosDirhams&amp;apos;  using regular expression</message>
  <nestedLevel>1</nestedLevel>
</record>
<record>
  <date>2019-10-19T23:32:39</date>
  <millis>1571520759658</millis>
  <sequence>334</sequence>
  <level>END</level>
  <class>com.kms.katalon.core.logging.XmlKeywordLogger</class>
  <method>endKeyword</method>
  <thread>1</thread>
  <message>End action : selectOptionByValue(findTestObject(\&amp;quot;Object Repository/NouvelleReservations/Page_Application Hissab/select_EurosDirhams\&amp;quot;), \&amp;quot;Dirhams\&amp;quot;, true)</message>
  <nestedLevel>1</nestedLevel>
</record>
<record>
  <date>2019-10-19T23:32:39</date>
  <millis>1571520759658</millis>
  <sequence>335</sequence>
  <level>START</level>
  <class>com.kms.katalon.core.logging.XmlKeywordLogger</class>
  <method>startKeyword</method>
  <thread>1</thread>
  <message>Start action : selectOptionByValue(findTestObject(\&amp;quot;Object Repository/NouvelleReservations/Page_Application Hissab/select_A pay en ligneVa payer\&amp;quot;), \&amp;quot;A pay\u00E9 en ligne\&amp;quot;, true)</message>
  <nestedLevel>1</nestedLevel>
  <property name="startLine">37</property>
  <property name="stepIndex">9</property>
</record>
<record>
  <date>2019-10-19T23:32:39</date>
  <millis>1571520759819</millis>
  <sequence>344</sequence>
  <level>PASSED</level>
  <class>com.kms.katalon.core.logging.XmlKeywordLogger</class>
  <method>logMessage</method>
  <thread>1</thread>
  <message>All options with value &amp;apos;A pay\u00E9 en ligne&amp;apos; are selected in object &amp;apos;Object Repository/NouvelleReservations/Page_Application Hissab/select_A pay en ligneVa payer&amp;apos;  using regular expression</message>
  <nestedLevel>1</nestedLevel>
</record>
<record>
  <date>2019-10-19T23:32:39</date>
  <millis>1571520759819</millis>
  <sequence>345</sequence>
  <level>END</level>
  <class>com.kms.katalon.core.logging.XmlKeywordLogger</class>
  <method>endKeyword</method>
  <thread>1</thread>
  <message>End action : selectOptionByValue(findTestObject(\&amp;quot;Object Repository/NouvelleReservations/Page_Application Hissab/select_A pay en ligneVa payer\&amp;quot;), \&amp;quot;A pay\u00E9 en ligne\&amp;quot;, true)</message>
  <nestedLevel>1</nestedLevel>
</record>
<record>
  <date>2019-10-19T23:32:39</date>
  <millis>1571520759820</millis>
  <sequence>346</sequence>
  <level>START</level>
  <class>com.kms.katalon.core.logging.XmlKeywordLogger</class>
  <method>startKeyword</method>
  <thread>1</thread>
  <message>Start action : selectOptionByValue(findTestObject(\&amp;quot;Object Repository/NouvelleReservations/Page_Application Hissab/select_012345678 et\&amp;quot;), \&amp;quot;2\&amp;quot;, true)</message>
  <nestedLevel>1</nestedLevel>
  <property name="startLine">40</property>
  <property name="stepIndex">10</property>
</record>
<record>
  <date>2019-10-19T23:32:40</date>
  <millis>1571520760055</millis>
  <sequence>355</sequence>
  <level>PASSED</level>
  <class>com.kms.katalon.core.logging.XmlKeywordLogger</class>
  <method>logMessage</method>
  <thread>1</thread>
  <message>All options with value &amp;apos;2&amp;apos; are selected in object &amp;apos;Object Repository/NouvelleReservations/Page_Application Hissab/select_012345678 et&amp;apos;  using regular expression</message>
  <nestedLevel>1</nestedLevel>
</record>
<record>
  <date>2019-10-19T23:32:40</date>
  <millis>1571520760055</millis>
  <sequence>356</sequence>
  <level>END</level>
  <class>com.kms.katalon.core.logging.XmlKeywordLogger</class>
  <method>endKeyword</method>
  <thread>1</thread>
  <message>End action : selectOptionByValue(findTestObject(\&amp;quot;Object Repository/NouvelleReservations/Page_Application Hissab/select_012345678 et\&amp;quot;), \&amp;quot;2\&amp;quot;, true)</message>
  <nestedLevel>1</nestedLevel>
</record>
<record>
  <date>2019-10-19T23:32:40</date>
  <millis>1571520760055</millis>
  <sequence>357</sequence>
  <level>START</level>
  <class>com.kms.katalon.core.logging.XmlKeywordLogger</class>
  <method>startKeyword</method>
  <thread>1</thread>
  <message>Start action : selectOptionByValue(findTestObject(\&amp;quot;Object Repository/NouvelleReservations/Page_Application Hissab/select_012345678 et _1\&amp;quot;), \&amp;quot;3\&amp;quot;, true)</message>
  <nestedLevel>1</nestedLevel>
  <property name="startLine">43</property>
  <property name="stepIndex">11</property>
</record>
<record>
  <date>2019-10-19T23:32:40</date>
  <millis>1571520760308</millis>
  <sequence>366</sequence>
  <level>PASSED</level>
  <class>com.kms.katalon.core.logging.XmlKeywordLogger</class>
  <method>logMessage</method>
  <thread>1</thread>
  <message>All options with value &amp;apos;3&amp;apos; are selected in object &amp;apos;Object Repository/NouvelleReservations/Page_Application Hissab/select_012345678 et _1&amp;apos;  using regular expression</message>
  <nestedLevel>1</nestedLevel>
</record>
<record>
  <date>2019-10-19T23:32:40</date>
  <millis>1571520760308</millis>
  <sequence>367</sequence>
  <level>END</level>
  <class>com.kms.katalon.core.logging.XmlKeywordLogger</class>
  <method>endKeyword</method>
  <thread>1</thread>
  <message>End action : selectOptionByValue(findTestObject(\&amp;quot;Object Repository/NouvelleReservations/Page_Application Hissab/select_012345678 et _1\&amp;quot;), \&amp;quot;3\&amp;quot;, true)</message>
  <nestedLevel>1</nestedLevel>
</record>
<record>
  <date>2019-10-19T23:32:40</date>
  <millis>1571520760309</millis>
  <sequence>368</sequence>
  <level>START</level>
  <class>com.kms.katalon.core.logging.XmlKeywordLogger</class>
  <method>startKeyword</method>
  <thread>1</thread>
  <message>Start action : setText(findTestObject(\&amp;quot;Object Repository/NouvelleReservations/Page_Application Hissab/textarea_Commentaires (faculta\&amp;quot;), Comments)</message>
  <nestedLevel>1</nestedLevel>
  <property name="startLine">46</property>
  <property name="stepIndex">12</property>
</record>
<record>
  <date>2019-10-19T23:32:40</date>
  <millis>1571520760539</millis>
  <sequence>380</sequence>
  <level>PASSED</level>
  <class>com.kms.katalon.core.logging.XmlKeywordLogger</class>
  <method>logMessage</method>
  <thread>1</thread>
  <message>Text &amp;apos; Riji m3a 2h diel sba7&amp;apos; is set on object &amp;apos;Object Repository/NouvelleReservations/Page_Application Hissab/textarea_Commentaires (faculta&amp;apos;</message>
  <nestedLevel>1</nestedLevel>
</record>
<record>
  <date>2019-10-19T23:32:40</date>
  <millis>1571520760539</millis>
  <sequence>381</sequence>
  <level>END</level>
  <class>com.kms.katalon.core.logging.XmlKeywordLogger</class>
  <method>endKeyword</method>
  <thread>1</thread>
  <message>End action : setText(findTestObject(\&amp;quot;Object Repository/NouvelleReservations/Page_Application Hissab/textarea_Commentaires (faculta\&amp;quot;), Comments)</message>
  <nestedLevel>1</nestedLevel>
</record>
<record>
  <date>2019-10-19T23:32:40</date>
  <millis>1571520760540</millis>
  <sequence>382</sequence>
  <level>START</level>
  <class>com.kms.katalon.core.logging.XmlKeywordLogger</class>
  <method>startKeyword</method>
  <thread>1</thread>
  <message>Start action : scrollToElement(findTestObject(\&amp;quot;NouvelleReservations/Page_Application Hissab/button_Enregistrer\&amp;quot;), 0)</message>
  <nestedLevel>1</nestedLevel>
  <property name="startLine">49</property>
  <property name="stepIndex">13</property>
</record>
<record>
  <date>2019-10-19T23:32:40</date>
  <millis>1571520760545</millis>
  <sequence>386</sequence>
  <level>WARNING</level>
  <class>com.kms.katalon.core.logging.XmlKeywordLogger</class>
  <method>logMessage</method>
  <thread>1</thread>
  <message>Timeout &amp;apos;0&amp;apos; is invalid. Using default page load timeout: &amp;apos;30&amp;apos;</message>
  <nestedLevel>1</nestedLevel>
</record>
<record>
  <date>2019-10-19T23:32:40</date>
  <millis>1571520760567</millis>
  <sequence>391</sequence>
  <level>PASSED</level>
  <class>com.kms.katalon.core.logging.XmlKeywordLogger</class>
  <method>logMessage</method>
  <thread>1</thread>
  <message>Scroll to object &amp;apos;Object Repository/NouvelleReservations/Page_Application Hissab/button_Enregistrer&amp;apos; successfully</message>
  <nestedLevel>1</nestedLevel>
</record>
<record>
  <date>2019-10-19T23:32:40</date>
  <millis>1571520760568</millis>
  <sequence>392</sequence>
  <level>END</level>
  <class>com.kms.katalon.core.logging.XmlKeywordLogger</class>
  <method>endKeyword</method>
  <thread>1</thread>
  <message>End action : scrollToElement(findTestObject(\&amp;quot;NouvelleReservations/Page_Application Hissab/button_Enregistrer\&amp;quot;), 0)</message>
  <nestedLevel>1</nestedLevel>
</record>
<record>
  <date>2019-10-19T23:32:40</date>
  <millis>1571520760568</millis>
  <sequence>393</sequence>
  <level>START</level>
  <class>com.kms.katalon.core.logging.XmlKeywordLogger</class>
  <method>startKeyword</method>
  <thread>1</thread>
  <message>Start action : click(findTestObject(\&amp;quot;Object Repository/NouvelleReservations/Page_Application Hissab/button_Enregistrer\&amp;quot;))</message>
  <nestedLevel>1</nestedLevel>
  <property name="startLine">51</property>
  <property name="stepIndex">14</property>
</record>
<record>
  <date>2019-10-19T23:32:40</date>
  <millis>1571520760839</millis>
  <sequence>400</sequence>
  <level>PASSED</level>
  <class>com.kms.katalon.core.logging.XmlKeywordLogger</class>
  <method>logMessage</method>
  <thread>1</thread>
  <message>Object: &amp;apos;Object Repository/NouvelleReservations/Page_Application Hissab/button_Enregistrer&amp;apos; is clicked on</message>
  <nestedLevel>1</nestedLevel>
</record>
<record>
  <date>2019-10-19T23:32:40</date>
  <millis>1571520760839</millis>
  <sequence>401</sequence>
  <level>END</level>
  <class>com.kms.katalon.core.logging.XmlKeywordLogger</class>
  <method>endKeyword</method>
  <thread>1</thread>
  <message>End action : click(findTestObject(\&amp;quot;Object Repository/NouvelleReservations/Page_Application Hissab/button_Enregistrer\&amp;quot;))</message>
  <nestedLevel>1</nestedLevel>
</record>
<record>
  <date>2019-10-19T23:32:40</date>
  <millis>1571520760840</millis>
  <sequence>402</sequence>
  <level>PASSED</level>
  <class>com.kms.katalon.core.logging.XmlKeywordLogger</class>
  <method>logMessage</method>
  <thread>1</thread>
  <message>Test Cases/NewReservation</message>
  <nestedLevel>1</nestedLevel>
</record>
<record>
  <date>2019-10-19T23:32:40</date>
  <millis>1571520760841</millis>
  <sequence>403</sequence>
  <level>END</level>
  <class>com.kms.katalon.core.logging.XmlKeywordLogger</class>
  <method>endTest</method>
  <thread>1</thread>
  <message>End Test Case : Test Cases/NewReservation</message>
  <nestedLevel>0</nestedLevel>
</record>
<record>
  <date>2019-10-19T23:32:40</date>
  <millis>1571520760842</millis>
  <sequence>404</sequence>
  <level>END</level>
  <class>com.kms.katalon.core.logging.XmlKeywordLogger</class>
  <method>endSuite</method>
  <thread>1</thread>
  <message>End Test Suite : Test Suites/Reservations/NouvelleReservation</message>
  <nestedLevel>0</nestedLevel>
</record>
</log>
