<?xml version="1.0" encoding="UTF-8" standalone="no"?>
<!DOCTYPE log SYSTEM "logger.dtd">
<log>
<record>
  <date>2019-10-20T00:07:45</date>
  <millis>1571522865785</millis>
  <sequence>0</sequence>
  <level>START</level>
  <class>com.kms.katalon.core.logging.XmlKeywordLogger</class>
  <method>startSuite</method>
  <thread>1</thread>
  <message>Start Test Suite : Test Suites/Reservations/NouvelleReservation</message>
  <nestedLevel>0</nestedLevel>
  <property name="name">NouvelleReservation</property>
  <property name="description"></property>
  <property name="id">Test Suites/Reservations/NouvelleReservation</property>
</record>
<record>
  <date>2019-10-20T00:07:45</date>
  <millis>1571522865805</millis>
  <sequence>1</sequence>
  <level>RUN_DATA</level>
  <class>com.kms.katalon.core.logging.XmlKeywordLogger</class>
  <method>logMessage</method>
  <thread>1</thread>
  <message>hostName = bouda - DESKTOP-L8US96K</message>
  <nestedLevel>0</nestedLevel>
  <property name="hostName">bouda - DESKTOP-L8US96K</property>
</record>
<record>
  <date>2019-10-20T00:07:45</date>
  <millis>1571522865806</millis>
  <sequence>2</sequence>
  <level>RUN_DATA</level>
  <class>com.kms.katalon.core.logging.XmlKeywordLogger</class>
  <method>logMessage</method>
  <thread>1</thread>
  <message>os = Windows 10 64bit</message>
  <nestedLevel>0</nestedLevel>
  <property name="os">Windows 10 64bit</property>
</record>
<record>
  <date>2019-10-20T00:07:45</date>
  <millis>1571522865807</millis>
  <sequence>3</sequence>
  <level>RUN_DATA</level>
  <class>com.kms.katalon.core.logging.XmlKeywordLogger</class>
  <method>logMessage</method>
  <thread>1</thread>
  <message>hostAddress = 192.168.99.1</message>
  <nestedLevel>0</nestedLevel>
  <property name="hostAddress">192.168.99.1</property>
</record>
<record>
  <date>2019-10-20T00:07:45</date>
  <millis>1571522865809</millis>
  <sequence>4</sequence>
  <level>RUN_DATA</level>
  <class>com.kms.katalon.core.logging.XmlKeywordLogger</class>
  <method>logMessage</method>
  <thread>1</thread>
  <message>katalonVersion = 5.9.1.2</message>
  <nestedLevel>0</nestedLevel>
  <property name="katalonVersion">5.9.1.2</property>
</record>
<record>
  <date>2019-10-20T00:07:46</date>
  <millis>1571522866195</millis>
  <sequence>5</sequence>
  <level>START</level>
  <class>com.kms.katalon.core.logging.XmlKeywordLogger</class>
  <method>startTest</method>
  <thread>1</thread>
  <message>Start Test Case : Test Cases/OpenTheBrowser</message>
  <nestedLevel>1</nestedLevel>
  <property name="name">Test Cases/OpenTheBrowser</property>
  <property name="description"></property>
  <property name="id">Test Cases/OpenTheBrowser</property>
  <property name="source">C:\\Users\\bouda\\Katalon Studio\\Hissab\\Test Cases\\OpenTheBrowser.tc</property>
  <property name="isOptional">false</property>
</record>
<record>
  <date>2019-10-20T00:07:46</date>
  <millis>1571522866316</millis>
  <sequence>7</sequence>
  <level>INFO</level>
  <class>com.kms.katalon.core.logging.XmlKeywordLogger</class>
  <method>logMessage</method>
  <thread>1</thread>
  <message>(Default) Nom_Client = NOM PRENOM</message>
  <nestedLevel>1</nestedLevel>
</record>
<record>
  <date>2019-10-20T00:07:46</date>
  <millis>1571522866331</millis>
  <sequence>8</sequence>
  <level>INFO</level>
  <class>com.kms.katalon.core.logging.XmlKeywordLogger</class>
  <method>logMessage</method>
  <thread>1</thread>
  <message>(Default) Prix = 12345</message>
  <nestedLevel>1</nestedLevel>
</record>
<record>
  <date>2019-10-20T00:07:46</date>
  <millis>1571522866347</millis>
  <sequence>9</sequence>
  <level>INFO</level>
  <class>com.kms.katalon.core.logging.XmlKeywordLogger</class>
  <method>logMessage</method>
  <thread>1</thread>
  <message>(Default) Comments = Pas de commentaire</message>
  <nestedLevel>1</nestedLevel>
</record>
<record>
  <date>2019-10-20T00:07:46</date>
  <millis>1571522866884</millis>
  <sequence>10</sequence>
  <level>START</level>
  <class>com.kms.katalon.core.logging.XmlKeywordLogger</class>
  <method>startKeyword</method>
  <thread>1</thread>
  <message>Start action : openBrowser(\&amp;quot;\&amp;quot;)</message>
  <nestedLevel>1</nestedLevel>
  <property name="startLine">17</property>
  <property name="stepIndex">1</property>
</record>
<record>
  <date>2019-10-20T00:07:47</date>
  <millis>1571522867383</millis>
  <sequence>12</sequence>
  <level>INFO</level>
  <class>com.kms.katalon.core.logging.XmlKeywordLogger</class>
  <method>logMessage</method>
  <thread>1</thread>
  <message>Starting &amp;apos;Chrome&amp;apos; driver</message>
  <nestedLevel>1</nestedLevel>
</record>
<record>
  <date>2019-10-20T00:07:47</date>
  <millis>1571522867450</millis>
  <sequence>13</sequence>
  <level>INFO</level>
  <class>com.kms.katalon.core.logging.XmlKeywordLogger</class>
  <method>logMessage</method>
  <thread>1</thread>
  <message>Action delay is set to 0 seconds</message>
  <nestedLevel>1</nestedLevel>
</record>
<record>
  <date>2019-10-20T00:07:51</date>
  <millis>1571522871182</millis>
  <sequence>15</sequence>
  <level>RUN_DATA</level>
  <class>com.kms.katalon.core.logging.XmlKeywordLogger</class>
  <method>logMessage</method>
  <thread>1</thread>
  <message>sessionId = 34cd337b73cdb080be3a84514d71775c</message>
  <nestedLevel>1</nestedLevel>
  <property name="sessionId">34cd337b73cdb080be3a84514d71775c</property>
</record>
<record>
  <date>2019-10-20T00:07:51</date>
  <millis>1571522871212</millis>
  <sequence>16</sequence>
  <level>RUN_DATA</level>
  <class>com.kms.katalon.core.logging.XmlKeywordLogger</class>
  <method>logMessage</method>
  <thread>1</thread>
  <message>browser = Chrome 77.0.3865.120</message>
  <nestedLevel>1</nestedLevel>
  <property name="browser">Chrome 77.0.3865.120</property>
</record>
<record>
  <date>2019-10-20T00:07:51</date>
  <millis>1571522871213</millis>
  <sequence>17</sequence>
  <level>RUN_DATA</level>
  <class>com.kms.katalon.core.logging.XmlKeywordLogger</class>
  <method>logMessage</method>
  <thread>1</thread>
  <message>platform = Windows 10</message>
  <nestedLevel>1</nestedLevel>
  <property name="platform">Windows 10</property>
</record>
<record>
  <date>2019-10-20T00:07:51</date>
  <millis>1571522871216</millis>
  <sequence>18</sequence>
  <level>RUN_DATA</level>
  <class>com.kms.katalon.core.logging.XmlKeywordLogger</class>
  <method>logMessage</method>
  <thread>1</thread>
  <message>seleniumVersion = 3.7.1</message>
  <nestedLevel>1</nestedLevel>
  <property name="seleniumVersion">3.7.1</property>
</record>
<record>
  <date>2019-10-20T00:07:51</date>
  <millis>1571522871217</millis>
  <sequence>19</sequence>
  <level>RUN_DATA</level>
  <class>com.kms.katalon.core.logging.XmlKeywordLogger</class>
  <method>logMessage</method>
  <thread>1</thread>
  <message>proxyInformation = ProxyInformation{proxyOption=NO_PROXY, proxyServerType=HTTP, password=, proxyServerAddress=, proxyServerPort=0}</message>
  <nestedLevel>1</nestedLevel>
  <property name="proxyInformation">ProxyInformation{proxyOption=NO_PROXY, proxyServerType=HTTP, password=, proxyServerAddress=, proxyServerPort=0}</property>
</record>
<record>
  <date>2019-10-20T00:07:51</date>
  <millis>1571522871219</millis>
  <sequence>20</sequence>
  <level>PASSED</level>
  <class>com.kms.katalon.core.logging.XmlKeywordLogger</class>
  <method>logMessage</method>
  <thread>1</thread>
  <message>Browser is opened with url: &amp;apos;&amp;apos;</message>
  <nestedLevel>1</nestedLevel>
</record>
<record>
  <date>2019-10-20T00:07:51</date>
  <millis>1571522871219</millis>
  <sequence>21</sequence>
  <level>END</level>
  <class>com.kms.katalon.core.logging.XmlKeywordLogger</class>
  <method>endKeyword</method>
  <thread>1</thread>
  <message>End action : openBrowser(\&amp;quot;\&amp;quot;)</message>
  <nestedLevel>1</nestedLevel>
</record>
<record>
  <date>2019-10-20T00:07:51</date>
  <millis>1571522871220</millis>
  <sequence>22</sequence>
  <level>START</level>
  <class>com.kms.katalon.core.logging.XmlKeywordLogger</class>
  <method>startKeyword</method>
  <thread>1</thread>
  <message>Start action : navigateToUrl(\&amp;quot;http://localhost:4200/\&amp;quot;)</message>
  <nestedLevel>1</nestedLevel>
  <property name="startLine">19</property>
  <property name="stepIndex">2</property>
</record>
<record>
  <date>2019-10-20T00:07:54</date>
  <millis>1571522874922</millis>
  <sequence>25</sequence>
  <level>PASSED</level>
  <class>com.kms.katalon.core.logging.XmlKeywordLogger</class>
  <method>logMessage</method>
  <thread>1</thread>
  <message>Navigate to &amp;apos;http://localhost:4200/&amp;apos; successfully</message>
  <nestedLevel>1</nestedLevel>
</record>
<record>
  <date>2019-10-20T00:07:54</date>
  <millis>1571522874923</millis>
  <sequence>26</sequence>
  <level>END</level>
  <class>com.kms.katalon.core.logging.XmlKeywordLogger</class>
  <method>endKeyword</method>
  <thread>1</thread>
  <message>End action : navigateToUrl(\&amp;quot;http://localhost:4200/\&amp;quot;)</message>
  <nestedLevel>1</nestedLevel>
</record>
<record>
  <date>2019-10-20T00:07:54</date>
  <millis>1571522874923</millis>
  <sequence>27</sequence>
  <level>START</level>
  <class>com.kms.katalon.core.logging.XmlKeywordLogger</class>
  <method>startKeyword</method>
  <thread>1</thread>
  <message>Start action : click(findTestObject(\&amp;quot;Object Repository/NouvelleReservations/Page_Application Hissab/h2_Bienvenue\&amp;quot;))</message>
  <nestedLevel>1</nestedLevel>
  <property name="startLine">21</property>
  <property name="stepIndex">3</property>
</record>
<record>
  <date>2019-10-20T00:07:56</date>
  <millis>1571522876227</millis>
  <sequence>34</sequence>
  <level>PASSED</level>
  <class>com.kms.katalon.core.logging.XmlKeywordLogger</class>
  <method>logMessage</method>
  <thread>1</thread>
  <message>Object: &amp;apos;Object Repository/NouvelleReservations/Page_Application Hissab/h2_Bienvenue&amp;apos; is clicked on</message>
  <nestedLevel>1</nestedLevel>
</record>
<record>
  <date>2019-10-20T00:07:56</date>
  <millis>1571522876228</millis>
  <sequence>35</sequence>
  <level>END</level>
  <class>com.kms.katalon.core.logging.XmlKeywordLogger</class>
  <method>endKeyword</method>
  <thread>1</thread>
  <message>End action : click(findTestObject(\&amp;quot;Object Repository/NouvelleReservations/Page_Application Hissab/h2_Bienvenue\&amp;quot;))</message>
  <nestedLevel>1</nestedLevel>
</record>
<record>
  <date>2019-10-20T00:07:56</date>
  <millis>1571522876229</millis>
  <sequence>36</sequence>
  <level>START</level>
  <class>com.kms.katalon.core.logging.XmlKeywordLogger</class>
  <method>startKeyword</method>
  <thread>1</thread>
  <message>Start action : setText(findTestObject(\&amp;quot;Object Repository/NouvelleReservations/Page_Application Hissab/input_Email_email\&amp;quot;), \&amp;quot;abdellatif.boudalh@gmail.com\&amp;quot;)</message>
  <nestedLevel>1</nestedLevel>
  <property name="startLine">23</property>
  <property name="stepIndex">4</property>
</record>
<record>
  <date>2019-10-20T00:07:56</date>
  <millis>1571522876530</millis>
  <sequence>48</sequence>
  <level>PASSED</level>
  <class>com.kms.katalon.core.logging.XmlKeywordLogger</class>
  <method>logMessage</method>
  <thread>1</thread>
  <message>Text &amp;apos;abdellatif.boudalh@gmail.com&amp;apos; is set on object &amp;apos;Object Repository/NouvelleReservations/Page_Application Hissab/input_Email_email&amp;apos;</message>
  <nestedLevel>1</nestedLevel>
</record>
<record>
  <date>2019-10-20T00:07:56</date>
  <millis>1571522876531</millis>
  <sequence>49</sequence>
  <level>END</level>
  <class>com.kms.katalon.core.logging.XmlKeywordLogger</class>
  <method>endKeyword</method>
  <thread>1</thread>
  <message>End action : setText(findTestObject(\&amp;quot;Object Repository/NouvelleReservations/Page_Application Hissab/input_Email_email\&amp;quot;), \&amp;quot;abdellatif.boudalh@gmail.com\&amp;quot;)</message>
  <nestedLevel>1</nestedLevel>
</record>
<record>
  <date>2019-10-20T00:07:56</date>
  <millis>1571522876531</millis>
  <sequence>50</sequence>
  <level>START</level>
  <class>com.kms.katalon.core.logging.XmlKeywordLogger</class>
  <method>startKeyword</method>
  <thread>1</thread>
  <message>Start action : setEncryptedText(findTestObject(\&amp;quot;Object Repository/NouvelleReservations/Page_Application Hissab/input_Mot de passe_password\&amp;quot;), \&amp;quot;g5aLkrmNNK9wgGsRIXINCA==\&amp;quot;)</message>
  <nestedLevel>1</nestedLevel>
  <property name="startLine">25</property>
  <property name="stepIndex">5</property>
</record>
<record>
  <date>2019-10-20T00:07:56</date>
  <millis>1571522876811</millis>
  <sequence>59</sequence>
  <level>PASSED</level>
  <class>com.kms.katalon.core.logging.XmlKeywordLogger</class>
  <method>logMessage</method>
  <thread>1</thread>
  <message>Text ****** has been set on object &amp;apos;Object Repository/NouvelleReservations/Page_Application Hissab/input_Mot de passe_password&amp;apos;</message>
  <nestedLevel>1</nestedLevel>
</record>
<record>
  <date>2019-10-20T00:07:56</date>
  <millis>1571522876811</millis>
  <sequence>60</sequence>
  <level>END</level>
  <class>com.kms.katalon.core.logging.XmlKeywordLogger</class>
  <method>endKeyword</method>
  <thread>1</thread>
  <message>End action : setEncryptedText(findTestObject(\&amp;quot;Object Repository/NouvelleReservations/Page_Application Hissab/input_Mot de passe_password\&amp;quot;), \&amp;quot;g5aLkrmNNK9wgGsRIXINCA==\&amp;quot;)</message>
  <nestedLevel>1</nestedLevel>
</record>
<record>
  <date>2019-10-20T00:07:56</date>
  <millis>1571522876812</millis>
  <sequence>61</sequence>
  <level>START</level>
  <class>com.kms.katalon.core.logging.XmlKeywordLogger</class>
  <method>startKeyword</method>
  <thread>1</thread>
  <message>Start action : click(findTestObject(\&amp;quot;Object Repository/NouvelleReservations/Page_Application Hissab/button_Connexion\&amp;quot;))</message>
  <nestedLevel>1</nestedLevel>
  <property name="startLine">28</property>
  <property name="stepIndex">6</property>
</record>
<record>
  <date>2019-10-20T00:07:56</date>
  <millis>1571522876920</millis>
  <sequence>68</sequence>
  <level>PASSED</level>
  <class>com.kms.katalon.core.logging.XmlKeywordLogger</class>
  <method>logMessage</method>
  <thread>1</thread>
  <message>Object: &amp;apos;Object Repository/NouvelleReservations/Page_Application Hissab/button_Connexion&amp;apos; is clicked on</message>
  <nestedLevel>1</nestedLevel>
</record>
<record>
  <date>2019-10-20T00:07:56</date>
  <millis>1571522876920</millis>
  <sequence>69</sequence>
  <level>END</level>
  <class>com.kms.katalon.core.logging.XmlKeywordLogger</class>
  <method>endKeyword</method>
  <thread>1</thread>
  <message>End action : click(findTestObject(\&amp;quot;Object Repository/NouvelleReservations/Page_Application Hissab/button_Connexion\&amp;quot;))</message>
  <nestedLevel>1</nestedLevel>
</record>
<record>
  <date>2019-10-20T00:07:56</date>
  <millis>1571522876920</millis>
  <sequence>70</sequence>
  <level>PASSED</level>
  <class>com.kms.katalon.core.logging.XmlKeywordLogger</class>
  <method>logMessage</method>
  <thread>1</thread>
  <message>Test Cases/OpenTheBrowser</message>
  <nestedLevel>1</nestedLevel>
</record>
<record>
  <date>2019-10-20T00:07:56</date>
  <millis>1571522876921</millis>
  <sequence>71</sequence>
  <level>END</level>
  <class>com.kms.katalon.core.logging.XmlKeywordLogger</class>
  <method>endTest</method>
  <thread>1</thread>
  <message>End Test Case : Test Cases/OpenTheBrowser</message>
  <nestedLevel>0</nestedLevel>
</record>
<record>
  <date>2019-10-20T00:07:56</date>
  <millis>1571522876928</millis>
  <sequence>72</sequence>
  <level>START</level>
  <class>com.kms.katalon.core.logging.XmlKeywordLogger</class>
  <method>startTest</method>
  <thread>1</thread>
  <message>Start Test Case : Test Cases/NewReservation</message>
  <nestedLevel>1</nestedLevel>
  <property name="name">Test Cases/NewReservation</property>
  <property name="description"></property>
  <property name="id">Test Cases/NewReservation</property>
  <property name="source">C:\\Users\\bouda\\Katalon Studio\\Hissab\\Test Cases\\NewReservation.tc</property>
  <property name="isOptional">false</property>
</record>
<record>
  <date>2019-10-20T00:07:56</date>
  <millis>1571522876941</millis>
  <sequence>74</sequence>
  <level>INFO</level>
  <class>com.kms.katalon.core.logging.XmlKeywordLogger</class>
  <method>logMessage</method>
  <thread>1</thread>
  <message>Nom_Client =  Nicolas Sarkozy</message>
  <nestedLevel>1</nestedLevel>
</record>
<record>
  <date>2019-10-20T00:07:56</date>
  <millis>1571522876942</millis>
  <sequence>75</sequence>
  <level>INFO</level>
  <class>com.kms.katalon.core.logging.XmlKeywordLogger</class>
  <method>logMessage</method>
  <thread>1</thread>
  <message>Prix =  1200</message>
  <nestedLevel>1</nestedLevel>
</record>
<record>
  <date>2019-10-20T00:07:56</date>
  <millis>1571522876943</millis>
  <sequence>76</sequence>
  <level>INFO</level>
  <class>com.kms.katalon.core.logging.XmlKeywordLogger</class>
  <method>logMessage</method>
  <thread>1</thread>
  <message>Comments =  Voici mon commentaire</message>
  <nestedLevel>1</nestedLevel>
</record>
<record>
  <date>2019-10-20T00:07:56</date>
  <millis>1571522876943</millis>
  <sequence>77</sequence>
  <level>INFO</level>
  <class>com.kms.katalon.core.logging.XmlKeywordLogger</class>
  <method>logMessage</method>
  <thread>1</thread>
  <message>Appartement = Appartement 2</message>
  <nestedLevel>1</nestedLevel>
</record>
<record>
  <date>2019-10-20T00:07:56</date>
  <millis>1571522876944</millis>
  <sequence>78</sequence>
  <level>INFO</level>
  <class>com.kms.katalon.core.logging.XmlKeywordLogger</class>
  <method>logMessage</method>
  <thread>1</thread>
  <message>Devise = Dirhams</message>
  <nestedLevel>1</nestedLevel>
</record>
<record>
  <date>2019-10-20T00:07:56</date>
  <millis>1571522876944</millis>
  <sequence>79</sequence>
  <level>INFO</level>
  <class>com.kms.katalon.core.logging.XmlKeywordLogger</class>
  <method>logMessage</method>
  <thread>1</thread>
  <message>Phone = +33699089737</message>
  <nestedLevel>1</nestedLevel>
</record>
<record>
  <date>2019-10-20T00:07:56</date>
  <millis>1571522876946</millis>
  <sequence>80</sequence>
  <level>INFO</level>
  <class>com.kms.katalon.core.logging.XmlKeywordLogger</class>
  <method>logMessage</method>
  <thread>1</thread>
  <message>Mode_paiement = A pay\u00E9 en ligne</message>
  <nestedLevel>1</nestedLevel>
</record>
<record>
  <date>2019-10-20T00:07:57</date>
  <millis>1571522877468</millis>
  <sequence>81</sequence>
  <level>START</level>
  <class>com.kms.katalon.core.logging.XmlKeywordLogger</class>
  <method>startKeyword</method>
  <thread>1</thread>
  <message>Start action : scrollToElement(findTestObject(\&amp;quot;NouvelleReservations/Page_Application Hissab/button_Nouvelle Reservation\&amp;quot;), 0)</message>
  <nestedLevel>1</nestedLevel>
  <property name="startLine">17</property>
  <property name="stepIndex">1</property>
</record>
<record>
  <date>2019-10-20T00:07:57</date>
  <millis>1571522877501</millis>
  <sequence>85</sequence>
  <level>WARNING</level>
  <class>com.kms.katalon.core.logging.XmlKeywordLogger</class>
  <method>logMessage</method>
  <thread>1</thread>
  <message>Timeout &amp;apos;0&amp;apos; is invalid. Using default page load timeout: &amp;apos;30&amp;apos;</message>
  <nestedLevel>1</nestedLevel>
</record>
<record>
  <date>2019-10-20T00:07:58</date>
  <millis>1571522878633</millis>
  <sequence>90</sequence>
  <level>PASSED</level>
  <class>com.kms.katalon.core.logging.XmlKeywordLogger</class>
  <method>logMessage</method>
  <thread>1</thread>
  <message>Scroll to object &amp;apos;Object Repository/NouvelleReservations/Page_Application Hissab/button_Nouvelle Reservation&amp;apos; successfully</message>
  <nestedLevel>1</nestedLevel>
</record>
<record>
  <date>2019-10-20T00:07:58</date>
  <millis>1571522878633</millis>
  <sequence>91</sequence>
  <level>END</level>
  <class>com.kms.katalon.core.logging.XmlKeywordLogger</class>
  <method>endKeyword</method>
  <thread>1</thread>
  <message>End action : scrollToElement(findTestObject(\&amp;quot;NouvelleReservations/Page_Application Hissab/button_Nouvelle Reservation\&amp;quot;), 0)</message>
  <nestedLevel>1</nestedLevel>
</record>
<record>
  <date>2019-10-20T00:07:58</date>
  <millis>1571522878634</millis>
  <sequence>92</sequence>
  <level>START</level>
  <class>com.kms.katalon.core.logging.XmlKeywordLogger</class>
  <method>startKeyword</method>
  <thread>1</thread>
  <message>Start action : click(findTestObject(\&amp;quot;Object Repository/NouvelleReservations/Page_Application Hissab/button_Nouvelle Reservation\&amp;quot;))</message>
  <nestedLevel>1</nestedLevel>
  <property name="startLine">19</property>
  <property name="stepIndex">2</property>
</record>
<record>
  <date>2019-10-20T00:07:58</date>
  <millis>1571522878761</millis>
  <sequence>99</sequence>
  <level>PASSED</level>
  <class>com.kms.katalon.core.logging.XmlKeywordLogger</class>
  <method>logMessage</method>
  <thread>1</thread>
  <message>Object: &amp;apos;Object Repository/NouvelleReservations/Page_Application Hissab/button_Nouvelle Reservation&amp;apos; is clicked on</message>
  <nestedLevel>1</nestedLevel>
</record>
<record>
  <date>2019-10-20T00:07:58</date>
  <millis>1571522878762</millis>
  <sequence>100</sequence>
  <level>END</level>
  <class>com.kms.katalon.core.logging.XmlKeywordLogger</class>
  <method>endKeyword</method>
  <thread>1</thread>
  <message>End action : click(findTestObject(\&amp;quot;Object Repository/NouvelleReservations/Page_Application Hissab/button_Nouvelle Reservation\&amp;quot;))</message>
  <nestedLevel>1</nestedLevel>
</record>
<record>
  <date>2019-10-20T00:07:58</date>
  <millis>1571522878762</millis>
  <sequence>101</sequence>
  <level>START</level>
  <class>com.kms.katalon.core.logging.XmlKeywordLogger</class>
  <method>startKeyword</method>
  <thread>1</thread>
  <message>Start action : selectOptionByValue(findTestObject(\&amp;quot;Object Repository/NouvelleReservations/Page_Application Hissab/select_Appartement 0Appartemen\&amp;quot;), Appartement, true)</message>
  <nestedLevel>1</nestedLevel>
  <property name="startLine">21</property>
  <property name="stepIndex">3</property>
</record>
<record>
  <date>2019-10-20T00:07:58</date>
  <millis>1571522878983</millis>
  <sequence>110</sequence>
  <level>PASSED</level>
  <class>com.kms.katalon.core.logging.XmlKeywordLogger</class>
  <method>logMessage</method>
  <thread>1</thread>
  <message>All options with value &amp;apos;Appartement 2&amp;apos; are selected in object &amp;apos;Object Repository/NouvelleReservations/Page_Application Hissab/select_Appartement 0Appartemen&amp;apos;  using regular expression</message>
  <nestedLevel>1</nestedLevel>
</record>
<record>
  <date>2019-10-20T00:07:58</date>
  <millis>1571522878984</millis>
  <sequence>111</sequence>
  <level>END</level>
  <class>com.kms.katalon.core.logging.XmlKeywordLogger</class>
  <method>endKeyword</method>
  <thread>1</thread>
  <message>End action : selectOptionByValue(findTestObject(\&amp;quot;Object Repository/NouvelleReservations/Page_Application Hissab/select_Appartement 0Appartemen\&amp;quot;), Appartement, true)</message>
  <nestedLevel>1</nestedLevel>
</record>
<record>
  <date>2019-10-20T00:07:58</date>
  <millis>1571522878985</millis>
  <sequence>112</sequence>
  <level>START</level>
  <class>com.kms.katalon.core.logging.XmlKeywordLogger</class>
  <method>startKeyword</method>
  <thread>1</thread>
  <message>Start action : setText(findTestObject(\&amp;quot;Object Repository/NouvelleReservations/Page_Application Hissab/input_Nom complet_nomcomplet\&amp;quot;), Nom_Client)</message>
  <nestedLevel>1</nestedLevel>
  <property name="startLine">24</property>
  <property name="stepIndex">4</property>
</record>
<record>
  <date>2019-10-20T00:07:59</date>
  <millis>1571522879238</millis>
  <sequence>124</sequence>
  <level>PASSED</level>
  <class>com.kms.katalon.core.logging.XmlKeywordLogger</class>
  <method>logMessage</method>
  <thread>1</thread>
  <message>Text &amp;apos; Nicolas Sarkozy&amp;apos; is set on object &amp;apos;Object Repository/NouvelleReservations/Page_Application Hissab/input_Nom complet_nomcomplet&amp;apos;</message>
  <nestedLevel>1</nestedLevel>
</record>
<record>
  <date>2019-10-20T00:07:59</date>
  <millis>1571522879239</millis>
  <sequence>125</sequence>
  <level>END</level>
  <class>com.kms.katalon.core.logging.XmlKeywordLogger</class>
  <method>endKeyword</method>
  <thread>1</thread>
  <message>End action : setText(findTestObject(\&amp;quot;Object Repository/NouvelleReservations/Page_Application Hissab/input_Nom complet_nomcomplet\&amp;quot;), Nom_Client)</message>
  <nestedLevel>1</nestedLevel>
</record>
<record>
  <date>2019-10-20T00:07:59</date>
  <millis>1571522879240</millis>
  <sequence>126</sequence>
  <level>START</level>
  <class>com.kms.katalon.core.logging.XmlKeywordLogger</class>
  <method>startKeyword</method>
  <thread>1</thread>
  <message>Start action : sendKeys(findTestObject(\&amp;quot;Object Repository/NouvelleReservations/Page_Application Hissab/input_Tlphone_phone\&amp;quot;), Keys.chord(ENTER))</message>
  <nestedLevel>1</nestedLevel>
  <property name="startLine">27</property>
  <property name="stepIndex">5</property>
</record>
<record>
  <date>2019-10-20T00:07:59</date>
  <millis>1571522879345</millis>
  <sequence>132</sequence>
  <level>PASSED</level>
  <class>com.kms.katalon.core.logging.XmlKeywordLogger</class>
  <method>logMessage</method>
  <thread>1</thread>
  <message>Keys &amp;apos;ENTER + &amp;apos; sent to object: &amp;apos;Object Repository/NouvelleReservations/Page_Application Hissab/input_Tlphone_phone&amp;apos;</message>
  <nestedLevel>1</nestedLevel>
</record>
<record>
  <date>2019-10-20T00:07:59</date>
  <millis>1571522879346</millis>
  <sequence>133</sequence>
  <level>END</level>
  <class>com.kms.katalon.core.logging.XmlKeywordLogger</class>
  <method>endKeyword</method>
  <thread>1</thread>
  <message>End action : sendKeys(findTestObject(\&amp;quot;Object Repository/NouvelleReservations/Page_Application Hissab/input_Tlphone_phone\&amp;quot;), Keys.chord(ENTER))</message>
  <nestedLevel>1</nestedLevel>
</record>
<record>
  <date>2019-10-20T00:07:59</date>
  <millis>1571522879346</millis>
  <sequence>134</sequence>
  <level>START</level>
  <class>com.kms.katalon.core.logging.XmlKeywordLogger</class>
  <method>startKeyword</method>
  <thread>1</thread>
  <message>Start action : setText(findTestObject(\&amp;quot;Object Repository/NouvelleReservations/Page_Application Hissab/input_Tlphone_phone\&amp;quot;), Phone)</message>
  <nestedLevel>1</nestedLevel>
  <property name="startLine">30</property>
  <property name="stepIndex">6</property>
</record>
<record>
  <date>2019-10-20T00:07:59</date>
  <millis>1571522879524</millis>
  <sequence>146</sequence>
  <level>PASSED</level>
  <class>com.kms.katalon.core.logging.XmlKeywordLogger</class>
  <method>logMessage</method>
  <thread>1</thread>
  <message>Text &amp;apos;+33699089737&amp;apos; is set on object &amp;apos;Object Repository/NouvelleReservations/Page_Application Hissab/input_Tlphone_phone&amp;apos;</message>
  <nestedLevel>1</nestedLevel>
</record>
<record>
  <date>2019-10-20T00:07:59</date>
  <millis>1571522879524</millis>
  <sequence>147</sequence>
  <level>END</level>
  <class>com.kms.katalon.core.logging.XmlKeywordLogger</class>
  <method>endKeyword</method>
  <thread>1</thread>
  <message>End action : setText(findTestObject(\&amp;quot;Object Repository/NouvelleReservations/Page_Application Hissab/input_Tlphone_phone\&amp;quot;), Phone)</message>
  <nestedLevel>1</nestedLevel>
</record>
<record>
  <date>2019-10-20T00:07:59</date>
  <millis>1571522879525</millis>
  <sequence>148</sequence>
  <level>START</level>
  <class>com.kms.katalon.core.logging.XmlKeywordLogger</class>
  <method>startKeyword</method>
  <thread>1</thread>
  <message>Start action : setText(findTestObject(\&amp;quot;Object Repository/NouvelleReservations/Page_Application Hissab/input_Prix_prix\&amp;quot;), Prix)</message>
  <nestedLevel>1</nestedLevel>
  <property name="startLine">32</property>
  <property name="stepIndex">7</property>
</record>
<record>
  <date>2019-10-20T00:07:59</date>
  <millis>1571522879664</millis>
  <sequence>160</sequence>
  <level>PASSED</level>
  <class>com.kms.katalon.core.logging.XmlKeywordLogger</class>
  <method>logMessage</method>
  <thread>1</thread>
  <message>Text &amp;apos; 1200&amp;apos; is set on object &amp;apos;Object Repository/NouvelleReservations/Page_Application Hissab/input_Prix_prix&amp;apos;</message>
  <nestedLevel>1</nestedLevel>
</record>
<record>
  <date>2019-10-20T00:07:59</date>
  <millis>1571522879664</millis>
  <sequence>161</sequence>
  <level>END</level>
  <class>com.kms.katalon.core.logging.XmlKeywordLogger</class>
  <method>endKeyword</method>
  <thread>1</thread>
  <message>End action : setText(findTestObject(\&amp;quot;Object Repository/NouvelleReservations/Page_Application Hissab/input_Prix_prix\&amp;quot;), Prix)</message>
  <nestedLevel>1</nestedLevel>
</record>
<record>
  <date>2019-10-20T00:07:59</date>
  <millis>1571522879665</millis>
  <sequence>162</sequence>
  <level>START</level>
  <class>com.kms.katalon.core.logging.XmlKeywordLogger</class>
  <method>startKeyword</method>
  <thread>1</thread>
  <message>Start action : selectOptionByValue(findTestObject(\&amp;quot;Object Repository/NouvelleReservations/Page_Application Hissab/select_EurosDirhams\&amp;quot;), Devise, true)</message>
  <nestedLevel>1</nestedLevel>
  <property name="startLine">34</property>
  <property name="stepIndex">8</property>
</record>
<record>
  <date>2019-10-20T00:07:59</date>
  <millis>1571522879843</millis>
  <sequence>171</sequence>
  <level>PASSED</level>
  <class>com.kms.katalon.core.logging.XmlKeywordLogger</class>
  <method>logMessage</method>
  <thread>1</thread>
  <message>All options with value &amp;apos;Dirhams&amp;apos; are selected in object &amp;apos;Object Repository/NouvelleReservations/Page_Application Hissab/select_EurosDirhams&amp;apos;  using regular expression</message>
  <nestedLevel>1</nestedLevel>
</record>
<record>
  <date>2019-10-20T00:07:59</date>
  <millis>1571522879844</millis>
  <sequence>172</sequence>
  <level>END</level>
  <class>com.kms.katalon.core.logging.XmlKeywordLogger</class>
  <method>endKeyword</method>
  <thread>1</thread>
  <message>End action : selectOptionByValue(findTestObject(\&amp;quot;Object Repository/NouvelleReservations/Page_Application Hissab/select_EurosDirhams\&amp;quot;), Devise, true)</message>
  <nestedLevel>1</nestedLevel>
</record>
<record>
  <date>2019-10-20T00:07:59</date>
  <millis>1571522879844</millis>
  <sequence>173</sequence>
  <level>START</level>
  <class>com.kms.katalon.core.logging.XmlKeywordLogger</class>
  <method>startKeyword</method>
  <thread>1</thread>
  <message>Start action : selectOptionByValue(findTestObject(\&amp;quot;Object Repository/NouvelleReservations/Page_Application Hissab/select_A pay en ligneVa payer\&amp;quot;), Mode_paiement, true)</message>
  <nestedLevel>1</nestedLevel>
  <property name="startLine">37</property>
  <property name="stepIndex">9</property>
</record>
<record>
  <date>2019-10-20T00:08:00</date>
  <millis>1571522880041</millis>
  <sequence>182</sequence>
  <level>PASSED</level>
  <class>com.kms.katalon.core.logging.XmlKeywordLogger</class>
  <method>logMessage</method>
  <thread>1</thread>
  <message>All options with value &amp;apos;A pay\u00E9 en ligne&amp;apos; are selected in object &amp;apos;Object Repository/NouvelleReservations/Page_Application Hissab/select_A pay en ligneVa payer&amp;apos;  using regular expression</message>
  <nestedLevel>1</nestedLevel>
</record>
<record>
  <date>2019-10-20T00:08:00</date>
  <millis>1571522880042</millis>
  <sequence>183</sequence>
  <level>END</level>
  <class>com.kms.katalon.core.logging.XmlKeywordLogger</class>
  <method>endKeyword</method>
  <thread>1</thread>
  <message>End action : selectOptionByValue(findTestObject(\&amp;quot;Object Repository/NouvelleReservations/Page_Application Hissab/select_A pay en ligneVa payer\&amp;quot;), Mode_paiement, true)</message>
  <nestedLevel>1</nestedLevel>
</record>
<record>
  <date>2019-10-20T00:08:00</date>
  <millis>1571522880042</millis>
  <sequence>184</sequence>
  <level>START</level>
  <class>com.kms.katalon.core.logging.XmlKeywordLogger</class>
  <method>startKeyword</method>
  <thread>1</thread>
  <message>Start action : selectOptionByValue(findTestObject(\&amp;quot;Object Repository/NouvelleReservations/Page_Application Hissab/select_012345678 et\&amp;quot;), \&amp;quot;2\&amp;quot;, true)</message>
  <nestedLevel>1</nestedLevel>
  <property name="startLine">40</property>
  <property name="stepIndex">10</property>
</record>
<record>
  <date>2019-10-20T00:08:00</date>
  <millis>1571522880296</millis>
  <sequence>193</sequence>
  <level>PASSED</level>
  <class>com.kms.katalon.core.logging.XmlKeywordLogger</class>
  <method>logMessage</method>
  <thread>1</thread>
  <message>All options with value &amp;apos;2&amp;apos; are selected in object &amp;apos;Object Repository/NouvelleReservations/Page_Application Hissab/select_012345678 et&amp;apos;  using regular expression</message>
  <nestedLevel>1</nestedLevel>
</record>
<record>
  <date>2019-10-20T00:08:00</date>
  <millis>1571522880297</millis>
  <sequence>194</sequence>
  <level>END</level>
  <class>com.kms.katalon.core.logging.XmlKeywordLogger</class>
  <method>endKeyword</method>
  <thread>1</thread>
  <message>End action : selectOptionByValue(findTestObject(\&amp;quot;Object Repository/NouvelleReservations/Page_Application Hissab/select_012345678 et\&amp;quot;), \&amp;quot;2\&amp;quot;, true)</message>
  <nestedLevel>1</nestedLevel>
</record>
<record>
  <date>2019-10-20T00:08:00</date>
  <millis>1571522880297</millis>
  <sequence>195</sequence>
  <level>START</level>
  <class>com.kms.katalon.core.logging.XmlKeywordLogger</class>
  <method>startKeyword</method>
  <thread>1</thread>
  <message>Start action : selectOptionByValue(findTestObject(\&amp;quot;Object Repository/NouvelleReservations/Page_Application Hissab/select_012345678 et _1\&amp;quot;), \&amp;quot;3\&amp;quot;, true)</message>
  <nestedLevel>1</nestedLevel>
  <property name="startLine">43</property>
  <property name="stepIndex">11</property>
</record>
<record>
  <date>2019-10-20T00:08:00</date>
  <millis>1571522880587</millis>
  <sequence>204</sequence>
  <level>PASSED</level>
  <class>com.kms.katalon.core.logging.XmlKeywordLogger</class>
  <method>logMessage</method>
  <thread>1</thread>
  <message>All options with value &amp;apos;3&amp;apos; are selected in object &amp;apos;Object Repository/NouvelleReservations/Page_Application Hissab/select_012345678 et _1&amp;apos;  using regular expression</message>
  <nestedLevel>1</nestedLevel>
</record>
<record>
  <date>2019-10-20T00:08:00</date>
  <millis>1571522880589</millis>
  <sequence>205</sequence>
  <level>END</level>
  <class>com.kms.katalon.core.logging.XmlKeywordLogger</class>
  <method>endKeyword</method>
  <thread>1</thread>
  <message>End action : selectOptionByValue(findTestObject(\&amp;quot;Object Repository/NouvelleReservations/Page_Application Hissab/select_012345678 et _1\&amp;quot;), \&amp;quot;3\&amp;quot;, true)</message>
  <nestedLevel>1</nestedLevel>
</record>
<record>
  <date>2019-10-20T00:08:00</date>
  <millis>1571522880589</millis>
  <sequence>206</sequence>
  <level>START</level>
  <class>com.kms.katalon.core.logging.XmlKeywordLogger</class>
  <method>startKeyword</method>
  <thread>1</thread>
  <message>Start action : setText(findTestObject(\&amp;quot;Object Repository/NouvelleReservations/Page_Application Hissab/textarea_Commentaires (faculta\&amp;quot;), Comments)</message>
  <nestedLevel>1</nestedLevel>
  <property name="startLine">46</property>
  <property name="stepIndex">12</property>
</record>
<record>
  <date>2019-10-20T00:08:00</date>
  <millis>1571522880864</millis>
  <sequence>218</sequence>
  <level>PASSED</level>
  <class>com.kms.katalon.core.logging.XmlKeywordLogger</class>
  <method>logMessage</method>
  <thread>1</thread>
  <message>Text &amp;apos; Voici mon commentaire&amp;apos; is set on object &amp;apos;Object Repository/NouvelleReservations/Page_Application Hissab/textarea_Commentaires (faculta&amp;apos;</message>
  <nestedLevel>1</nestedLevel>
</record>
<record>
  <date>2019-10-20T00:08:00</date>
  <millis>1571522880864</millis>
  <sequence>219</sequence>
  <level>END</level>
  <class>com.kms.katalon.core.logging.XmlKeywordLogger</class>
  <method>endKeyword</method>
  <thread>1</thread>
  <message>End action : setText(findTestObject(\&amp;quot;Object Repository/NouvelleReservations/Page_Application Hissab/textarea_Commentaires (faculta\&amp;quot;), Comments)</message>
  <nestedLevel>1</nestedLevel>
</record>
<record>
  <date>2019-10-20T00:08:00</date>
  <millis>1571522880865</millis>
  <sequence>220</sequence>
  <level>START</level>
  <class>com.kms.katalon.core.logging.XmlKeywordLogger</class>
  <method>startKeyword</method>
  <thread>1</thread>
  <message>Start action : scrollToElement(findTestObject(\&amp;quot;NouvelleReservations/Page_Application Hissab/button_Enregistrer\&amp;quot;), 0)</message>
  <nestedLevel>1</nestedLevel>
  <property name="startLine">49</property>
  <property name="stepIndex">13</property>
</record>
<record>
  <date>2019-10-20T00:08:00</date>
  <millis>1571522880875</millis>
  <sequence>224</sequence>
  <level>WARNING</level>
  <class>com.kms.katalon.core.logging.XmlKeywordLogger</class>
  <method>logMessage</method>
  <thread>1</thread>
  <message>Timeout &amp;apos;0&amp;apos; is invalid. Using default page load timeout: &amp;apos;30&amp;apos;</message>
  <nestedLevel>1</nestedLevel>
</record>
<record>
  <date>2019-10-20T00:08:00</date>
  <millis>1571522880971</millis>
  <sequence>229</sequence>
  <level>PASSED</level>
  <class>com.kms.katalon.core.logging.XmlKeywordLogger</class>
  <method>logMessage</method>
  <thread>1</thread>
  <message>Scroll to object &amp;apos;Object Repository/NouvelleReservations/Page_Application Hissab/button_Enregistrer&amp;apos; successfully</message>
  <nestedLevel>1</nestedLevel>
</record>
<record>
  <date>2019-10-20T00:08:00</date>
  <millis>1571522880971</millis>
  <sequence>230</sequence>
  <level>END</level>
  <class>com.kms.katalon.core.logging.XmlKeywordLogger</class>
  <method>endKeyword</method>
  <thread>1</thread>
  <message>End action : scrollToElement(findTestObject(\&amp;quot;NouvelleReservations/Page_Application Hissab/button_Enregistrer\&amp;quot;), 0)</message>
  <nestedLevel>1</nestedLevel>
</record>
<record>
  <date>2019-10-20T00:08:00</date>
  <millis>1571522880971</millis>
  <sequence>231</sequence>
  <level>START</level>
  <class>com.kms.katalon.core.logging.XmlKeywordLogger</class>
  <method>startKeyword</method>
  <thread>1</thread>
  <message>Start action : click(findTestObject(\&amp;quot;Object Repository/NouvelleReservations/Page_Application Hissab/button_Enregistrer\&amp;quot;))</message>
  <nestedLevel>1</nestedLevel>
  <property name="startLine">51</property>
  <property name="stepIndex">14</property>
</record>
<record>
  <date>2019-10-20T00:08:01</date>
  <millis>1571522881200</millis>
  <sequence>238</sequence>
  <level>PASSED</level>
  <class>com.kms.katalon.core.logging.XmlKeywordLogger</class>
  <method>logMessage</method>
  <thread>1</thread>
  <message>Object: &amp;apos;Object Repository/NouvelleReservations/Page_Application Hissab/button_Enregistrer&amp;apos; is clicked on</message>
  <nestedLevel>1</nestedLevel>
</record>
<record>
  <date>2019-10-20T00:08:01</date>
  <millis>1571522881201</millis>
  <sequence>239</sequence>
  <level>END</level>
  <class>com.kms.katalon.core.logging.XmlKeywordLogger</class>
  <method>endKeyword</method>
  <thread>1</thread>
  <message>End action : click(findTestObject(\&amp;quot;Object Repository/NouvelleReservations/Page_Application Hissab/button_Enregistrer\&amp;quot;))</message>
  <nestedLevel>1</nestedLevel>
</record>
<record>
  <date>2019-10-20T00:08:01</date>
  <millis>1571522881201</millis>
  <sequence>240</sequence>
  <level>PASSED</level>
  <class>com.kms.katalon.core.logging.XmlKeywordLogger</class>
  <method>logMessage</method>
  <thread>1</thread>
  <message>Test Cases/NewReservation</message>
  <nestedLevel>1</nestedLevel>
</record>
<record>
  <date>2019-10-20T00:08:01</date>
  <millis>1571522881202</millis>
  <sequence>241</sequence>
  <level>END</level>
  <class>com.kms.katalon.core.logging.XmlKeywordLogger</class>
  <method>endTest</method>
  <thread>1</thread>
  <message>End Test Case : Test Cases/NewReservation</message>
  <nestedLevel>0</nestedLevel>
</record>
<record>
  <date>2019-10-20T00:08:01</date>
  <millis>1571522881208</millis>
  <sequence>242</sequence>
  <level>START</level>
  <class>com.kms.katalon.core.logging.XmlKeywordLogger</class>
  <method>startTest</method>
  <thread>1</thread>
  <message>Start Test Case : Test Cases/NewReservation</message>
  <nestedLevel>1</nestedLevel>
  <property name="name">Test Cases/NewReservation</property>
  <property name="description"></property>
  <property name="id">Test Cases/NewReservation</property>
  <property name="source">C:\\Users\\bouda\\Katalon Studio\\Hissab\\Test Cases\\NewReservation.tc</property>
  <property name="isOptional">false</property>
</record>
<record>
  <date>2019-10-20T00:08:01</date>
  <millis>1571522881225</millis>
  <sequence>244</sequence>
  <level>INFO</level>
  <class>com.kms.katalon.core.logging.XmlKeywordLogger</class>
  <method>logMessage</method>
  <thread>1</thread>
  <message>Nom_Client =  Jacques Chirac</message>
  <nestedLevel>1</nestedLevel>
</record>
<record>
  <date>2019-10-20T00:08:01</date>
  <millis>1571522881227</millis>
  <sequence>245</sequence>
  <level>INFO</level>
  <class>com.kms.katalon.core.logging.XmlKeywordLogger</class>
  <method>logMessage</method>
  <thread>1</thread>
  <message>Prix =  400</message>
  <nestedLevel>1</nestedLevel>
</record>
<record>
  <date>2019-10-20T00:08:01</date>
  <millis>1571522881227</millis>
  <sequence>246</sequence>
  <level>INFO</level>
  <class>com.kms.katalon.core.logging.XmlKeywordLogger</class>
  <method>logMessage</method>
  <thread>1</thread>
  <message>Comments =  Riji m3a 2h diel sba7</message>
  <nestedLevel>1</nestedLevel>
</record>
<record>
  <date>2019-10-20T00:08:01</date>
  <millis>1571522881228</millis>
  <sequence>247</sequence>
  <level>INFO</level>
  <class>com.kms.katalon.core.logging.XmlKeywordLogger</class>
  <method>logMessage</method>
  <thread>1</thread>
  <message>Appartement = Appartement 5</message>
  <nestedLevel>1</nestedLevel>
</record>
<record>
  <date>2019-10-20T00:08:01</date>
  <millis>1571522881228</millis>
  <sequence>248</sequence>
  <level>INFO</level>
  <class>com.kms.katalon.core.logging.XmlKeywordLogger</class>
  <method>logMessage</method>
  <thread>1</thread>
  <message>Devise = Euros</message>
  <nestedLevel>1</nestedLevel>
</record>
<record>
  <date>2019-10-20T00:08:01</date>
  <millis>1571522881228</millis>
  <sequence>249</sequence>
  <level>INFO</level>
  <class>com.kms.katalon.core.logging.XmlKeywordLogger</class>
  <method>logMessage</method>
  <thread>1</thread>
  <message>Phone = +2123004903403</message>
  <nestedLevel>1</nestedLevel>
</record>
<record>
  <date>2019-10-20T00:08:01</date>
  <millis>1571522881229</millis>
  <sequence>250</sequence>
  <level>INFO</level>
  <class>com.kms.katalon.core.logging.XmlKeywordLogger</class>
  <method>logMessage</method>
  <thread>1</thread>
  <message>Mode_paiement = Va payer sur place</message>
  <nestedLevel>1</nestedLevel>
</record>
<record>
  <date>2019-10-20T00:08:01</date>
  <millis>1571522881234</millis>
  <sequence>251</sequence>
  <level>START</level>
  <class>com.kms.katalon.core.logging.XmlKeywordLogger</class>
  <method>startKeyword</method>
  <thread>1</thread>
  <message>Start action : scrollToElement(findTestObject(\&amp;quot;NouvelleReservations/Page_Application Hissab/button_Nouvelle Reservation\&amp;quot;), 0)</message>
  <nestedLevel>1</nestedLevel>
  <property name="startLine">17</property>
  <property name="stepIndex">1</property>
</record>
<record>
  <date>2019-10-20T00:08:01</date>
  <millis>1571522881239</millis>
  <sequence>255</sequence>
  <level>WARNING</level>
  <class>com.kms.katalon.core.logging.XmlKeywordLogger</class>
  <method>logMessage</method>
  <thread>1</thread>
  <message>Timeout &amp;apos;0&amp;apos; is invalid. Using default page load timeout: &amp;apos;30&amp;apos;</message>
  <nestedLevel>1</nestedLevel>
</record>
<record>
  <date>2019-10-20T00:08:01</date>
  <millis>1571522881342</millis>
  <sequence>260</sequence>
  <level>PASSED</level>
  <class>com.kms.katalon.core.logging.XmlKeywordLogger</class>
  <method>logMessage</method>
  <thread>1</thread>
  <message>Scroll to object &amp;apos;Object Repository/NouvelleReservations/Page_Application Hissab/button_Nouvelle Reservation&amp;apos; successfully</message>
  <nestedLevel>1</nestedLevel>
</record>
<record>
  <date>2019-10-20T00:08:01</date>
  <millis>1571522881343</millis>
  <sequence>261</sequence>
  <level>END</level>
  <class>com.kms.katalon.core.logging.XmlKeywordLogger</class>
  <method>endKeyword</method>
  <thread>1</thread>
  <message>End action : scrollToElement(findTestObject(\&amp;quot;NouvelleReservations/Page_Application Hissab/button_Nouvelle Reservation\&amp;quot;), 0)</message>
  <nestedLevel>1</nestedLevel>
</record>
<record>
  <date>2019-10-20T00:08:01</date>
  <millis>1571522881343</millis>
  <sequence>262</sequence>
  <level>START</level>
  <class>com.kms.katalon.core.logging.XmlKeywordLogger</class>
  <method>startKeyword</method>
  <thread>1</thread>
  <message>Start action : click(findTestObject(\&amp;quot;Object Repository/NouvelleReservations/Page_Application Hissab/button_Nouvelle Reservation\&amp;quot;))</message>
  <nestedLevel>1</nestedLevel>
  <property name="startLine">19</property>
  <property name="stepIndex">2</property>
</record>
<record>
  <date>2019-10-20T00:08:01</date>
  <millis>1571522881435</millis>
  <sequence>269</sequence>
  <level>PASSED</level>
  <class>com.kms.katalon.core.logging.XmlKeywordLogger</class>
  <method>logMessage</method>
  <thread>1</thread>
  <message>Object: &amp;apos;Object Repository/NouvelleReservations/Page_Application Hissab/button_Nouvelle Reservation&amp;apos; is clicked on</message>
  <nestedLevel>1</nestedLevel>
</record>
<record>
  <date>2019-10-20T00:08:01</date>
  <millis>1571522881436</millis>
  <sequence>270</sequence>
  <level>END</level>
  <class>com.kms.katalon.core.logging.XmlKeywordLogger</class>
  <method>endKeyword</method>
  <thread>1</thread>
  <message>End action : click(findTestObject(\&amp;quot;Object Repository/NouvelleReservations/Page_Application Hissab/button_Nouvelle Reservation\&amp;quot;))</message>
  <nestedLevel>1</nestedLevel>
</record>
<record>
  <date>2019-10-20T00:08:01</date>
  <millis>1571522881437</millis>
  <sequence>271</sequence>
  <level>START</level>
  <class>com.kms.katalon.core.logging.XmlKeywordLogger</class>
  <method>startKeyword</method>
  <thread>1</thread>
  <message>Start action : selectOptionByValue(findTestObject(\&amp;quot;Object Repository/NouvelleReservations/Page_Application Hissab/select_Appartement 0Appartemen\&amp;quot;), Appartement, true)</message>
  <nestedLevel>1</nestedLevel>
  <property name="startLine">21</property>
  <property name="stepIndex">3</property>
</record>
<record>
  <date>2019-10-20T00:08:01</date>
  <millis>1571522881669</millis>
  <sequence>280</sequence>
  <level>PASSED</level>
  <class>com.kms.katalon.core.logging.XmlKeywordLogger</class>
  <method>logMessage</method>
  <thread>1</thread>
  <message>All options with value &amp;apos;Appartement 5&amp;apos; are selected in object &amp;apos;Object Repository/NouvelleReservations/Page_Application Hissab/select_Appartement 0Appartemen&amp;apos;  using regular expression</message>
  <nestedLevel>1</nestedLevel>
</record>
<record>
  <date>2019-10-20T00:08:01</date>
  <millis>1571522881670</millis>
  <sequence>281</sequence>
  <level>END</level>
  <class>com.kms.katalon.core.logging.XmlKeywordLogger</class>
  <method>endKeyword</method>
  <thread>1</thread>
  <message>End action : selectOptionByValue(findTestObject(\&amp;quot;Object Repository/NouvelleReservations/Page_Application Hissab/select_Appartement 0Appartemen\&amp;quot;), Appartement, true)</message>
  <nestedLevel>1</nestedLevel>
</record>
<record>
  <date>2019-10-20T00:08:01</date>
  <millis>1571522881672</millis>
  <sequence>282</sequence>
  <level>START</level>
  <class>com.kms.katalon.core.logging.XmlKeywordLogger</class>
  <method>startKeyword</method>
  <thread>1</thread>
  <message>Start action : setText(findTestObject(\&amp;quot;Object Repository/NouvelleReservations/Page_Application Hissab/input_Nom complet_nomcomplet\&amp;quot;), Nom_Client)</message>
  <nestedLevel>1</nestedLevel>
  <property name="startLine">24</property>
  <property name="stepIndex">4</property>
</record>
<record>
  <date>2019-10-20T00:08:01</date>
  <millis>1571522881918</millis>
  <sequence>294</sequence>
  <level>PASSED</level>
  <class>com.kms.katalon.core.logging.XmlKeywordLogger</class>
  <method>logMessage</method>
  <thread>1</thread>
  <message>Text &amp;apos; Jacques Chirac&amp;apos; is set on object &amp;apos;Object Repository/NouvelleReservations/Page_Application Hissab/input_Nom complet_nomcomplet&amp;apos;</message>
  <nestedLevel>1</nestedLevel>
</record>
<record>
  <date>2019-10-20T00:08:01</date>
  <millis>1571522881919</millis>
  <sequence>295</sequence>
  <level>END</level>
  <class>com.kms.katalon.core.logging.XmlKeywordLogger</class>
  <method>endKeyword</method>
  <thread>1</thread>
  <message>End action : setText(findTestObject(\&amp;quot;Object Repository/NouvelleReservations/Page_Application Hissab/input_Nom complet_nomcomplet\&amp;quot;), Nom_Client)</message>
  <nestedLevel>1</nestedLevel>
</record>
<record>
  <date>2019-10-20T00:08:01</date>
  <millis>1571522881919</millis>
  <sequence>296</sequence>
  <level>START</level>
  <class>com.kms.katalon.core.logging.XmlKeywordLogger</class>
  <method>startKeyword</method>
  <thread>1</thread>
  <message>Start action : sendKeys(findTestObject(\&amp;quot;Object Repository/NouvelleReservations/Page_Application Hissab/input_Tlphone_phone\&amp;quot;), Keys.chord(ENTER))</message>
  <nestedLevel>1</nestedLevel>
  <property name="startLine">27</property>
  <property name="stepIndex">5</property>
</record>
<record>
  <date>2019-10-20T00:08:01</date>
  <millis>1571522881982</millis>
  <sequence>302</sequence>
  <level>PASSED</level>
  <class>com.kms.katalon.core.logging.XmlKeywordLogger</class>
  <method>logMessage</method>
  <thread>1</thread>
  <message>Keys &amp;apos;ENTER + &amp;apos; sent to object: &amp;apos;Object Repository/NouvelleReservations/Page_Application Hissab/input_Tlphone_phone&amp;apos;</message>
  <nestedLevel>1</nestedLevel>
</record>
<record>
  <date>2019-10-20T00:08:01</date>
  <millis>1571522881982</millis>
  <sequence>303</sequence>
  <level>END</level>
  <class>com.kms.katalon.core.logging.XmlKeywordLogger</class>
  <method>endKeyword</method>
  <thread>1</thread>
  <message>End action : sendKeys(findTestObject(\&amp;quot;Object Repository/NouvelleReservations/Page_Application Hissab/input_Tlphone_phone\&amp;quot;), Keys.chord(ENTER))</message>
  <nestedLevel>1</nestedLevel>
</record>
<record>
  <date>2019-10-20T00:08:01</date>
  <millis>1571522881983</millis>
  <sequence>304</sequence>
  <level>START</level>
  <class>com.kms.katalon.core.logging.XmlKeywordLogger</class>
  <method>startKeyword</method>
  <thread>1</thread>
  <message>Start action : setText(findTestObject(\&amp;quot;Object Repository/NouvelleReservations/Page_Application Hissab/input_Tlphone_phone\&amp;quot;), Phone)</message>
  <nestedLevel>1</nestedLevel>
  <property name="startLine">30</property>
  <property name="stepIndex">6</property>
</record>
<record>
  <date>2019-10-20T00:08:02</date>
  <millis>1571522882204</millis>
  <sequence>316</sequence>
  <level>PASSED</level>
  <class>com.kms.katalon.core.logging.XmlKeywordLogger</class>
  <method>logMessage</method>
  <thread>1</thread>
  <message>Text &amp;apos;+2123004903403&amp;apos; is set on object &amp;apos;Object Repository/NouvelleReservations/Page_Application Hissab/input_Tlphone_phone&amp;apos;</message>
  <nestedLevel>1</nestedLevel>
</record>
<record>
  <date>2019-10-20T00:08:02</date>
  <millis>1571522882205</millis>
  <sequence>317</sequence>
  <level>END</level>
  <class>com.kms.katalon.core.logging.XmlKeywordLogger</class>
  <method>endKeyword</method>
  <thread>1</thread>
  <message>End action : setText(findTestObject(\&amp;quot;Object Repository/NouvelleReservations/Page_Application Hissab/input_Tlphone_phone\&amp;quot;), Phone)</message>
  <nestedLevel>1</nestedLevel>
</record>
<record>
  <date>2019-10-20T00:08:02</date>
  <millis>1571522882205</millis>
  <sequence>318</sequence>
  <level>START</level>
  <class>com.kms.katalon.core.logging.XmlKeywordLogger</class>
  <method>startKeyword</method>
  <thread>1</thread>
  <message>Start action : setText(findTestObject(\&amp;quot;Object Repository/NouvelleReservations/Page_Application Hissab/input_Prix_prix\&amp;quot;), Prix)</message>
  <nestedLevel>1</nestedLevel>
  <property name="startLine">32</property>
  <property name="stepIndex">7</property>
</record>
<record>
  <date>2019-10-20T00:08:02</date>
  <millis>1571522882366</millis>
  <sequence>330</sequence>
  <level>PASSED</level>
  <class>com.kms.katalon.core.logging.XmlKeywordLogger</class>
  <method>logMessage</method>
  <thread>1</thread>
  <message>Text &amp;apos; 400&amp;apos; is set on object &amp;apos;Object Repository/NouvelleReservations/Page_Application Hissab/input_Prix_prix&amp;apos;</message>
  <nestedLevel>1</nestedLevel>
</record>
<record>
  <date>2019-10-20T00:08:02</date>
  <millis>1571522882367</millis>
  <sequence>331</sequence>
  <level>END</level>
  <class>com.kms.katalon.core.logging.XmlKeywordLogger</class>
  <method>endKeyword</method>
  <thread>1</thread>
  <message>End action : setText(findTestObject(\&amp;quot;Object Repository/NouvelleReservations/Page_Application Hissab/input_Prix_prix\&amp;quot;), Prix)</message>
  <nestedLevel>1</nestedLevel>
</record>
<record>
  <date>2019-10-20T00:08:02</date>
  <millis>1571522882367</millis>
  <sequence>332</sequence>
  <level>START</level>
  <class>com.kms.katalon.core.logging.XmlKeywordLogger</class>
  <method>startKeyword</method>
  <thread>1</thread>
  <message>Start action : selectOptionByValue(findTestObject(\&amp;quot;Object Repository/NouvelleReservations/Page_Application Hissab/select_EurosDirhams\&amp;quot;), Devise, true)</message>
  <nestedLevel>1</nestedLevel>
  <property name="startLine">34</property>
  <property name="stepIndex">8</property>
</record>
<record>
  <date>2019-10-20T00:08:02</date>
  <millis>1571522882486</millis>
  <sequence>341</sequence>
  <level>PASSED</level>
  <class>com.kms.katalon.core.logging.XmlKeywordLogger</class>
  <method>logMessage</method>
  <thread>1</thread>
  <message>All options with value &amp;apos;Euros&amp;apos; are selected in object &amp;apos;Object Repository/NouvelleReservations/Page_Application Hissab/select_EurosDirhams&amp;apos;  using regular expression</message>
  <nestedLevel>1</nestedLevel>
</record>
<record>
  <date>2019-10-20T00:08:02</date>
  <millis>1571522882486</millis>
  <sequence>342</sequence>
  <level>END</level>
  <class>com.kms.katalon.core.logging.XmlKeywordLogger</class>
  <method>endKeyword</method>
  <thread>1</thread>
  <message>End action : selectOptionByValue(findTestObject(\&amp;quot;Object Repository/NouvelleReservations/Page_Application Hissab/select_EurosDirhams\&amp;quot;), Devise, true)</message>
  <nestedLevel>1</nestedLevel>
</record>
<record>
  <date>2019-10-20T00:08:02</date>
  <millis>1571522882486</millis>
  <sequence>343</sequence>
  <level>START</level>
  <class>com.kms.katalon.core.logging.XmlKeywordLogger</class>
  <method>startKeyword</method>
  <thread>1</thread>
  <message>Start action : selectOptionByValue(findTestObject(\&amp;quot;Object Repository/NouvelleReservations/Page_Application Hissab/select_A pay en ligneVa payer\&amp;quot;), Mode_paiement, true)</message>
  <nestedLevel>1</nestedLevel>
  <property name="startLine">37</property>
  <property name="stepIndex">9</property>
</record>
<record>
  <date>2019-10-20T00:08:02</date>
  <millis>1571522882606</millis>
  <sequence>352</sequence>
  <level>PASSED</level>
  <class>com.kms.katalon.core.logging.XmlKeywordLogger</class>
  <method>logMessage</method>
  <thread>1</thread>
  <message>All options with value &amp;apos;Va payer sur place&amp;apos; are selected in object &amp;apos;Object Repository/NouvelleReservations/Page_Application Hissab/select_A pay en ligneVa payer&amp;apos;  using regular expression</message>
  <nestedLevel>1</nestedLevel>
</record>
<record>
  <date>2019-10-20T00:08:02</date>
  <millis>1571522882607</millis>
  <sequence>353</sequence>
  <level>END</level>
  <class>com.kms.katalon.core.logging.XmlKeywordLogger</class>
  <method>endKeyword</method>
  <thread>1</thread>
  <message>End action : selectOptionByValue(findTestObject(\&amp;quot;Object Repository/NouvelleReservations/Page_Application Hissab/select_A pay en ligneVa payer\&amp;quot;), Mode_paiement, true)</message>
  <nestedLevel>1</nestedLevel>
</record>
<record>
  <date>2019-10-20T00:08:02</date>
  <millis>1571522882608</millis>
  <sequence>354</sequence>
  <level>START</level>
  <class>com.kms.katalon.core.logging.XmlKeywordLogger</class>
  <method>startKeyword</method>
  <thread>1</thread>
  <message>Start action : selectOptionByValue(findTestObject(\&amp;quot;Object Repository/NouvelleReservations/Page_Application Hissab/select_012345678 et\&amp;quot;), \&amp;quot;2\&amp;quot;, true)</message>
  <nestedLevel>1</nestedLevel>
  <property name="startLine">40</property>
  <property name="stepIndex">10</property>
</record>
<record>
  <date>2019-10-20T00:08:02</date>
  <millis>1571522882838</millis>
  <sequence>363</sequence>
  <level>PASSED</level>
  <class>com.kms.katalon.core.logging.XmlKeywordLogger</class>
  <method>logMessage</method>
  <thread>1</thread>
  <message>All options with value &amp;apos;2&amp;apos; are selected in object &amp;apos;Object Repository/NouvelleReservations/Page_Application Hissab/select_012345678 et&amp;apos;  using regular expression</message>
  <nestedLevel>1</nestedLevel>
</record>
<record>
  <date>2019-10-20T00:08:02</date>
  <millis>1571522882839</millis>
  <sequence>364</sequence>
  <level>END</level>
  <class>com.kms.katalon.core.logging.XmlKeywordLogger</class>
  <method>endKeyword</method>
  <thread>1</thread>
  <message>End action : selectOptionByValue(findTestObject(\&amp;quot;Object Repository/NouvelleReservations/Page_Application Hissab/select_012345678 et\&amp;quot;), \&amp;quot;2\&amp;quot;, true)</message>
  <nestedLevel>1</nestedLevel>
</record>
<record>
  <date>2019-10-20T00:08:02</date>
  <millis>1571522882839</millis>
  <sequence>365</sequence>
  <level>START</level>
  <class>com.kms.katalon.core.logging.XmlKeywordLogger</class>
  <method>startKeyword</method>
  <thread>1</thread>
  <message>Start action : selectOptionByValue(findTestObject(\&amp;quot;Object Repository/NouvelleReservations/Page_Application Hissab/select_012345678 et _1\&amp;quot;), \&amp;quot;3\&amp;quot;, true)</message>
  <nestedLevel>1</nestedLevel>
  <property name="startLine">43</property>
  <property name="stepIndex">11</property>
</record>
<record>
  <date>2019-10-20T00:08:03</date>
  <millis>1571522883084</millis>
  <sequence>374</sequence>
  <level>PASSED</level>
  <class>com.kms.katalon.core.logging.XmlKeywordLogger</class>
  <method>logMessage</method>
  <thread>1</thread>
  <message>All options with value &amp;apos;3&amp;apos; are selected in object &amp;apos;Object Repository/NouvelleReservations/Page_Application Hissab/select_012345678 et _1&amp;apos;  using regular expression</message>
  <nestedLevel>1</nestedLevel>
</record>
<record>
  <date>2019-10-20T00:08:03</date>
  <millis>1571522883085</millis>
  <sequence>375</sequence>
  <level>END</level>
  <class>com.kms.katalon.core.logging.XmlKeywordLogger</class>
  <method>endKeyword</method>
  <thread>1</thread>
  <message>End action : selectOptionByValue(findTestObject(\&amp;quot;Object Repository/NouvelleReservations/Page_Application Hissab/select_012345678 et _1\&amp;quot;), \&amp;quot;3\&amp;quot;, true)</message>
  <nestedLevel>1</nestedLevel>
</record>
<record>
  <date>2019-10-20T00:08:03</date>
  <millis>1571522883086</millis>
  <sequence>376</sequence>
  <level>START</level>
  <class>com.kms.katalon.core.logging.XmlKeywordLogger</class>
  <method>startKeyword</method>
  <thread>1</thread>
  <message>Start action : setText(findTestObject(\&amp;quot;Object Repository/NouvelleReservations/Page_Application Hissab/textarea_Commentaires (faculta\&amp;quot;), Comments)</message>
  <nestedLevel>1</nestedLevel>
  <property name="startLine">46</property>
  <property name="stepIndex">12</property>
</record>
<record>
  <date>2019-10-20T00:08:03</date>
  <millis>1571522883314</millis>
  <sequence>388</sequence>
  <level>PASSED</level>
  <class>com.kms.katalon.core.logging.XmlKeywordLogger</class>
  <method>logMessage</method>
  <thread>1</thread>
  <message>Text &amp;apos; Riji m3a 2h diel sba7&amp;apos; is set on object &amp;apos;Object Repository/NouvelleReservations/Page_Application Hissab/textarea_Commentaires (faculta&amp;apos;</message>
  <nestedLevel>1</nestedLevel>
</record>
<record>
  <date>2019-10-20T00:08:03</date>
  <millis>1571522883315</millis>
  <sequence>389</sequence>
  <level>END</level>
  <class>com.kms.katalon.core.logging.XmlKeywordLogger</class>
  <method>endKeyword</method>
  <thread>1</thread>
  <message>End action : setText(findTestObject(\&amp;quot;Object Repository/NouvelleReservations/Page_Application Hissab/textarea_Commentaires (faculta\&amp;quot;), Comments)</message>
  <nestedLevel>1</nestedLevel>
</record>
<record>
  <date>2019-10-20T00:08:03</date>
  <millis>1571522883315</millis>
  <sequence>390</sequence>
  <level>START</level>
  <class>com.kms.katalon.core.logging.XmlKeywordLogger</class>
  <method>startKeyword</method>
  <thread>1</thread>
  <message>Start action : scrollToElement(findTestObject(\&amp;quot;NouvelleReservations/Page_Application Hissab/button_Enregistrer\&amp;quot;), 0)</message>
  <nestedLevel>1</nestedLevel>
  <property name="startLine">49</property>
  <property name="stepIndex">13</property>
</record>
<record>
  <date>2019-10-20T00:08:03</date>
  <millis>1571522883320</millis>
  <sequence>394</sequence>
  <level>WARNING</level>
  <class>com.kms.katalon.core.logging.XmlKeywordLogger</class>
  <method>logMessage</method>
  <thread>1</thread>
  <message>Timeout &amp;apos;0&amp;apos; is invalid. Using default page load timeout: &amp;apos;30&amp;apos;</message>
  <nestedLevel>1</nestedLevel>
</record>
<record>
  <date>2019-10-20T00:08:03</date>
  <millis>1571522883351</millis>
  <sequence>399</sequence>
  <level>PASSED</level>
  <class>com.kms.katalon.core.logging.XmlKeywordLogger</class>
  <method>logMessage</method>
  <thread>1</thread>
  <message>Scroll to object &amp;apos;Object Repository/NouvelleReservations/Page_Application Hissab/button_Enregistrer&amp;apos; successfully</message>
  <nestedLevel>1</nestedLevel>
</record>
<record>
  <date>2019-10-20T00:08:03</date>
  <millis>1571522883351</millis>
  <sequence>400</sequence>
  <level>END</level>
  <class>com.kms.katalon.core.logging.XmlKeywordLogger</class>
  <method>endKeyword</method>
  <thread>1</thread>
  <message>End action : scrollToElement(findTestObject(\&amp;quot;NouvelleReservations/Page_Application Hissab/button_Enregistrer\&amp;quot;), 0)</message>
  <nestedLevel>1</nestedLevel>
</record>
<record>
  <date>2019-10-20T00:08:03</date>
  <millis>1571522883352</millis>
  <sequence>401</sequence>
  <level>START</level>
  <class>com.kms.katalon.core.logging.XmlKeywordLogger</class>
  <method>startKeyword</method>
  <thread>1</thread>
  <message>Start action : click(findTestObject(\&amp;quot;Object Repository/NouvelleReservations/Page_Application Hissab/button_Enregistrer\&amp;quot;))</message>
  <nestedLevel>1</nestedLevel>
  <property name="startLine">51</property>
  <property name="stepIndex">14</property>
</record>
<record>
  <date>2019-10-20T00:08:03</date>
  <millis>1571522883538</millis>
  <sequence>408</sequence>
  <level>PASSED</level>
  <class>com.kms.katalon.core.logging.XmlKeywordLogger</class>
  <method>logMessage</method>
  <thread>1</thread>
  <message>Object: &amp;apos;Object Repository/NouvelleReservations/Page_Application Hissab/button_Enregistrer&amp;apos; is clicked on</message>
  <nestedLevel>1</nestedLevel>
</record>
<record>
  <date>2019-10-20T00:08:03</date>
  <millis>1571522883539</millis>
  <sequence>409</sequence>
  <level>END</level>
  <class>com.kms.katalon.core.logging.XmlKeywordLogger</class>
  <method>endKeyword</method>
  <thread>1</thread>
  <message>End action : click(findTestObject(\&amp;quot;Object Repository/NouvelleReservations/Page_Application Hissab/button_Enregistrer\&amp;quot;))</message>
  <nestedLevel>1</nestedLevel>
</record>
<record>
  <date>2019-10-20T00:08:03</date>
  <millis>1571522883539</millis>
  <sequence>410</sequence>
  <level>PASSED</level>
  <class>com.kms.katalon.core.logging.XmlKeywordLogger</class>
  <method>logMessage</method>
  <thread>1</thread>
  <message>Test Cases/NewReservation</message>
  <nestedLevel>1</nestedLevel>
</record>
<record>
  <date>2019-10-20T00:08:03</date>
  <millis>1571522883540</millis>
  <sequence>411</sequence>
  <level>END</level>
  <class>com.kms.katalon.core.logging.XmlKeywordLogger</class>
  <method>endTest</method>
  <thread>1</thread>
  <message>End Test Case : Test Cases/NewReservation</message>
  <nestedLevel>0</nestedLevel>
</record>
<record>
  <date>2019-10-20T00:08:03</date>
  <millis>1571522883545</millis>
  <sequence>412</sequence>
  <level>START</level>
  <class>com.kms.katalon.core.logging.XmlKeywordLogger</class>
  <method>startTest</method>
  <thread>1</thread>
  <message>Start Test Case : Test Cases/CloseTheBrowser</message>
  <nestedLevel>1</nestedLevel>
  <property name="name">Test Cases/CloseTheBrowser</property>
  <property name="description"></property>
  <property name="id">Test Cases/CloseTheBrowser</property>
  <property name="source">C:\\Users\\bouda\\Katalon Studio\\Hissab\\Test Cases\\CloseTheBrowser.tc</property>
  <property name="isOptional">false</property>
</record>
<record>
  <date>2019-10-20T00:08:03</date>
  <millis>1571522883565</millis>
  <sequence>414</sequence>
  <level>INFO</level>
  <class>com.kms.katalon.core.logging.XmlKeywordLogger</class>
  <method>logMessage</method>
  <thread>1</thread>
  <message>(Default) Nom_Client = NOM PRENOM</message>
  <nestedLevel>1</nestedLevel>
</record>
<record>
  <date>2019-10-20T00:08:03</date>
  <millis>1571522883578</millis>
  <sequence>415</sequence>
  <level>INFO</level>
  <class>com.kms.katalon.core.logging.XmlKeywordLogger</class>
  <method>logMessage</method>
  <thread>1</thread>
  <message>(Default) Prix = 12345</message>
  <nestedLevel>1</nestedLevel>
</record>
<record>
  <date>2019-10-20T00:08:03</date>
  <millis>1571522883610</millis>
  <sequence>416</sequence>
  <level>INFO</level>
  <class>com.kms.katalon.core.logging.XmlKeywordLogger</class>
  <method>logMessage</method>
  <thread>1</thread>
  <message>(Default) Comments = Pas de commentaire</message>
  <nestedLevel>1</nestedLevel>
</record>
<record>
  <date>2019-10-20T00:08:03</date>
  <millis>1571522883939</millis>
  <sequence>417</sequence>
  <level>START</level>
  <class>com.kms.katalon.core.logging.XmlKeywordLogger</class>
  <method>startKeyword</method>
  <thread>1</thread>
  <message>Start action : closeBrowser(STOP_ON_FAILURE)</message>
  <nestedLevel>1</nestedLevel>
  <property name="startLine">17</property>
  <property name="stepIndex">1</property>
</record>
<record>
  <date>2019-10-20T00:08:04</date>
  <millis>1571522884898</millis>
  <sequence>419</sequence>
  <level>PASSED</level>
  <class>com.kms.katalon.core.logging.XmlKeywordLogger</class>
  <method>logMessage</method>
  <thread>1</thread>
  <message>Browser is closed</message>
  <nestedLevel>1</nestedLevel>
</record>
<record>
  <date>2019-10-20T00:08:04</date>
  <millis>1571522884899</millis>
  <sequence>420</sequence>
  <level>END</level>
  <class>com.kms.katalon.core.logging.XmlKeywordLogger</class>
  <method>endKeyword</method>
  <thread>1</thread>
  <message>End action : closeBrowser(STOP_ON_FAILURE)</message>
  <nestedLevel>1</nestedLevel>
</record>
<record>
  <date>2019-10-20T00:08:04</date>
  <millis>1571522884900</millis>
  <sequence>421</sequence>
  <level>PASSED</level>
  <class>com.kms.katalon.core.logging.XmlKeywordLogger</class>
  <method>logMessage</method>
  <thread>1</thread>
  <message>Test Cases/CloseTheBrowser</message>
  <nestedLevel>1</nestedLevel>
</record>
<record>
  <date>2019-10-20T00:08:04</date>
  <millis>1571522884901</millis>
  <sequence>422</sequence>
  <level>END</level>
  <class>com.kms.katalon.core.logging.XmlKeywordLogger</class>
  <method>endTest</method>
  <thread>1</thread>
  <message>End Test Case : Test Cases/CloseTheBrowser</message>
  <nestedLevel>0</nestedLevel>
</record>
<record>
  <date>2019-10-20T00:08:04</date>
  <millis>1571522884904</millis>
  <sequence>423</sequence>
  <level>END</level>
  <class>com.kms.katalon.core.logging.XmlKeywordLogger</class>
  <method>endSuite</method>
  <thread>1</thread>
  <message>End Test Suite : Test Suites/Reservations/NouvelleReservation</message>
  <nestedLevel>0</nestedLevel>
</record>
</log>
