<?xml version="1.0" encoding="UTF-8" standalone="no"?>
<!DOCTYPE log SYSTEM "logger.dtd">
<log>
<record>
  <date>2019-10-20T00:29:08</date>
  <millis>1571524148203</millis>
  <sequence>0</sequence>
  <level>START</level>
  <class>com.kms.katalon.core.logging.XmlKeywordLogger</class>
  <method>startSuite</method>
  <thread>1</thread>
  <message>Start Test Suite : Test Suites/Reservations/NouvelleReservation</message>
  <nestedLevel>0</nestedLevel>
  <property name="name">NouvelleReservation</property>
  <property name="description"></property>
  <property name="id">Test Suites/Reservations/NouvelleReservation</property>
</record>
<record>
  <date>2019-10-20T00:29:08</date>
  <millis>1571524148225</millis>
  <sequence>1</sequence>
  <level>RUN_DATA</level>
  <class>com.kms.katalon.core.logging.XmlKeywordLogger</class>
  <method>logMessage</method>
  <thread>1</thread>
  <message>hostName = bouda - DESKTOP-L8US96K</message>
  <nestedLevel>0</nestedLevel>
  <property name="hostName">bouda - DESKTOP-L8US96K</property>
</record>
<record>
  <date>2019-10-20T00:29:08</date>
  <millis>1571524148225</millis>
  <sequence>2</sequence>
  <level>RUN_DATA</level>
  <class>com.kms.katalon.core.logging.XmlKeywordLogger</class>
  <method>logMessage</method>
  <thread>1</thread>
  <message>os = Windows 10 64bit</message>
  <nestedLevel>0</nestedLevel>
  <property name="os">Windows 10 64bit</property>
</record>
<record>
  <date>2019-10-20T00:29:08</date>
  <millis>1571524148226</millis>
  <sequence>3</sequence>
  <level>RUN_DATA</level>
  <class>com.kms.katalon.core.logging.XmlKeywordLogger</class>
  <method>logMessage</method>
  <thread>1</thread>
  <message>hostAddress = 192.168.99.1</message>
  <nestedLevel>0</nestedLevel>
  <property name="hostAddress">192.168.99.1</property>
</record>
<record>
  <date>2019-10-20T00:29:08</date>
  <millis>1571524148228</millis>
  <sequence>4</sequence>
  <level>RUN_DATA</level>
  <class>com.kms.katalon.core.logging.XmlKeywordLogger</class>
  <method>logMessage</method>
  <thread>1</thread>
  <message>katalonVersion = 5.9.1.2</message>
  <nestedLevel>0</nestedLevel>
  <property name="katalonVersion">5.9.1.2</property>
</record>
<record>
  <date>2019-10-20T00:29:08</date>
  <millis>1571524148624</millis>
  <sequence>5</sequence>
  <level>START</level>
  <class>com.kms.katalon.core.logging.XmlKeywordLogger</class>
  <method>startTest</method>
  <thread>1</thread>
  <message>Start Test Case : Test Cases/OpenTheBrowser</message>
  <nestedLevel>1</nestedLevel>
  <property name="name">Test Cases/OpenTheBrowser</property>
  <property name="description"></property>
  <property name="id">Test Cases/OpenTheBrowser</property>
  <property name="source">C:\\Users\\bouda\\Katalon Studio\\Hissab\\Test Cases\\OpenTheBrowser.tc</property>
  <property name="isOptional">false</property>
</record>
<record>
  <date>2019-10-20T00:29:08</date>
  <millis>1571524148765</millis>
  <sequence>7</sequence>
  <level>INFO</level>
  <class>com.kms.katalon.core.logging.XmlKeywordLogger</class>
  <method>logMessage</method>
  <thread>1</thread>
  <message>(Default) Nom_Client = NOM PRENOM</message>
  <nestedLevel>1</nestedLevel>
</record>
<record>
  <date>2019-10-20T00:29:08</date>
  <millis>1571524148781</millis>
  <sequence>8</sequence>
  <level>INFO</level>
  <class>com.kms.katalon.core.logging.XmlKeywordLogger</class>
  <method>logMessage</method>
  <thread>1</thread>
  <message>(Default) Prix = 12345</message>
  <nestedLevel>1</nestedLevel>
</record>
<record>
  <date>2019-10-20T00:29:08</date>
  <millis>1571524148790</millis>
  <sequence>9</sequence>
  <level>INFO</level>
  <class>com.kms.katalon.core.logging.XmlKeywordLogger</class>
  <method>logMessage</method>
  <thread>1</thread>
  <message>(Default) Comments = Pas de commentaire</message>
  <nestedLevel>1</nestedLevel>
</record>
<record>
  <date>2019-10-20T00:29:09</date>
  <millis>1571524149227</millis>
  <sequence>10</sequence>
  <level>START</level>
  <class>com.kms.katalon.core.logging.XmlKeywordLogger</class>
  <method>startKeyword</method>
  <thread>1</thread>
  <message>Start action : openBrowser(\&amp;quot;\&amp;quot;)</message>
  <nestedLevel>1</nestedLevel>
  <property name="startLine">17</property>
  <property name="stepIndex">1</property>
</record>
<record>
  <date>2019-10-20T00:29:09</date>
  <millis>1571524149715</millis>
  <sequence>12</sequence>
  <level>INFO</level>
  <class>com.kms.katalon.core.logging.XmlKeywordLogger</class>
  <method>logMessage</method>
  <thread>1</thread>
  <message>Starting &amp;apos;Chrome&amp;apos; driver</message>
  <nestedLevel>1</nestedLevel>
</record>
<record>
  <date>2019-10-20T00:29:09</date>
  <millis>1571524149790</millis>
  <sequence>13</sequence>
  <level>INFO</level>
  <class>com.kms.katalon.core.logging.XmlKeywordLogger</class>
  <method>logMessage</method>
  <thread>1</thread>
  <message>Action delay is set to 0 seconds</message>
  <nestedLevel>1</nestedLevel>
</record>
<record>
  <date>2019-10-20T00:29:13</date>
  <millis>1571524153257</millis>
  <sequence>15</sequence>
  <level>RUN_DATA</level>
  <class>com.kms.katalon.core.logging.XmlKeywordLogger</class>
  <method>logMessage</method>
  <thread>1</thread>
  <message>sessionId = 0e5e1446d6a3b46f2b25ca72a31d6402</message>
  <nestedLevel>1</nestedLevel>
  <property name="sessionId">0e5e1446d6a3b46f2b25ca72a31d6402</property>
</record>
<record>
  <date>2019-10-20T00:29:13</date>
  <millis>1571524153290</millis>
  <sequence>16</sequence>
  <level>RUN_DATA</level>
  <class>com.kms.katalon.core.logging.XmlKeywordLogger</class>
  <method>logMessage</method>
  <thread>1</thread>
  <message>browser = Chrome 77.0.3865.120</message>
  <nestedLevel>1</nestedLevel>
  <property name="browser">Chrome 77.0.3865.120</property>
</record>
<record>
  <date>2019-10-20T00:29:13</date>
  <millis>1571524153291</millis>
  <sequence>17</sequence>
  <level>RUN_DATA</level>
  <class>com.kms.katalon.core.logging.XmlKeywordLogger</class>
  <method>logMessage</method>
  <thread>1</thread>
  <message>platform = Windows 10</message>
  <nestedLevel>1</nestedLevel>
  <property name="platform">Windows 10</property>
</record>
<record>
  <date>2019-10-20T00:29:13</date>
  <millis>1571524153294</millis>
  <sequence>18</sequence>
  <level>RUN_DATA</level>
  <class>com.kms.katalon.core.logging.XmlKeywordLogger</class>
  <method>logMessage</method>
  <thread>1</thread>
  <message>seleniumVersion = 3.7.1</message>
  <nestedLevel>1</nestedLevel>
  <property name="seleniumVersion">3.7.1</property>
</record>
<record>
  <date>2019-10-20T00:29:13</date>
  <millis>1571524153295</millis>
  <sequence>19</sequence>
  <level>RUN_DATA</level>
  <class>com.kms.katalon.core.logging.XmlKeywordLogger</class>
  <method>logMessage</method>
  <thread>1</thread>
  <message>proxyInformation = ProxyInformation{proxyOption=NO_PROXY, proxyServerType=HTTP, password=, proxyServerAddress=, proxyServerPort=0}</message>
  <nestedLevel>1</nestedLevel>
  <property name="proxyInformation">ProxyInformation{proxyOption=NO_PROXY, proxyServerType=HTTP, password=, proxyServerAddress=, proxyServerPort=0}</property>
</record>
<record>
  <date>2019-10-20T00:29:13</date>
  <millis>1571524153296</millis>
  <sequence>20</sequence>
  <level>PASSED</level>
  <class>com.kms.katalon.core.logging.XmlKeywordLogger</class>
  <method>logMessage</method>
  <thread>1</thread>
  <message>Browser is opened with url: &amp;apos;&amp;apos;</message>
  <nestedLevel>1</nestedLevel>
</record>
<record>
  <date>2019-10-20T00:29:13</date>
  <millis>1571524153297</millis>
  <sequence>21</sequence>
  <level>END</level>
  <class>com.kms.katalon.core.logging.XmlKeywordLogger</class>
  <method>endKeyword</method>
  <thread>1</thread>
  <message>End action : openBrowser(\&amp;quot;\&amp;quot;)</message>
  <nestedLevel>1</nestedLevel>
</record>
<record>
  <date>2019-10-20T00:29:13</date>
  <millis>1571524153297</millis>
  <sequence>22</sequence>
  <level>START</level>
  <class>com.kms.katalon.core.logging.XmlKeywordLogger</class>
  <method>startKeyword</method>
  <thread>1</thread>
  <message>Start action : navigateToUrl(\&amp;quot;http://localhost:4200/\&amp;quot;)</message>
  <nestedLevel>1</nestedLevel>
  <property name="startLine">19</property>
  <property name="stepIndex">2</property>
</record>
<record>
  <date>2019-10-20T00:29:16</date>
  <millis>1571524156414</millis>
  <sequence>25</sequence>
  <level>PASSED</level>
  <class>com.kms.katalon.core.logging.XmlKeywordLogger</class>
  <method>logMessage</method>
  <thread>1</thread>
  <message>Navigate to &amp;apos;http://localhost:4200/&amp;apos; successfully</message>
  <nestedLevel>1</nestedLevel>
</record>
<record>
  <date>2019-10-20T00:29:16</date>
  <millis>1571524156415</millis>
  <sequence>26</sequence>
  <level>END</level>
  <class>com.kms.katalon.core.logging.XmlKeywordLogger</class>
  <method>endKeyword</method>
  <thread>1</thread>
  <message>End action : navigateToUrl(\&amp;quot;http://localhost:4200/\&amp;quot;)</message>
  <nestedLevel>1</nestedLevel>
</record>
<record>
  <date>2019-10-20T00:29:16</date>
  <millis>1571524156415</millis>
  <sequence>27</sequence>
  <level>START</level>
  <class>com.kms.katalon.core.logging.XmlKeywordLogger</class>
  <method>startKeyword</method>
  <thread>1</thread>
  <message>Start action : click(findTestObject(\&amp;quot;Object Repository/NouvelleReservations/Page_Application Hissab/h2_Bienvenue\&amp;quot;))</message>
  <nestedLevel>1</nestedLevel>
  <property name="startLine">21</property>
  <property name="stepIndex">3</property>
</record>
<record>
  <date>2019-10-20T00:29:17</date>
  <millis>1571524157636</millis>
  <sequence>34</sequence>
  <level>PASSED</level>
  <class>com.kms.katalon.core.logging.XmlKeywordLogger</class>
  <method>logMessage</method>
  <thread>1</thread>
  <message>Object: &amp;apos;Object Repository/NouvelleReservations/Page_Application Hissab/h2_Bienvenue&amp;apos; is clicked on</message>
  <nestedLevel>1</nestedLevel>
</record>
<record>
  <date>2019-10-20T00:29:17</date>
  <millis>1571524157637</millis>
  <sequence>35</sequence>
  <level>END</level>
  <class>com.kms.katalon.core.logging.XmlKeywordLogger</class>
  <method>endKeyword</method>
  <thread>1</thread>
  <message>End action : click(findTestObject(\&amp;quot;Object Repository/NouvelleReservations/Page_Application Hissab/h2_Bienvenue\&amp;quot;))</message>
  <nestedLevel>1</nestedLevel>
</record>
<record>
  <date>2019-10-20T00:29:17</date>
  <millis>1571524157637</millis>
  <sequence>36</sequence>
  <level>START</level>
  <class>com.kms.katalon.core.logging.XmlKeywordLogger</class>
  <method>startKeyword</method>
  <thread>1</thread>
  <message>Start action : setText(findTestObject(\&amp;quot;Object Repository/NouvelleReservations/Page_Application Hissab/input_Email_email\&amp;quot;), \&amp;quot;abdellatif.boudalh@gmail.com\&amp;quot;)</message>
  <nestedLevel>1</nestedLevel>
  <property name="startLine">23</property>
  <property name="stepIndex">4</property>
</record>
<record>
  <date>2019-10-20T00:29:17</date>
  <millis>1571524157922</millis>
  <sequence>48</sequence>
  <level>PASSED</level>
  <class>com.kms.katalon.core.logging.XmlKeywordLogger</class>
  <method>logMessage</method>
  <thread>1</thread>
  <message>Text &amp;apos;abdellatif.boudalh@gmail.com&amp;apos; is set on object &amp;apos;Object Repository/NouvelleReservations/Page_Application Hissab/input_Email_email&amp;apos;</message>
  <nestedLevel>1</nestedLevel>
</record>
<record>
  <date>2019-10-20T00:29:17</date>
  <millis>1571524157923</millis>
  <sequence>49</sequence>
  <level>END</level>
  <class>com.kms.katalon.core.logging.XmlKeywordLogger</class>
  <method>endKeyword</method>
  <thread>1</thread>
  <message>End action : setText(findTestObject(\&amp;quot;Object Repository/NouvelleReservations/Page_Application Hissab/input_Email_email\&amp;quot;), \&amp;quot;abdellatif.boudalh@gmail.com\&amp;quot;)</message>
  <nestedLevel>1</nestedLevel>
</record>
<record>
  <date>2019-10-20T00:29:17</date>
  <millis>1571524157923</millis>
  <sequence>50</sequence>
  <level>START</level>
  <class>com.kms.katalon.core.logging.XmlKeywordLogger</class>
  <method>startKeyword</method>
  <thread>1</thread>
  <message>Start action : setEncryptedText(findTestObject(\&amp;quot;Object Repository/NouvelleReservations/Page_Application Hissab/input_Mot de passe_password\&amp;quot;), \&amp;quot;g5aLkrmNNK9wgGsRIXINCA==\&amp;quot;)</message>
  <nestedLevel>1</nestedLevel>
  <property name="startLine">25</property>
  <property name="stepIndex">5</property>
</record>
<record>
  <date>2019-10-20T00:29:18</date>
  <millis>1571524158224</millis>
  <sequence>59</sequence>
  <level>PASSED</level>
  <class>com.kms.katalon.core.logging.XmlKeywordLogger</class>
  <method>logMessage</method>
  <thread>1</thread>
  <message>Text ****** has been set on object &amp;apos;Object Repository/NouvelleReservations/Page_Application Hissab/input_Mot de passe_password&amp;apos;</message>
  <nestedLevel>1</nestedLevel>
</record>
<record>
  <date>2019-10-20T00:29:18</date>
  <millis>1571524158226</millis>
  <sequence>60</sequence>
  <level>END</level>
  <class>com.kms.katalon.core.logging.XmlKeywordLogger</class>
  <method>endKeyword</method>
  <thread>1</thread>
  <message>End action : setEncryptedText(findTestObject(\&amp;quot;Object Repository/NouvelleReservations/Page_Application Hissab/input_Mot de passe_password\&amp;quot;), \&amp;quot;g5aLkrmNNK9wgGsRIXINCA==\&amp;quot;)</message>
  <nestedLevel>1</nestedLevel>
</record>
<record>
  <date>2019-10-20T00:29:18</date>
  <millis>1571524158226</millis>
  <sequence>61</sequence>
  <level>START</level>
  <class>com.kms.katalon.core.logging.XmlKeywordLogger</class>
  <method>startKeyword</method>
  <thread>1</thread>
  <message>Start action : click(findTestObject(\&amp;quot;Object Repository/NouvelleReservations/Page_Application Hissab/button_Connexion\&amp;quot;))</message>
  <nestedLevel>1</nestedLevel>
  <property name="startLine">28</property>
  <property name="stepIndex">6</property>
</record>
<record>
  <date>2019-10-20T00:29:18</date>
  <millis>1571524158323</millis>
  <sequence>68</sequence>
  <level>PASSED</level>
  <class>com.kms.katalon.core.logging.XmlKeywordLogger</class>
  <method>logMessage</method>
  <thread>1</thread>
  <message>Object: &amp;apos;Object Repository/NouvelleReservations/Page_Application Hissab/button_Connexion&amp;apos; is clicked on</message>
  <nestedLevel>1</nestedLevel>
</record>
<record>
  <date>2019-10-20T00:29:18</date>
  <millis>1571524158324</millis>
  <sequence>69</sequence>
  <level>END</level>
  <class>com.kms.katalon.core.logging.XmlKeywordLogger</class>
  <method>endKeyword</method>
  <thread>1</thread>
  <message>End action : click(findTestObject(\&amp;quot;Object Repository/NouvelleReservations/Page_Application Hissab/button_Connexion\&amp;quot;))</message>
  <nestedLevel>1</nestedLevel>
</record>
<record>
  <date>2019-10-20T00:29:18</date>
  <millis>1571524158324</millis>
  <sequence>70</sequence>
  <level>PASSED</level>
  <class>com.kms.katalon.core.logging.XmlKeywordLogger</class>
  <method>logMessage</method>
  <thread>1</thread>
  <message>Test Cases/OpenTheBrowser</message>
  <nestedLevel>1</nestedLevel>
</record>
<record>
  <date>2019-10-20T00:29:18</date>
  <millis>1571524158325</millis>
  <sequence>71</sequence>
  <level>END</level>
  <class>com.kms.katalon.core.logging.XmlKeywordLogger</class>
  <method>endTest</method>
  <thread>1</thread>
  <message>End Test Case : Test Cases/OpenTheBrowser</message>
  <nestedLevel>0</nestedLevel>
</record>
<record>
  <date>2019-10-20T00:29:18</date>
  <millis>1571524158337</millis>
  <sequence>72</sequence>
  <level>START</level>
  <class>com.kms.katalon.core.logging.XmlKeywordLogger</class>
  <method>startTest</method>
  <thread>1</thread>
  <message>Start Test Case : Test Cases/NewReservation</message>
  <nestedLevel>1</nestedLevel>
  <property name="name">Test Cases/NewReservation</property>
  <property name="description"></property>
  <property name="id">Test Cases/NewReservation</property>
  <property name="source">C:\\Users\\bouda\\Katalon Studio\\Hissab\\Test Cases\\NewReservation.tc</property>
  <property name="isOptional">false</property>
</record>
<record>
  <date>2019-10-20T00:29:18</date>
  <millis>1571524158358</millis>
  <sequence>74</sequence>
  <level>INFO</level>
  <class>com.kms.katalon.core.logging.XmlKeywordLogger</class>
  <method>logMessage</method>
  <thread>1</thread>
  <message>Nom_Client =  Nicolas Sarkozy</message>
  <nestedLevel>1</nestedLevel>
</record>
<record>
  <date>2019-10-20T00:29:18</date>
  <millis>1571524158359</millis>
  <sequence>75</sequence>
  <level>INFO</level>
  <class>com.kms.katalon.core.logging.XmlKeywordLogger</class>
  <method>logMessage</method>
  <thread>1</thread>
  <message>Prix =  1200</message>
  <nestedLevel>1</nestedLevel>
</record>
<record>
  <date>2019-10-20T00:29:18</date>
  <millis>1571524158361</millis>
  <sequence>76</sequence>
  <level>INFO</level>
  <class>com.kms.katalon.core.logging.XmlKeywordLogger</class>
  <method>logMessage</method>
  <thread>1</thread>
  <message>Comments =  Voici mon commentaire</message>
  <nestedLevel>1</nestedLevel>
</record>
<record>
  <date>2019-10-20T00:29:18</date>
  <millis>1571524158361</millis>
  <sequence>77</sequence>
  <level>INFO</level>
  <class>com.kms.katalon.core.logging.XmlKeywordLogger</class>
  <method>logMessage</method>
  <thread>1</thread>
  <message>Appartement = Appartement 2</message>
  <nestedLevel>1</nestedLevel>
</record>
<record>
  <date>2019-10-20T00:29:18</date>
  <millis>1571524158361</millis>
  <sequence>78</sequence>
  <level>INFO</level>
  <class>com.kms.katalon.core.logging.XmlKeywordLogger</class>
  <method>logMessage</method>
  <thread>1</thread>
  <message>Devise = Dirhams</message>
  <nestedLevel>1</nestedLevel>
</record>
<record>
  <date>2019-10-20T00:29:18</date>
  <millis>1571524158363</millis>
  <sequence>79</sequence>
  <level>INFO</level>
  <class>com.kms.katalon.core.logging.XmlKeywordLogger</class>
  <method>logMessage</method>
  <thread>1</thread>
  <message>Phone = +33699089737</message>
  <nestedLevel>1</nestedLevel>
</record>
<record>
  <date>2019-10-20T00:29:18</date>
  <millis>1571524158365</millis>
  <sequence>80</sequence>
  <level>INFO</level>
  <class>com.kms.katalon.core.logging.XmlKeywordLogger</class>
  <method>logMessage</method>
  <thread>1</thread>
  <message>Mode_paiement = A pay\u00E9 en ligne</message>
  <nestedLevel>1</nestedLevel>
</record>
<record>
  <date>2019-10-20T00:29:18</date>
  <millis>1571524158367</millis>
  <sequence>81</sequence>
  <level>INFO</level>
  <class>com.kms.katalon.core.logging.XmlKeywordLogger</class>
  <method>logMessage</method>
  <thread>1</thread>
  <message>nbr_adulte = 2</message>
  <nestedLevel>1</nestedLevel>
</record>
<record>
  <date>2019-10-20T00:29:18</date>
  <millis>1571524158369</millis>
  <sequence>82</sequence>
  <level>INFO</level>
  <class>com.kms.katalon.core.logging.XmlKeywordLogger</class>
  <method>logMessage</method>
  <thread>1</thread>
  <message>nbr_enfant = 3</message>
  <nestedLevel>1</nestedLevel>
</record>
<record>
  <date>2019-10-20T00:29:19</date>
  <millis>1571524159023</millis>
  <sequence>83</sequence>
  <level>START</level>
  <class>com.kms.katalon.core.logging.XmlKeywordLogger</class>
  <method>startKeyword</method>
  <thread>1</thread>
  <message>Start action : scrollToElement(findTestObject(\&amp;quot;NouvelleReservations/Page_Application Hissab/button_Nouvelle Reservation\&amp;quot;), 0)</message>
  <nestedLevel>1</nestedLevel>
  <property name="startLine">17</property>
  <property name="stepIndex">1</property>
</record>
<record>
  <date>2019-10-20T00:29:19</date>
  <millis>1571524159056</millis>
  <sequence>87</sequence>
  <level>WARNING</level>
  <class>com.kms.katalon.core.logging.XmlKeywordLogger</class>
  <method>logMessage</method>
  <thread>1</thread>
  <message>Timeout &amp;apos;0&amp;apos; is invalid. Using default page load timeout: &amp;apos;30&amp;apos;</message>
  <nestedLevel>1</nestedLevel>
</record>
<record>
  <date>2019-10-20T00:29:20</date>
  <millis>1571524160342</millis>
  <sequence>92</sequence>
  <level>PASSED</level>
  <class>com.kms.katalon.core.logging.XmlKeywordLogger</class>
  <method>logMessage</method>
  <thread>1</thread>
  <message>Scroll to object &amp;apos;Object Repository/NouvelleReservations/Page_Application Hissab/button_Nouvelle Reservation&amp;apos; successfully</message>
  <nestedLevel>1</nestedLevel>
</record>
<record>
  <date>2019-10-20T00:29:20</date>
  <millis>1571524160343</millis>
  <sequence>93</sequence>
  <level>END</level>
  <class>com.kms.katalon.core.logging.XmlKeywordLogger</class>
  <method>endKeyword</method>
  <thread>1</thread>
  <message>End action : scrollToElement(findTestObject(\&amp;quot;NouvelleReservations/Page_Application Hissab/button_Nouvelle Reservation\&amp;quot;), 0)</message>
  <nestedLevel>1</nestedLevel>
</record>
<record>
  <date>2019-10-20T00:29:20</date>
  <millis>1571524160344</millis>
  <sequence>94</sequence>
  <level>START</level>
  <class>com.kms.katalon.core.logging.XmlKeywordLogger</class>
  <method>startKeyword</method>
  <thread>1</thread>
  <message>Start action : click(findTestObject(\&amp;quot;Object Repository/NouvelleReservations/Page_Application Hissab/button_Nouvelle Reservation\&amp;quot;))</message>
  <nestedLevel>1</nestedLevel>
  <property name="startLine">19</property>
  <property name="stepIndex">2</property>
</record>
<record>
  <date>2019-10-20T00:29:20</date>
  <millis>1571524160707</millis>
  <sequence>101</sequence>
  <level>PASSED</level>
  <class>com.kms.katalon.core.logging.XmlKeywordLogger</class>
  <method>logMessage</method>
  <thread>1</thread>
  <message>Object: &amp;apos;Object Repository/NouvelleReservations/Page_Application Hissab/button_Nouvelle Reservation&amp;apos; is clicked on</message>
  <nestedLevel>1</nestedLevel>
</record>
<record>
  <date>2019-10-20T00:29:20</date>
  <millis>1571524160708</millis>
  <sequence>102</sequence>
  <level>END</level>
  <class>com.kms.katalon.core.logging.XmlKeywordLogger</class>
  <method>endKeyword</method>
  <thread>1</thread>
  <message>End action : click(findTestObject(\&amp;quot;Object Repository/NouvelleReservations/Page_Application Hissab/button_Nouvelle Reservation\&amp;quot;))</message>
  <nestedLevel>1</nestedLevel>
</record>
<record>
  <date>2019-10-20T00:29:20</date>
  <millis>1571524160709</millis>
  <sequence>103</sequence>
  <level>START</level>
  <class>com.kms.katalon.core.logging.XmlKeywordLogger</class>
  <method>startKeyword</method>
  <thread>1</thread>
  <message>Start action : selectOptionByValue(findTestObject(\&amp;quot;Object Repository/NouvelleReservations/Page_Application Hissab/select_Appartement 0Appartemen\&amp;quot;), Appartement, true)</message>
  <nestedLevel>1</nestedLevel>
  <property name="startLine">21</property>
  <property name="stepIndex">3</property>
</record>
<record>
  <date>2019-10-20T00:29:20</date>
  <millis>1571524160919</millis>
  <sequence>112</sequence>
  <level>PASSED</level>
  <class>com.kms.katalon.core.logging.XmlKeywordLogger</class>
  <method>logMessage</method>
  <thread>1</thread>
  <message>All options with value &amp;apos;Appartement 2&amp;apos; are selected in object &amp;apos;Object Repository/NouvelleReservations/Page_Application Hissab/select_Appartement 0Appartemen&amp;apos;  using regular expression</message>
  <nestedLevel>1</nestedLevel>
</record>
<record>
  <date>2019-10-20T00:29:20</date>
  <millis>1571524160921</millis>
  <sequence>113</sequence>
  <level>END</level>
  <class>com.kms.katalon.core.logging.XmlKeywordLogger</class>
  <method>endKeyword</method>
  <thread>1</thread>
  <message>End action : selectOptionByValue(findTestObject(\&amp;quot;Object Repository/NouvelleReservations/Page_Application Hissab/select_Appartement 0Appartemen\&amp;quot;), Appartement, true)</message>
  <nestedLevel>1</nestedLevel>
</record>
<record>
  <date>2019-10-20T00:29:20</date>
  <millis>1571524160922</millis>
  <sequence>114</sequence>
  <level>START</level>
  <class>com.kms.katalon.core.logging.XmlKeywordLogger</class>
  <method>startKeyword</method>
  <thread>1</thread>
  <message>Start action : setText(findTestObject(\&amp;quot;Object Repository/NouvelleReservations/Page_Application Hissab/input_Nom complet_nomcomplet\&amp;quot;), Nom_Client)</message>
  <nestedLevel>1</nestedLevel>
  <property name="startLine">24</property>
  <property name="stepIndex">4</property>
</record>
<record>
  <date>2019-10-20T00:29:21</date>
  <millis>1571524161161</millis>
  <sequence>126</sequence>
  <level>PASSED</level>
  <class>com.kms.katalon.core.logging.XmlKeywordLogger</class>
  <method>logMessage</method>
  <thread>1</thread>
  <message>Text &amp;apos; Nicolas Sarkozy&amp;apos; is set on object &amp;apos;Object Repository/NouvelleReservations/Page_Application Hissab/input_Nom complet_nomcomplet&amp;apos;</message>
  <nestedLevel>1</nestedLevel>
</record>
<record>
  <date>2019-10-20T00:29:21</date>
  <millis>1571524161161</millis>
  <sequence>127</sequence>
  <level>END</level>
  <class>com.kms.katalon.core.logging.XmlKeywordLogger</class>
  <method>endKeyword</method>
  <thread>1</thread>
  <message>End action : setText(findTestObject(\&amp;quot;Object Repository/NouvelleReservations/Page_Application Hissab/input_Nom complet_nomcomplet\&amp;quot;), Nom_Client)</message>
  <nestedLevel>1</nestedLevel>
</record>
<record>
  <date>2019-10-20T00:29:21</date>
  <millis>1571524161162</millis>
  <sequence>128</sequence>
  <level>START</level>
  <class>com.kms.katalon.core.logging.XmlKeywordLogger</class>
  <method>startKeyword</method>
  <thread>1</thread>
  <message>Start action : sendKeys(findTestObject(\&amp;quot;Object Repository/NouvelleReservations/Page_Application Hissab/input_Tlphone_phone\&amp;quot;), Keys.chord(ENTER))</message>
  <nestedLevel>1</nestedLevel>
  <property name="startLine">27</property>
  <property name="stepIndex">5</property>
</record>
<record>
  <date>2019-10-20T00:29:21</date>
  <millis>1571524161281</millis>
  <sequence>134</sequence>
  <level>PASSED</level>
  <class>com.kms.katalon.core.logging.XmlKeywordLogger</class>
  <method>logMessage</method>
  <thread>1</thread>
  <message>Keys &amp;apos;ENTER + &amp;apos; sent to object: &amp;apos;Object Repository/NouvelleReservations/Page_Application Hissab/input_Tlphone_phone&amp;apos;</message>
  <nestedLevel>1</nestedLevel>
</record>
<record>
  <date>2019-10-20T00:29:21</date>
  <millis>1571524161282</millis>
  <sequence>135</sequence>
  <level>END</level>
  <class>com.kms.katalon.core.logging.XmlKeywordLogger</class>
  <method>endKeyword</method>
  <thread>1</thread>
  <message>End action : sendKeys(findTestObject(\&amp;quot;Object Repository/NouvelleReservations/Page_Application Hissab/input_Tlphone_phone\&amp;quot;), Keys.chord(ENTER))</message>
  <nestedLevel>1</nestedLevel>
</record>
<record>
  <date>2019-10-20T00:29:21</date>
  <millis>1571524161282</millis>
  <sequence>136</sequence>
  <level>START</level>
  <class>com.kms.katalon.core.logging.XmlKeywordLogger</class>
  <method>startKeyword</method>
  <thread>1</thread>
  <message>Start action : setText(findTestObject(\&amp;quot;Object Repository/NouvelleReservations/Page_Application Hissab/input_Tlphone_phone\&amp;quot;), Phone)</message>
  <nestedLevel>1</nestedLevel>
  <property name="startLine">30</property>
  <property name="stepIndex">6</property>
</record>
<record>
  <date>2019-10-20T00:29:21</date>
  <millis>1571524161455</millis>
  <sequence>148</sequence>
  <level>PASSED</level>
  <class>com.kms.katalon.core.logging.XmlKeywordLogger</class>
  <method>logMessage</method>
  <thread>1</thread>
  <message>Text &amp;apos;+33699089737&amp;apos; is set on object &amp;apos;Object Repository/NouvelleReservations/Page_Application Hissab/input_Tlphone_phone&amp;apos;</message>
  <nestedLevel>1</nestedLevel>
</record>
<record>
  <date>2019-10-20T00:29:21</date>
  <millis>1571524161456</millis>
  <sequence>149</sequence>
  <level>END</level>
  <class>com.kms.katalon.core.logging.XmlKeywordLogger</class>
  <method>endKeyword</method>
  <thread>1</thread>
  <message>End action : setText(findTestObject(\&amp;quot;Object Repository/NouvelleReservations/Page_Application Hissab/input_Tlphone_phone\&amp;quot;), Phone)</message>
  <nestedLevel>1</nestedLevel>
</record>
<record>
  <date>2019-10-20T00:29:21</date>
  <millis>1571524161456</millis>
  <sequence>150</sequence>
  <level>START</level>
  <class>com.kms.katalon.core.logging.XmlKeywordLogger</class>
  <method>startKeyword</method>
  <thread>1</thread>
  <message>Start action : setText(findTestObject(\&amp;quot;Object Repository/NouvelleReservations/Page_Application Hissab/input_Prix_prix\&amp;quot;), Prix)</message>
  <nestedLevel>1</nestedLevel>
  <property name="startLine">32</property>
  <property name="stepIndex">7</property>
</record>
<record>
  <date>2019-10-20T00:29:21</date>
  <millis>1571524161594</millis>
  <sequence>162</sequence>
  <level>PASSED</level>
  <class>com.kms.katalon.core.logging.XmlKeywordLogger</class>
  <method>logMessage</method>
  <thread>1</thread>
  <message>Text &amp;apos; 1200&amp;apos; is set on object &amp;apos;Object Repository/NouvelleReservations/Page_Application Hissab/input_Prix_prix&amp;apos;</message>
  <nestedLevel>1</nestedLevel>
</record>
<record>
  <date>2019-10-20T00:29:21</date>
  <millis>1571524161596</millis>
  <sequence>163</sequence>
  <level>END</level>
  <class>com.kms.katalon.core.logging.XmlKeywordLogger</class>
  <method>endKeyword</method>
  <thread>1</thread>
  <message>End action : setText(findTestObject(\&amp;quot;Object Repository/NouvelleReservations/Page_Application Hissab/input_Prix_prix\&amp;quot;), Prix)</message>
  <nestedLevel>1</nestedLevel>
</record>
<record>
  <date>2019-10-20T00:29:21</date>
  <millis>1571524161596</millis>
  <sequence>164</sequence>
  <level>START</level>
  <class>com.kms.katalon.core.logging.XmlKeywordLogger</class>
  <method>startKeyword</method>
  <thread>1</thread>
  <message>Start action : selectOptionByValue(findTestObject(\&amp;quot;Object Repository/NouvelleReservations/Page_Application Hissab/select_EurosDirhams\&amp;quot;), Devise, true)</message>
  <nestedLevel>1</nestedLevel>
  <property name="startLine">34</property>
  <property name="stepIndex">8</property>
</record>
<record>
  <date>2019-10-20T00:29:21</date>
  <millis>1571524161783</millis>
  <sequence>173</sequence>
  <level>PASSED</level>
  <class>com.kms.katalon.core.logging.XmlKeywordLogger</class>
  <method>logMessage</method>
  <thread>1</thread>
  <message>All options with value &amp;apos;Dirhams&amp;apos; are selected in object &amp;apos;Object Repository/NouvelleReservations/Page_Application Hissab/select_EurosDirhams&amp;apos;  using regular expression</message>
  <nestedLevel>1</nestedLevel>
</record>
<record>
  <date>2019-10-20T00:29:21</date>
  <millis>1571524161785</millis>
  <sequence>174</sequence>
  <level>END</level>
  <class>com.kms.katalon.core.logging.XmlKeywordLogger</class>
  <method>endKeyword</method>
  <thread>1</thread>
  <message>End action : selectOptionByValue(findTestObject(\&amp;quot;Object Repository/NouvelleReservations/Page_Application Hissab/select_EurosDirhams\&amp;quot;), Devise, true)</message>
  <nestedLevel>1</nestedLevel>
</record>
<record>
  <date>2019-10-20T00:29:21</date>
  <millis>1571524161785</millis>
  <sequence>175</sequence>
  <level>START</level>
  <class>com.kms.katalon.core.logging.XmlKeywordLogger</class>
  <method>startKeyword</method>
  <thread>1</thread>
  <message>Start action : selectOptionByValue(findTestObject(\&amp;quot;Object Repository/NouvelleReservations/Page_Application Hissab/select_A pay en ligneVa payer\&amp;quot;), Mode_paiement, true)</message>
  <nestedLevel>1</nestedLevel>
  <property name="startLine">37</property>
  <property name="stepIndex">9</property>
</record>
<record>
  <date>2019-10-20T00:29:21</date>
  <millis>1571524161981</millis>
  <sequence>184</sequence>
  <level>PASSED</level>
  <class>com.kms.katalon.core.logging.XmlKeywordLogger</class>
  <method>logMessage</method>
  <thread>1</thread>
  <message>All options with value &amp;apos;A pay\u00E9 en ligne&amp;apos; are selected in object &amp;apos;Object Repository/NouvelleReservations/Page_Application Hissab/select_A pay en ligneVa payer&amp;apos;  using regular expression</message>
  <nestedLevel>1</nestedLevel>
</record>
<record>
  <date>2019-10-20T00:29:21</date>
  <millis>1571524161982</millis>
  <sequence>185</sequence>
  <level>END</level>
  <class>com.kms.katalon.core.logging.XmlKeywordLogger</class>
  <method>endKeyword</method>
  <thread>1</thread>
  <message>End action : selectOptionByValue(findTestObject(\&amp;quot;Object Repository/NouvelleReservations/Page_Application Hissab/select_A pay en ligneVa payer\&amp;quot;), Mode_paiement, true)</message>
  <nestedLevel>1</nestedLevel>
</record>
<record>
  <date>2019-10-20T00:29:21</date>
  <millis>1571524161984</millis>
  <sequence>186</sequence>
  <level>START</level>
  <class>com.kms.katalon.core.logging.XmlKeywordLogger</class>
  <method>startKeyword</method>
  <thread>1</thread>
  <message>Start action : selectOptionByValue(findTestObject(\&amp;quot;NouvelleReservations/Page_Application Hissab/select_nbr_adulte\&amp;quot;), nbr_adulte, true)</message>
  <nestedLevel>1</nestedLevel>
  <property name="startLine">40</property>
  <property name="stepIndex">10</property>
</record>
<record>
  <date>2019-10-20T00:29:22</date>
  <millis>1571524162248</millis>
  <sequence>195</sequence>
  <level>PASSED</level>
  <class>com.kms.katalon.core.logging.XmlKeywordLogger</class>
  <method>logMessage</method>
  <thread>1</thread>
  <message>All options with value &amp;apos;2&amp;apos; are selected in object &amp;apos;Object Repository/NouvelleReservations/Page_Application Hissab/select_nbr_adulte&amp;apos;  using regular expression</message>
  <nestedLevel>1</nestedLevel>
</record>
<record>
  <date>2019-10-20T00:29:22</date>
  <millis>1571524162249</millis>
  <sequence>196</sequence>
  <level>END</level>
  <class>com.kms.katalon.core.logging.XmlKeywordLogger</class>
  <method>endKeyword</method>
  <thread>1</thread>
  <message>End action : selectOptionByValue(findTestObject(\&amp;quot;NouvelleReservations/Page_Application Hissab/select_nbr_adulte\&amp;quot;), nbr_adulte, true)</message>
  <nestedLevel>1</nestedLevel>
</record>
<record>
  <date>2019-10-20T00:29:22</date>
  <millis>1571524162250</millis>
  <sequence>197</sequence>
  <level>START</level>
  <class>com.kms.katalon.core.logging.XmlKeywordLogger</class>
  <method>startKeyword</method>
  <thread>1</thread>
  <message>Start action : selectOptionByValue(findTestObject(\&amp;quot;NouvelleReservations/Page_Application Hissab/select_nbr_enfant\&amp;quot;), nbr_enfant, true)</message>
  <nestedLevel>1</nestedLevel>
  <property name="startLine">43</property>
  <property name="stepIndex">11</property>
</record>
<record>
  <date>2019-10-20T00:29:22</date>
  <millis>1571524162504</millis>
  <sequence>206</sequence>
  <level>PASSED</level>
  <class>com.kms.katalon.core.logging.XmlKeywordLogger</class>
  <method>logMessage</method>
  <thread>1</thread>
  <message>All options with value &amp;apos;3&amp;apos; are selected in object &amp;apos;Object Repository/NouvelleReservations/Page_Application Hissab/select_nbr_enfant&amp;apos;  using regular expression</message>
  <nestedLevel>1</nestedLevel>
</record>
<record>
  <date>2019-10-20T00:29:22</date>
  <millis>1571524162505</millis>
  <sequence>207</sequence>
  <level>END</level>
  <class>com.kms.katalon.core.logging.XmlKeywordLogger</class>
  <method>endKeyword</method>
  <thread>1</thread>
  <message>End action : selectOptionByValue(findTestObject(\&amp;quot;NouvelleReservations/Page_Application Hissab/select_nbr_enfant\&amp;quot;), nbr_enfant, true)</message>
  <nestedLevel>1</nestedLevel>
</record>
<record>
  <date>2019-10-20T00:29:22</date>
  <millis>1571524162506</millis>
  <sequence>208</sequence>
  <level>START</level>
  <class>com.kms.katalon.core.logging.XmlKeywordLogger</class>
  <method>startKeyword</method>
  <thread>1</thread>
  <message>Start action : setText(findTestObject(\&amp;quot;NouvelleReservations/Dates/Page_Application Hissab/input_Arriv_arrive\&amp;quot;), \&amp;quot;23/10/2019\&amp;quot;)</message>
  <nestedLevel>1</nestedLevel>
  <property name="startLine">46</property>
  <property name="stepIndex">12</property>
</record>
<record>
  <date>2019-10-20T00:29:22</date>
  <millis>1571524162734</millis>
  <sequence>220</sequence>
  <level>PASSED</level>
  <class>com.kms.katalon.core.logging.XmlKeywordLogger</class>
  <method>logMessage</method>
  <thread>1</thread>
  <message>Text &amp;apos;23/10/2019&amp;apos; is set on object &amp;apos;Object Repository/NouvelleReservations/Dates/Page_Application Hissab/input_Arriv_arrive&amp;apos;</message>
  <nestedLevel>1</nestedLevel>
</record>
<record>
  <date>2019-10-20T00:29:22</date>
  <millis>1571524162735</millis>
  <sequence>221</sequence>
  <level>END</level>
  <class>com.kms.katalon.core.logging.XmlKeywordLogger</class>
  <method>endKeyword</method>
  <thread>1</thread>
  <message>End action : setText(findTestObject(\&amp;quot;NouvelleReservations/Dates/Page_Application Hissab/input_Arriv_arrive\&amp;quot;), \&amp;quot;23/10/2019\&amp;quot;)</message>
  <nestedLevel>1</nestedLevel>
</record>
<record>
  <date>2019-10-20T00:29:22</date>
  <millis>1571524162735</millis>
  <sequence>222</sequence>
  <level>START</level>
  <class>com.kms.katalon.core.logging.XmlKeywordLogger</class>
  <method>startKeyword</method>
  <thread>1</thread>
  <message>Start action : setText(findTestObject(\&amp;quot;Object Repository/NouvelleReservations/Page_Application Hissab/textarea_Commentaires (faculta\&amp;quot;), Comments)</message>
  <nestedLevel>1</nestedLevel>
  <property name="startLine">48</property>
  <property name="stepIndex">13</property>
</record>
<record>
  <date>2019-10-20T00:29:22</date>
  <millis>1571524162963</millis>
  <sequence>234</sequence>
  <level>PASSED</level>
  <class>com.kms.katalon.core.logging.XmlKeywordLogger</class>
  <method>logMessage</method>
  <thread>1</thread>
  <message>Text &amp;apos; Voici mon commentaire&amp;apos; is set on object &amp;apos;Object Repository/NouvelleReservations/Page_Application Hissab/textarea_Commentaires (faculta&amp;apos;</message>
  <nestedLevel>1</nestedLevel>
</record>
<record>
  <date>2019-10-20T00:29:22</date>
  <millis>1571524162963</millis>
  <sequence>235</sequence>
  <level>END</level>
  <class>com.kms.katalon.core.logging.XmlKeywordLogger</class>
  <method>endKeyword</method>
  <thread>1</thread>
  <message>End action : setText(findTestObject(\&amp;quot;Object Repository/NouvelleReservations/Page_Application Hissab/textarea_Commentaires (faculta\&amp;quot;), Comments)</message>
  <nestedLevel>1</nestedLevel>
</record>
<record>
  <date>2019-10-20T00:29:22</date>
  <millis>1571524162964</millis>
  <sequence>236</sequence>
  <level>START</level>
  <class>com.kms.katalon.core.logging.XmlKeywordLogger</class>
  <method>startKeyword</method>
  <thread>1</thread>
  <message>Start action : scrollToElement(findTestObject(\&amp;quot;NouvelleReservations/Page_Application Hissab/button_Enregistrer\&amp;quot;), 0)</message>
  <nestedLevel>1</nestedLevel>
  <property name="startLine">51</property>
  <property name="stepIndex">14</property>
</record>
<record>
  <date>2019-10-20T00:29:22</date>
  <millis>1571524162970</millis>
  <sequence>240</sequence>
  <level>WARNING</level>
  <class>com.kms.katalon.core.logging.XmlKeywordLogger</class>
  <method>logMessage</method>
  <thread>1</thread>
  <message>Timeout &amp;apos;0&amp;apos; is invalid. Using default page load timeout: &amp;apos;30&amp;apos;</message>
  <nestedLevel>1</nestedLevel>
</record>
<record>
  <date>2019-10-20T00:29:23</date>
  <millis>1571524163007</millis>
  <sequence>245</sequence>
  <level>PASSED</level>
  <class>com.kms.katalon.core.logging.XmlKeywordLogger</class>
  <method>logMessage</method>
  <thread>1</thread>
  <message>Scroll to object &amp;apos;Object Repository/NouvelleReservations/Page_Application Hissab/button_Enregistrer&amp;apos; successfully</message>
  <nestedLevel>1</nestedLevel>
</record>
<record>
  <date>2019-10-20T00:29:23</date>
  <millis>1571524163008</millis>
  <sequence>246</sequence>
  <level>END</level>
  <class>com.kms.katalon.core.logging.XmlKeywordLogger</class>
  <method>endKeyword</method>
  <thread>1</thread>
  <message>End action : scrollToElement(findTestObject(\&amp;quot;NouvelleReservations/Page_Application Hissab/button_Enregistrer\&amp;quot;), 0)</message>
  <nestedLevel>1</nestedLevel>
</record>
<record>
  <date>2019-10-20T00:29:23</date>
  <millis>1571524163009</millis>
  <sequence>247</sequence>
  <level>START</level>
  <class>com.kms.katalon.core.logging.XmlKeywordLogger</class>
  <method>startKeyword</method>
  <thread>1</thread>
  <message>Start action : click(findTestObject(\&amp;quot;Object Repository/NouvelleReservations/Page_Application Hissab/button_Enregistrer\&amp;quot;))</message>
  <nestedLevel>1</nestedLevel>
  <property name="startLine">53</property>
  <property name="stepIndex">15</property>
</record>
<record>
  <date>2019-10-20T00:29:23</date>
  <millis>1571524163217</millis>
  <sequence>254</sequence>
  <level>PASSED</level>
  <class>com.kms.katalon.core.logging.XmlKeywordLogger</class>
  <method>logMessage</method>
  <thread>1</thread>
  <message>Object: &amp;apos;Object Repository/NouvelleReservations/Page_Application Hissab/button_Enregistrer&amp;apos; is clicked on</message>
  <nestedLevel>1</nestedLevel>
</record>
<record>
  <date>2019-10-20T00:29:23</date>
  <millis>1571524163217</millis>
  <sequence>255</sequence>
  <level>END</level>
  <class>com.kms.katalon.core.logging.XmlKeywordLogger</class>
  <method>endKeyword</method>
  <thread>1</thread>
  <message>End action : click(findTestObject(\&amp;quot;Object Repository/NouvelleReservations/Page_Application Hissab/button_Enregistrer\&amp;quot;))</message>
  <nestedLevel>1</nestedLevel>
</record>
<record>
  <date>2019-10-20T00:29:23</date>
  <millis>1571524163218</millis>
  <sequence>256</sequence>
  <level>PASSED</level>
  <class>com.kms.katalon.core.logging.XmlKeywordLogger</class>
  <method>logMessage</method>
  <thread>1</thread>
  <message>Test Cases/NewReservation</message>
  <nestedLevel>1</nestedLevel>
</record>
<record>
  <date>2019-10-20T00:29:23</date>
  <millis>1571524163219</millis>
  <sequence>257</sequence>
  <level>END</level>
  <class>com.kms.katalon.core.logging.XmlKeywordLogger</class>
  <method>endTest</method>
  <thread>1</thread>
  <message>End Test Case : Test Cases/NewReservation</message>
  <nestedLevel>0</nestedLevel>
</record>
<record>
  <date>2019-10-20T00:29:23</date>
  <millis>1571524163223</millis>
  <sequence>258</sequence>
  <level>START</level>
  <class>com.kms.katalon.core.logging.XmlKeywordLogger</class>
  <method>startTest</method>
  <thread>1</thread>
  <message>Start Test Case : Test Cases/NewReservation</message>
  <nestedLevel>1</nestedLevel>
  <property name="name">Test Cases/NewReservation</property>
  <property name="description"></property>
  <property name="id">Test Cases/NewReservation</property>
  <property name="source">C:\\Users\\bouda\\Katalon Studio\\Hissab\\Test Cases\\NewReservation.tc</property>
  <property name="isOptional">false</property>
</record>
<record>
  <date>2019-10-20T00:29:23</date>
  <millis>1571524163235</millis>
  <sequence>260</sequence>
  <level>INFO</level>
  <class>com.kms.katalon.core.logging.XmlKeywordLogger</class>
  <method>logMessage</method>
  <thread>1</thread>
  <message>Nom_Client =  Jacques Chirac</message>
  <nestedLevel>1</nestedLevel>
</record>
<record>
  <date>2019-10-20T00:29:23</date>
  <millis>1571524163236</millis>
  <sequence>261</sequence>
  <level>INFO</level>
  <class>com.kms.katalon.core.logging.XmlKeywordLogger</class>
  <method>logMessage</method>
  <thread>1</thread>
  <message>Prix =  400</message>
  <nestedLevel>1</nestedLevel>
</record>
<record>
  <date>2019-10-20T00:29:23</date>
  <millis>1571524163236</millis>
  <sequence>262</sequence>
  <level>INFO</level>
  <class>com.kms.katalon.core.logging.XmlKeywordLogger</class>
  <method>logMessage</method>
  <thread>1</thread>
  <message>Comments =  Riji m3a 2h diel sba7</message>
  <nestedLevel>1</nestedLevel>
</record>
<record>
  <date>2019-10-20T00:29:23</date>
  <millis>1571524163237</millis>
  <sequence>263</sequence>
  <level>INFO</level>
  <class>com.kms.katalon.core.logging.XmlKeywordLogger</class>
  <method>logMessage</method>
  <thread>1</thread>
  <message>Appartement = Appartement 5</message>
  <nestedLevel>1</nestedLevel>
</record>
<record>
  <date>2019-10-20T00:29:23</date>
  <millis>1571524163237</millis>
  <sequence>264</sequence>
  <level>INFO</level>
  <class>com.kms.katalon.core.logging.XmlKeywordLogger</class>
  <method>logMessage</method>
  <thread>1</thread>
  <message>Devise = Euros</message>
  <nestedLevel>1</nestedLevel>
</record>
<record>
  <date>2019-10-20T00:29:23</date>
  <millis>1571524163238</millis>
  <sequence>265</sequence>
  <level>INFO</level>
  <class>com.kms.katalon.core.logging.XmlKeywordLogger</class>
  <method>logMessage</method>
  <thread>1</thread>
  <message>Phone = +2123004903403</message>
  <nestedLevel>1</nestedLevel>
</record>
<record>
  <date>2019-10-20T00:29:23</date>
  <millis>1571524163238</millis>
  <sequence>266</sequence>
  <level>INFO</level>
  <class>com.kms.katalon.core.logging.XmlKeywordLogger</class>
  <method>logMessage</method>
  <thread>1</thread>
  <message>Mode_paiement = Va payer sur place</message>
  <nestedLevel>1</nestedLevel>
</record>
<record>
  <date>2019-10-20T00:29:23</date>
  <millis>1571524163239</millis>
  <sequence>267</sequence>
  <level>INFO</level>
  <class>com.kms.katalon.core.logging.XmlKeywordLogger</class>
  <method>logMessage</method>
  <thread>1</thread>
  <message>nbr_adulte = 2</message>
  <nestedLevel>1</nestedLevel>
</record>
<record>
  <date>2019-10-20T00:29:23</date>
  <millis>1571524163239</millis>
  <sequence>268</sequence>
  <level>INFO</level>
  <class>com.kms.katalon.core.logging.XmlKeywordLogger</class>
  <method>logMessage</method>
  <thread>1</thread>
  <message>nbr_enfant = 0</message>
  <nestedLevel>1</nestedLevel>
</record>
<record>
  <date>2019-10-20T00:29:23</date>
  <millis>1571524163242</millis>
  <sequence>269</sequence>
  <level>START</level>
  <class>com.kms.katalon.core.logging.XmlKeywordLogger</class>
  <method>startKeyword</method>
  <thread>1</thread>
  <message>Start action : scrollToElement(findTestObject(\&amp;quot;NouvelleReservations/Page_Application Hissab/button_Nouvelle Reservation\&amp;quot;), 0)</message>
  <nestedLevel>1</nestedLevel>
  <property name="startLine">17</property>
  <property name="stepIndex">1</property>
</record>
<record>
  <date>2019-10-20T00:29:23</date>
  <millis>1571524163247</millis>
  <sequence>273</sequence>
  <level>WARNING</level>
  <class>com.kms.katalon.core.logging.XmlKeywordLogger</class>
  <method>logMessage</method>
  <thread>1</thread>
  <message>Timeout &amp;apos;0&amp;apos; is invalid. Using default page load timeout: &amp;apos;30&amp;apos;</message>
  <nestedLevel>1</nestedLevel>
</record>
<record>
  <date>2019-10-20T00:29:23</date>
  <millis>1571524163273</millis>
  <sequence>278</sequence>
  <level>PASSED</level>
  <class>com.kms.katalon.core.logging.XmlKeywordLogger</class>
  <method>logMessage</method>
  <thread>1</thread>
  <message>Scroll to object &amp;apos;Object Repository/NouvelleReservations/Page_Application Hissab/button_Nouvelle Reservation&amp;apos; successfully</message>
  <nestedLevel>1</nestedLevel>
</record>
<record>
  <date>2019-10-20T00:29:23</date>
  <millis>1571524163274</millis>
  <sequence>279</sequence>
  <level>END</level>
  <class>com.kms.katalon.core.logging.XmlKeywordLogger</class>
  <method>endKeyword</method>
  <thread>1</thread>
  <message>End action : scrollToElement(findTestObject(\&amp;quot;NouvelleReservations/Page_Application Hissab/button_Nouvelle Reservation\&amp;quot;), 0)</message>
  <nestedLevel>1</nestedLevel>
</record>
<record>
  <date>2019-10-20T00:29:23</date>
  <millis>1571524163274</millis>
  <sequence>280</sequence>
  <level>START</level>
  <class>com.kms.katalon.core.logging.XmlKeywordLogger</class>
  <method>startKeyword</method>
  <thread>1</thread>
  <message>Start action : click(findTestObject(\&amp;quot;Object Repository/NouvelleReservations/Page_Application Hissab/button_Nouvelle Reservation\&amp;quot;))</message>
  <nestedLevel>1</nestedLevel>
  <property name="startLine">19</property>
  <property name="stepIndex">2</property>
</record>
<record>
  <date>2019-10-20T00:29:23</date>
  <millis>1571524163402</millis>
  <sequence>287</sequence>
  <level>PASSED</level>
  <class>com.kms.katalon.core.logging.XmlKeywordLogger</class>
  <method>logMessage</method>
  <thread>1</thread>
  <message>Object: &amp;apos;Object Repository/NouvelleReservations/Page_Application Hissab/button_Nouvelle Reservation&amp;apos; is clicked on</message>
  <nestedLevel>1</nestedLevel>
</record>
<record>
  <date>2019-10-20T00:29:23</date>
  <millis>1571524163403</millis>
  <sequence>288</sequence>
  <level>END</level>
  <class>com.kms.katalon.core.logging.XmlKeywordLogger</class>
  <method>endKeyword</method>
  <thread>1</thread>
  <message>End action : click(findTestObject(\&amp;quot;Object Repository/NouvelleReservations/Page_Application Hissab/button_Nouvelle Reservation\&amp;quot;))</message>
  <nestedLevel>1</nestedLevel>
</record>
<record>
  <date>2019-10-20T00:29:23</date>
  <millis>1571524163405</millis>
  <sequence>289</sequence>
  <level>START</level>
  <class>com.kms.katalon.core.logging.XmlKeywordLogger</class>
  <method>startKeyword</method>
  <thread>1</thread>
  <message>Start action : selectOptionByValue(findTestObject(\&amp;quot;Object Repository/NouvelleReservations/Page_Application Hissab/select_Appartement 0Appartemen\&amp;quot;), Appartement, true)</message>
  <nestedLevel>1</nestedLevel>
  <property name="startLine">21</property>
  <property name="stepIndex">3</property>
</record>
<record>
  <date>2019-10-20T00:29:23</date>
  <millis>1571524163614</millis>
  <sequence>298</sequence>
  <level>PASSED</level>
  <class>com.kms.katalon.core.logging.XmlKeywordLogger</class>
  <method>logMessage</method>
  <thread>1</thread>
  <message>All options with value &amp;apos;Appartement 5&amp;apos; are selected in object &amp;apos;Object Repository/NouvelleReservations/Page_Application Hissab/select_Appartement 0Appartemen&amp;apos;  using regular expression</message>
  <nestedLevel>1</nestedLevel>
</record>
<record>
  <date>2019-10-20T00:29:23</date>
  <millis>1571524163614</millis>
  <sequence>299</sequence>
  <level>END</level>
  <class>com.kms.katalon.core.logging.XmlKeywordLogger</class>
  <method>endKeyword</method>
  <thread>1</thread>
  <message>End action : selectOptionByValue(findTestObject(\&amp;quot;Object Repository/NouvelleReservations/Page_Application Hissab/select_Appartement 0Appartemen\&amp;quot;), Appartement, true)</message>
  <nestedLevel>1</nestedLevel>
</record>
<record>
  <date>2019-10-20T00:29:23</date>
  <millis>1571524163614</millis>
  <sequence>300</sequence>
  <level>START</level>
  <class>com.kms.katalon.core.logging.XmlKeywordLogger</class>
  <method>startKeyword</method>
  <thread>1</thread>
  <message>Start action : setText(findTestObject(\&amp;quot;Object Repository/NouvelleReservations/Page_Application Hissab/input_Nom complet_nomcomplet\&amp;quot;), Nom_Client)</message>
  <nestedLevel>1</nestedLevel>
  <property name="startLine">24</property>
  <property name="stepIndex">4</property>
</record>
<record>
  <date>2019-10-20T00:29:23</date>
  <millis>1571524163942</millis>
  <sequence>312</sequence>
  <level>PASSED</level>
  <class>com.kms.katalon.core.logging.XmlKeywordLogger</class>
  <method>logMessage</method>
  <thread>1</thread>
  <message>Text &amp;apos; Jacques Chirac&amp;apos; is set on object &amp;apos;Object Repository/NouvelleReservations/Page_Application Hissab/input_Nom complet_nomcomplet&amp;apos;</message>
  <nestedLevel>1</nestedLevel>
</record>
<record>
  <date>2019-10-20T00:29:23</date>
  <millis>1571524163943</millis>
  <sequence>313</sequence>
  <level>END</level>
  <class>com.kms.katalon.core.logging.XmlKeywordLogger</class>
  <method>endKeyword</method>
  <thread>1</thread>
  <message>End action : setText(findTestObject(\&amp;quot;Object Repository/NouvelleReservations/Page_Application Hissab/input_Nom complet_nomcomplet\&amp;quot;), Nom_Client)</message>
  <nestedLevel>1</nestedLevel>
</record>
<record>
  <date>2019-10-20T00:29:23</date>
  <millis>1571524163943</millis>
  <sequence>314</sequence>
  <level>START</level>
  <class>com.kms.katalon.core.logging.XmlKeywordLogger</class>
  <method>startKeyword</method>
  <thread>1</thread>
  <message>Start action : sendKeys(findTestObject(\&amp;quot;Object Repository/NouvelleReservations/Page_Application Hissab/input_Tlphone_phone\&amp;quot;), Keys.chord(ENTER))</message>
  <nestedLevel>1</nestedLevel>
  <property name="startLine">27</property>
  <property name="stepIndex">5</property>
</record>
<record>
  <date>2019-10-20T00:29:24</date>
  <millis>1571524164009</millis>
  <sequence>320</sequence>
  <level>PASSED</level>
  <class>com.kms.katalon.core.logging.XmlKeywordLogger</class>
  <method>logMessage</method>
  <thread>1</thread>
  <message>Keys &amp;apos;ENTER + &amp;apos; sent to object: &amp;apos;Object Repository/NouvelleReservations/Page_Application Hissab/input_Tlphone_phone&amp;apos;</message>
  <nestedLevel>1</nestedLevel>
</record>
<record>
  <date>2019-10-20T00:29:24</date>
  <millis>1571524164010</millis>
  <sequence>321</sequence>
  <level>END</level>
  <class>com.kms.katalon.core.logging.XmlKeywordLogger</class>
  <method>endKeyword</method>
  <thread>1</thread>
  <message>End action : sendKeys(findTestObject(\&amp;quot;Object Repository/NouvelleReservations/Page_Application Hissab/input_Tlphone_phone\&amp;quot;), Keys.chord(ENTER))</message>
  <nestedLevel>1</nestedLevel>
</record>
<record>
  <date>2019-10-20T00:29:24</date>
  <millis>1571524164010</millis>
  <sequence>322</sequence>
  <level>START</level>
  <class>com.kms.katalon.core.logging.XmlKeywordLogger</class>
  <method>startKeyword</method>
  <thread>1</thread>
  <message>Start action : setText(findTestObject(\&amp;quot;Object Repository/NouvelleReservations/Page_Application Hissab/input_Tlphone_phone\&amp;quot;), Phone)</message>
  <nestedLevel>1</nestedLevel>
  <property name="startLine">30</property>
  <property name="stepIndex">6</property>
</record>
<record>
  <date>2019-10-20T00:29:24</date>
  <millis>1571524164223</millis>
  <sequence>334</sequence>
  <level>PASSED</level>
  <class>com.kms.katalon.core.logging.XmlKeywordLogger</class>
  <method>logMessage</method>
  <thread>1</thread>
  <message>Text &amp;apos;+2123004903403&amp;apos; is set on object &amp;apos;Object Repository/NouvelleReservations/Page_Application Hissab/input_Tlphone_phone&amp;apos;</message>
  <nestedLevel>1</nestedLevel>
</record>
<record>
  <date>2019-10-20T00:29:24</date>
  <millis>1571524164224</millis>
  <sequence>335</sequence>
  <level>END</level>
  <class>com.kms.katalon.core.logging.XmlKeywordLogger</class>
  <method>endKeyword</method>
  <thread>1</thread>
  <message>End action : setText(findTestObject(\&amp;quot;Object Repository/NouvelleReservations/Page_Application Hissab/input_Tlphone_phone\&amp;quot;), Phone)</message>
  <nestedLevel>1</nestedLevel>
</record>
<record>
  <date>2019-10-20T00:29:24</date>
  <millis>1571524164224</millis>
  <sequence>336</sequence>
  <level>START</level>
  <class>com.kms.katalon.core.logging.XmlKeywordLogger</class>
  <method>startKeyword</method>
  <thread>1</thread>
  <message>Start action : setText(findTestObject(\&amp;quot;Object Repository/NouvelleReservations/Page_Application Hissab/input_Prix_prix\&amp;quot;), Prix)</message>
  <nestedLevel>1</nestedLevel>
  <property name="startLine">32</property>
  <property name="stepIndex">7</property>
</record>
<record>
  <date>2019-10-20T00:29:24</date>
  <millis>1571524164365</millis>
  <sequence>348</sequence>
  <level>PASSED</level>
  <class>com.kms.katalon.core.logging.XmlKeywordLogger</class>
  <method>logMessage</method>
  <thread>1</thread>
  <message>Text &amp;apos; 400&amp;apos; is set on object &amp;apos;Object Repository/NouvelleReservations/Page_Application Hissab/input_Prix_prix&amp;apos;</message>
  <nestedLevel>1</nestedLevel>
</record>
<record>
  <date>2019-10-20T00:29:24</date>
  <millis>1571524164367</millis>
  <sequence>349</sequence>
  <level>END</level>
  <class>com.kms.katalon.core.logging.XmlKeywordLogger</class>
  <method>endKeyword</method>
  <thread>1</thread>
  <message>End action : setText(findTestObject(\&amp;quot;Object Repository/NouvelleReservations/Page_Application Hissab/input_Prix_prix\&amp;quot;), Prix)</message>
  <nestedLevel>1</nestedLevel>
</record>
<record>
  <date>2019-10-20T00:29:24</date>
  <millis>1571524164368</millis>
  <sequence>350</sequence>
  <level>START</level>
  <class>com.kms.katalon.core.logging.XmlKeywordLogger</class>
  <method>startKeyword</method>
  <thread>1</thread>
  <message>Start action : selectOptionByValue(findTestObject(\&amp;quot;Object Repository/NouvelleReservations/Page_Application Hissab/select_EurosDirhams\&amp;quot;), Devise, true)</message>
  <nestedLevel>1</nestedLevel>
  <property name="startLine">34</property>
  <property name="stepIndex">8</property>
</record>
<record>
  <date>2019-10-20T00:29:24</date>
  <millis>1571524164497</millis>
  <sequence>359</sequence>
  <level>PASSED</level>
  <class>com.kms.katalon.core.logging.XmlKeywordLogger</class>
  <method>logMessage</method>
  <thread>1</thread>
  <message>All options with value &amp;apos;Euros&amp;apos; are selected in object &amp;apos;Object Repository/NouvelleReservations/Page_Application Hissab/select_EurosDirhams&amp;apos;  using regular expression</message>
  <nestedLevel>1</nestedLevel>
</record>
<record>
  <date>2019-10-20T00:29:24</date>
  <millis>1571524164498</millis>
  <sequence>360</sequence>
  <level>END</level>
  <class>com.kms.katalon.core.logging.XmlKeywordLogger</class>
  <method>endKeyword</method>
  <thread>1</thread>
  <message>End action : selectOptionByValue(findTestObject(\&amp;quot;Object Repository/NouvelleReservations/Page_Application Hissab/select_EurosDirhams\&amp;quot;), Devise, true)</message>
  <nestedLevel>1</nestedLevel>
</record>
<record>
  <date>2019-10-20T00:29:24</date>
  <millis>1571524164498</millis>
  <sequence>361</sequence>
  <level>START</level>
  <class>com.kms.katalon.core.logging.XmlKeywordLogger</class>
  <method>startKeyword</method>
  <thread>1</thread>
  <message>Start action : selectOptionByValue(findTestObject(\&amp;quot;Object Repository/NouvelleReservations/Page_Application Hissab/select_A pay en ligneVa payer\&amp;quot;), Mode_paiement, true)</message>
  <nestedLevel>1</nestedLevel>
  <property name="startLine">37</property>
  <property name="stepIndex">9</property>
</record>
<record>
  <date>2019-10-20T00:29:24</date>
  <millis>1571524164635</millis>
  <sequence>370</sequence>
  <level>PASSED</level>
  <class>com.kms.katalon.core.logging.XmlKeywordLogger</class>
  <method>logMessage</method>
  <thread>1</thread>
  <message>All options with value &amp;apos;Va payer sur place&amp;apos; are selected in object &amp;apos;Object Repository/NouvelleReservations/Page_Application Hissab/select_A pay en ligneVa payer&amp;apos;  using regular expression</message>
  <nestedLevel>1</nestedLevel>
</record>
<record>
  <date>2019-10-20T00:29:24</date>
  <millis>1571524164636</millis>
  <sequence>371</sequence>
  <level>END</level>
  <class>com.kms.katalon.core.logging.XmlKeywordLogger</class>
  <method>endKeyword</method>
  <thread>1</thread>
  <message>End action : selectOptionByValue(findTestObject(\&amp;quot;Object Repository/NouvelleReservations/Page_Application Hissab/select_A pay en ligneVa payer\&amp;quot;), Mode_paiement, true)</message>
  <nestedLevel>1</nestedLevel>
</record>
<record>
  <date>2019-10-20T00:29:24</date>
  <millis>1571524164636</millis>
  <sequence>372</sequence>
  <level>START</level>
  <class>com.kms.katalon.core.logging.XmlKeywordLogger</class>
  <method>startKeyword</method>
  <thread>1</thread>
  <message>Start action : selectOptionByValue(findTestObject(\&amp;quot;NouvelleReservations/Page_Application Hissab/select_nbr_adulte\&amp;quot;), nbr_adulte, true)</message>
  <nestedLevel>1</nestedLevel>
  <property name="startLine">40</property>
  <property name="stepIndex">10</property>
</record>
<record>
  <date>2019-10-20T00:29:24</date>
  <millis>1571524164874</millis>
  <sequence>381</sequence>
  <level>PASSED</level>
  <class>com.kms.katalon.core.logging.XmlKeywordLogger</class>
  <method>logMessage</method>
  <thread>1</thread>
  <message>All options with value &amp;apos;2&amp;apos; are selected in object &amp;apos;Object Repository/NouvelleReservations/Page_Application Hissab/select_nbr_adulte&amp;apos;  using regular expression</message>
  <nestedLevel>1</nestedLevel>
</record>
<record>
  <date>2019-10-20T00:29:24</date>
  <millis>1571524164874</millis>
  <sequence>382</sequence>
  <level>END</level>
  <class>com.kms.katalon.core.logging.XmlKeywordLogger</class>
  <method>endKeyword</method>
  <thread>1</thread>
  <message>End action : selectOptionByValue(findTestObject(\&amp;quot;NouvelleReservations/Page_Application Hissab/select_nbr_adulte\&amp;quot;), nbr_adulte, true)</message>
  <nestedLevel>1</nestedLevel>
</record>
<record>
  <date>2019-10-20T00:29:24</date>
  <millis>1571524164875</millis>
  <sequence>383</sequence>
  <level>START</level>
  <class>com.kms.katalon.core.logging.XmlKeywordLogger</class>
  <method>startKeyword</method>
  <thread>1</thread>
  <message>Start action : selectOptionByValue(findTestObject(\&amp;quot;NouvelleReservations/Page_Application Hissab/select_nbr_enfant\&amp;quot;), nbr_enfant, true)</message>
  <nestedLevel>1</nestedLevel>
  <property name="startLine">43</property>
  <property name="stepIndex">11</property>
</record>
<record>
  <date>2019-10-20T00:29:25</date>
  <millis>1571524165058</millis>
  <sequence>392</sequence>
  <level>PASSED</level>
  <class>com.kms.katalon.core.logging.XmlKeywordLogger</class>
  <method>logMessage</method>
  <thread>1</thread>
  <message>All options with value &amp;apos;0&amp;apos; are selected in object &amp;apos;Object Repository/NouvelleReservations/Page_Application Hissab/select_nbr_enfant&amp;apos;  using regular expression</message>
  <nestedLevel>1</nestedLevel>
</record>
<record>
  <date>2019-10-20T00:29:25</date>
  <millis>1571524165058</millis>
  <sequence>393</sequence>
  <level>END</level>
  <class>com.kms.katalon.core.logging.XmlKeywordLogger</class>
  <method>endKeyword</method>
  <thread>1</thread>
  <message>End action : selectOptionByValue(findTestObject(\&amp;quot;NouvelleReservations/Page_Application Hissab/select_nbr_enfant\&amp;quot;), nbr_enfant, true)</message>
  <nestedLevel>1</nestedLevel>
</record>
<record>
  <date>2019-10-20T00:29:25</date>
  <millis>1571524165059</millis>
  <sequence>394</sequence>
  <level>START</level>
  <class>com.kms.katalon.core.logging.XmlKeywordLogger</class>
  <method>startKeyword</method>
  <thread>1</thread>
  <message>Start action : setText(findTestObject(\&amp;quot;NouvelleReservations/Dates/Page_Application Hissab/input_Arriv_arrive\&amp;quot;), \&amp;quot;23/10/2019\&amp;quot;)</message>
  <nestedLevel>1</nestedLevel>
  <property name="startLine">46</property>
  <property name="stepIndex">12</property>
</record>
<record>
  <date>2019-10-20T00:29:25</date>
  <millis>1571524165264</millis>
  <sequence>406</sequence>
  <level>PASSED</level>
  <class>com.kms.katalon.core.logging.XmlKeywordLogger</class>
  <method>logMessage</method>
  <thread>1</thread>
  <message>Text &amp;apos;23/10/2019&amp;apos; is set on object &amp;apos;Object Repository/NouvelleReservations/Dates/Page_Application Hissab/input_Arriv_arrive&amp;apos;</message>
  <nestedLevel>1</nestedLevel>
</record>
<record>
  <date>2019-10-20T00:29:25</date>
  <millis>1571524165264</millis>
  <sequence>407</sequence>
  <level>END</level>
  <class>com.kms.katalon.core.logging.XmlKeywordLogger</class>
  <method>endKeyword</method>
  <thread>1</thread>
  <message>End action : setText(findTestObject(\&amp;quot;NouvelleReservations/Dates/Page_Application Hissab/input_Arriv_arrive\&amp;quot;), \&amp;quot;23/10/2019\&amp;quot;)</message>
  <nestedLevel>1</nestedLevel>
</record>
<record>
  <date>2019-10-20T00:29:25</date>
  <millis>1571524165264</millis>
  <sequence>408</sequence>
  <level>START</level>
  <class>com.kms.katalon.core.logging.XmlKeywordLogger</class>
  <method>startKeyword</method>
  <thread>1</thread>
  <message>Start action : setText(findTestObject(\&amp;quot;Object Repository/NouvelleReservations/Page_Application Hissab/textarea_Commentaires (faculta\&amp;quot;), Comments)</message>
  <nestedLevel>1</nestedLevel>
  <property name="startLine">48</property>
  <property name="stepIndex">13</property>
</record>
<record>
  <date>2019-10-20T00:29:25</date>
  <millis>1571524165521</millis>
  <sequence>420</sequence>
  <level>PASSED</level>
  <class>com.kms.katalon.core.logging.XmlKeywordLogger</class>
  <method>logMessage</method>
  <thread>1</thread>
  <message>Text &amp;apos; Riji m3a 2h diel sba7&amp;apos; is set on object &amp;apos;Object Repository/NouvelleReservations/Page_Application Hissab/textarea_Commentaires (faculta&amp;apos;</message>
  <nestedLevel>1</nestedLevel>
</record>
<record>
  <date>2019-10-20T00:29:25</date>
  <millis>1571524165522</millis>
  <sequence>421</sequence>
  <level>END</level>
  <class>com.kms.katalon.core.logging.XmlKeywordLogger</class>
  <method>endKeyword</method>
  <thread>1</thread>
  <message>End action : setText(findTestObject(\&amp;quot;Object Repository/NouvelleReservations/Page_Application Hissab/textarea_Commentaires (faculta\&amp;quot;), Comments)</message>
  <nestedLevel>1</nestedLevel>
</record>
<record>
  <date>2019-10-20T00:29:25</date>
  <millis>1571524165522</millis>
  <sequence>422</sequence>
  <level>START</level>
  <class>com.kms.katalon.core.logging.XmlKeywordLogger</class>
  <method>startKeyword</method>
  <thread>1</thread>
  <message>Start action : scrollToElement(findTestObject(\&amp;quot;NouvelleReservations/Page_Application Hissab/button_Enregistrer\&amp;quot;), 0)</message>
  <nestedLevel>1</nestedLevel>
  <property name="startLine">51</property>
  <property name="stepIndex">14</property>
</record>
<record>
  <date>2019-10-20T00:29:25</date>
  <millis>1571524165527</millis>
  <sequence>426</sequence>
  <level>WARNING</level>
  <class>com.kms.katalon.core.logging.XmlKeywordLogger</class>
  <method>logMessage</method>
  <thread>1</thread>
  <message>Timeout &amp;apos;0&amp;apos; is invalid. Using default page load timeout: &amp;apos;30&amp;apos;</message>
  <nestedLevel>1</nestedLevel>
</record>
<record>
  <date>2019-10-20T00:29:25</date>
  <millis>1571524165558</millis>
  <sequence>431</sequence>
  <level>PASSED</level>
  <class>com.kms.katalon.core.logging.XmlKeywordLogger</class>
  <method>logMessage</method>
  <thread>1</thread>
  <message>Scroll to object &amp;apos;Object Repository/NouvelleReservations/Page_Application Hissab/button_Enregistrer&amp;apos; successfully</message>
  <nestedLevel>1</nestedLevel>
</record>
<record>
  <date>2019-10-20T00:29:25</date>
  <millis>1571524165559</millis>
  <sequence>432</sequence>
  <level>END</level>
  <class>com.kms.katalon.core.logging.XmlKeywordLogger</class>
  <method>endKeyword</method>
  <thread>1</thread>
  <message>End action : scrollToElement(findTestObject(\&amp;quot;NouvelleReservations/Page_Application Hissab/button_Enregistrer\&amp;quot;), 0)</message>
  <nestedLevel>1</nestedLevel>
</record>
<record>
  <date>2019-10-20T00:29:25</date>
  <millis>1571524165559</millis>
  <sequence>433</sequence>
  <level>START</level>
  <class>com.kms.katalon.core.logging.XmlKeywordLogger</class>
  <method>startKeyword</method>
  <thread>1</thread>
  <message>Start action : click(findTestObject(\&amp;quot;Object Repository/NouvelleReservations/Page_Application Hissab/button_Enregistrer\&amp;quot;))</message>
  <nestedLevel>1</nestedLevel>
  <property name="startLine">53</property>
  <property name="stepIndex">15</property>
</record>
<record>
  <date>2019-10-20T00:29:25</date>
  <millis>1571524165772</millis>
  <sequence>440</sequence>
  <level>PASSED</level>
  <class>com.kms.katalon.core.logging.XmlKeywordLogger</class>
  <method>logMessage</method>
  <thread>1</thread>
  <message>Object: &amp;apos;Object Repository/NouvelleReservations/Page_Application Hissab/button_Enregistrer&amp;apos; is clicked on</message>
  <nestedLevel>1</nestedLevel>
</record>
<record>
  <date>2019-10-20T00:29:25</date>
  <millis>1571524165772</millis>
  <sequence>441</sequence>
  <level>END</level>
  <class>com.kms.katalon.core.logging.XmlKeywordLogger</class>
  <method>endKeyword</method>
  <thread>1</thread>
  <message>End action : click(findTestObject(\&amp;quot;Object Repository/NouvelleReservations/Page_Application Hissab/button_Enregistrer\&amp;quot;))</message>
  <nestedLevel>1</nestedLevel>
</record>
<record>
  <date>2019-10-20T00:29:25</date>
  <millis>1571524165772</millis>
  <sequence>442</sequence>
  <level>PASSED</level>
  <class>com.kms.katalon.core.logging.XmlKeywordLogger</class>
  <method>logMessage</method>
  <thread>1</thread>
  <message>Test Cases/NewReservation</message>
  <nestedLevel>1</nestedLevel>
</record>
<record>
  <date>2019-10-20T00:29:25</date>
  <millis>1571524165773</millis>
  <sequence>443</sequence>
  <level>END</level>
  <class>com.kms.katalon.core.logging.XmlKeywordLogger</class>
  <method>endTest</method>
  <thread>1</thread>
  <message>End Test Case : Test Cases/NewReservation</message>
  <nestedLevel>0</nestedLevel>
</record>
<record>
  <date>2019-10-20T00:29:25</date>
  <millis>1571524165778</millis>
  <sequence>444</sequence>
  <level>START</level>
  <class>com.kms.katalon.core.logging.XmlKeywordLogger</class>
  <method>startTest</method>
  <thread>1</thread>
  <message>Start Test Case : Test Cases/CloseTheBrowser</message>
  <nestedLevel>1</nestedLevel>
  <property name="name">Test Cases/CloseTheBrowser</property>
  <property name="description"></property>
  <property name="id">Test Cases/CloseTheBrowser</property>
  <property name="source">C:\\Users\\bouda\\Katalon Studio\\Hissab\\Test Cases\\CloseTheBrowser.tc</property>
  <property name="isOptional">false</property>
</record>
<record>
  <date>2019-10-20T00:29:25</date>
  <millis>1571524165805</millis>
  <sequence>446</sequence>
  <level>INFO</level>
  <class>com.kms.katalon.core.logging.XmlKeywordLogger</class>
  <method>logMessage</method>
  <thread>1</thread>
  <message>(Default) Nom_Client = NOM PRENOM</message>
  <nestedLevel>1</nestedLevel>
</record>
<record>
  <date>2019-10-20T00:29:25</date>
  <millis>1571524165818</millis>
  <sequence>447</sequence>
  <level>INFO</level>
  <class>com.kms.katalon.core.logging.XmlKeywordLogger</class>
  <method>logMessage</method>
  <thread>1</thread>
  <message>(Default) Prix = 12345</message>
  <nestedLevel>1</nestedLevel>
</record>
<record>
  <date>2019-10-20T00:29:25</date>
  <millis>1571524165834</millis>
  <sequence>448</sequence>
  <level>INFO</level>
  <class>com.kms.katalon.core.logging.XmlKeywordLogger</class>
  <method>logMessage</method>
  <thread>1</thread>
  <message>(Default) Comments = Pas de commentaire</message>
  <nestedLevel>1</nestedLevel>
</record>
<record>
  <date>2019-10-20T00:29:26</date>
  <millis>1571524166204</millis>
  <sequence>449</sequence>
  <level>START</level>
  <class>com.kms.katalon.core.logging.XmlKeywordLogger</class>
  <method>startKeyword</method>
  <thread>1</thread>
  <message>Start action : closeBrowser(STOP_ON_FAILURE)</message>
  <nestedLevel>1</nestedLevel>
  <property name="startLine">17</property>
  <property name="stepIndex">1</property>
</record>
<record>
  <date>2019-10-20T00:29:27</date>
  <millis>1571524167171</millis>
  <sequence>451</sequence>
  <level>PASSED</level>
  <class>com.kms.katalon.core.logging.XmlKeywordLogger</class>
  <method>logMessage</method>
  <thread>1</thread>
  <message>Browser is closed</message>
  <nestedLevel>1</nestedLevel>
</record>
<record>
  <date>2019-10-20T00:29:27</date>
  <millis>1571524167172</millis>
  <sequence>452</sequence>
  <level>END</level>
  <class>com.kms.katalon.core.logging.XmlKeywordLogger</class>
  <method>endKeyword</method>
  <thread>1</thread>
  <message>End action : closeBrowser(STOP_ON_FAILURE)</message>
  <nestedLevel>1</nestedLevel>
</record>
<record>
  <date>2019-10-20T00:29:27</date>
  <millis>1571524167172</millis>
  <sequence>453</sequence>
  <level>PASSED</level>
  <class>com.kms.katalon.core.logging.XmlKeywordLogger</class>
  <method>logMessage</method>
  <thread>1</thread>
  <message>Test Cases/CloseTheBrowser</message>
  <nestedLevel>1</nestedLevel>
</record>
<record>
  <date>2019-10-20T00:29:27</date>
  <millis>1571524167173</millis>
  <sequence>454</sequence>
  <level>END</level>
  <class>com.kms.katalon.core.logging.XmlKeywordLogger</class>
  <method>endTest</method>
  <thread>1</thread>
  <message>End Test Case : Test Cases/CloseTheBrowser</message>
  <nestedLevel>0</nestedLevel>
</record>
<record>
  <date>2019-10-20T00:29:27</date>
  <millis>1571524167174</millis>
  <sequence>455</sequence>
  <level>END</level>
  <class>com.kms.katalon.core.logging.XmlKeywordLogger</class>
  <method>endSuite</method>
  <thread>1</thread>
  <message>End Test Suite : Test Suites/Reservations/NouvelleReservation</message>
  <nestedLevel>0</nestedLevel>
</record>
</log>
