<?xml version="1.0" encoding="UTF-8" standalone="no"?>
<!DOCTYPE log SYSTEM "logger.dtd">
<log>
<record>
  <date>2019-10-20T00:53:21</date>
  <millis>1571525601339</millis>
  <sequence>0</sequence>
  <level>START</level>
  <class>com.kms.katalon.core.logging.XmlKeywordLogger</class>
  <method>startSuite</method>
  <thread>1</thread>
  <message>Start Test Suite : Test Suites/Reservations/NouvelleReservation</message>
  <nestedLevel>0</nestedLevel>
  <property name="name">NouvelleReservation</property>
  <property name="description"></property>
  <property name="id">Test Suites/Reservations/NouvelleReservation</property>
</record>
<record>
  <date>2019-10-20T00:53:21</date>
  <millis>1571525601367</millis>
  <sequence>1</sequence>
  <level>RUN_DATA</level>
  <class>com.kms.katalon.core.logging.XmlKeywordLogger</class>
  <method>logMessage</method>
  <thread>1</thread>
  <message>hostName = bouda - DESKTOP-L8US96K</message>
  <nestedLevel>0</nestedLevel>
  <property name="hostName">bouda - DESKTOP-L8US96K</property>
</record>
<record>
  <date>2019-10-20T00:53:21</date>
  <millis>1571525601368</millis>
  <sequence>2</sequence>
  <level>RUN_DATA</level>
  <class>com.kms.katalon.core.logging.XmlKeywordLogger</class>
  <method>logMessage</method>
  <thread>1</thread>
  <message>os = Windows 10 64bit</message>
  <nestedLevel>0</nestedLevel>
  <property name="os">Windows 10 64bit</property>
</record>
<record>
  <date>2019-10-20T00:53:21</date>
  <millis>1571525601370</millis>
  <sequence>3</sequence>
  <level>RUN_DATA</level>
  <class>com.kms.katalon.core.logging.XmlKeywordLogger</class>
  <method>logMessage</method>
  <thread>1</thread>
  <message>hostAddress = 192.168.99.1</message>
  <nestedLevel>0</nestedLevel>
  <property name="hostAddress">192.168.99.1</property>
</record>
<record>
  <date>2019-10-20T00:53:21</date>
  <millis>1571525601372</millis>
  <sequence>4</sequence>
  <level>RUN_DATA</level>
  <class>com.kms.katalon.core.logging.XmlKeywordLogger</class>
  <method>logMessage</method>
  <thread>1</thread>
  <message>katalonVersion = 5.9.1.2</message>
  <nestedLevel>0</nestedLevel>
  <property name="katalonVersion">5.9.1.2</property>
</record>
<record>
  <date>2019-10-20T00:53:21</date>
  <millis>1571525601801</millis>
  <sequence>5</sequence>
  <level>START</level>
  <class>com.kms.katalon.core.logging.XmlKeywordLogger</class>
  <method>startTest</method>
  <thread>1</thread>
  <message>Start Test Case : Test Cases/OpenTheBrowser</message>
  <nestedLevel>1</nestedLevel>
  <property name="name">Test Cases/OpenTheBrowser</property>
  <property name="description"></property>
  <property name="id">Test Cases/OpenTheBrowser</property>
  <property name="source">C:\\Users\\bouda\\Katalon Studio\\Hissab\\Test Cases\\OpenTheBrowser.tc</property>
  <property name="isOptional">false</property>
</record>
<record>
  <date>2019-10-20T00:53:21</date>
  <millis>1571525601949</millis>
  <sequence>7</sequence>
  <level>INFO</level>
  <class>com.kms.katalon.core.logging.XmlKeywordLogger</class>
  <method>logMessage</method>
  <thread>1</thread>
  <message>(Default) Nom_Client = NOM PRENOM</message>
  <nestedLevel>1</nestedLevel>
</record>
<record>
  <date>2019-10-20T00:53:21</date>
  <millis>1571525601983</millis>
  <sequence>8</sequence>
  <level>INFO</level>
  <class>com.kms.katalon.core.logging.XmlKeywordLogger</class>
  <method>logMessage</method>
  <thread>1</thread>
  <message>(Default) Prix = 12345</message>
  <nestedLevel>1</nestedLevel>
</record>
<record>
  <date>2019-10-20T00:53:22</date>
  <millis>1571525602003</millis>
  <sequence>9</sequence>
  <level>INFO</level>
  <class>com.kms.katalon.core.logging.XmlKeywordLogger</class>
  <method>logMessage</method>
  <thread>1</thread>
  <message>(Default) Comments = Pas de commentaire</message>
  <nestedLevel>1</nestedLevel>
</record>
<record>
  <date>2019-10-20T00:53:22</date>
  <millis>1571525602528</millis>
  <sequence>10</sequence>
  <level>START</level>
  <class>com.kms.katalon.core.logging.XmlKeywordLogger</class>
  <method>startKeyword</method>
  <thread>1</thread>
  <message>Start action : openBrowser(\&amp;quot;\&amp;quot;)</message>
  <nestedLevel>1</nestedLevel>
  <property name="startLine">17</property>
  <property name="stepIndex">1</property>
</record>
<record>
  <date>2019-10-20T00:53:23</date>
  <millis>1571525603026</millis>
  <sequence>12</sequence>
  <level>INFO</level>
  <class>com.kms.katalon.core.logging.XmlKeywordLogger</class>
  <method>logMessage</method>
  <thread>1</thread>
  <message>Starting &amp;apos;Chrome&amp;apos; driver</message>
  <nestedLevel>1</nestedLevel>
</record>
<record>
  <date>2019-10-20T00:53:23</date>
  <millis>1571525603092</millis>
  <sequence>13</sequence>
  <level>INFO</level>
  <class>com.kms.katalon.core.logging.XmlKeywordLogger</class>
  <method>logMessage</method>
  <thread>1</thread>
  <message>Action delay is set to 0 seconds</message>
  <nestedLevel>1</nestedLevel>
</record>
<record>
  <date>2019-10-20T00:53:26</date>
  <millis>1571525606664</millis>
  <sequence>15</sequence>
  <level>RUN_DATA</level>
  <class>com.kms.katalon.core.logging.XmlKeywordLogger</class>
  <method>logMessage</method>
  <thread>1</thread>
  <message>sessionId = 96110bb671f0af1ab996b15f2a673f85</message>
  <nestedLevel>1</nestedLevel>
  <property name="sessionId">96110bb671f0af1ab996b15f2a673f85</property>
</record>
<record>
  <date>2019-10-20T00:53:26</date>
  <millis>1571525606697</millis>
  <sequence>16</sequence>
  <level>RUN_DATA</level>
  <class>com.kms.katalon.core.logging.XmlKeywordLogger</class>
  <method>logMessage</method>
  <thread>1</thread>
  <message>browser = Chrome 77.0.3865.120</message>
  <nestedLevel>1</nestedLevel>
  <property name="browser">Chrome 77.0.3865.120</property>
</record>
<record>
  <date>2019-10-20T00:53:26</date>
  <millis>1571525606697</millis>
  <sequence>17</sequence>
  <level>RUN_DATA</level>
  <class>com.kms.katalon.core.logging.XmlKeywordLogger</class>
  <method>logMessage</method>
  <thread>1</thread>
  <message>platform = Windows 10</message>
  <nestedLevel>1</nestedLevel>
  <property name="platform">Windows 10</property>
</record>
<record>
  <date>2019-10-20T00:53:26</date>
  <millis>1571525606701</millis>
  <sequence>18</sequence>
  <level>RUN_DATA</level>
  <class>com.kms.katalon.core.logging.XmlKeywordLogger</class>
  <method>logMessage</method>
  <thread>1</thread>
  <message>seleniumVersion = 3.7.1</message>
  <nestedLevel>1</nestedLevel>
  <property name="seleniumVersion">3.7.1</property>
</record>
<record>
  <date>2019-10-20T00:53:26</date>
  <millis>1571525606702</millis>
  <sequence>19</sequence>
  <level>RUN_DATA</level>
  <class>com.kms.katalon.core.logging.XmlKeywordLogger</class>
  <method>logMessage</method>
  <thread>1</thread>
  <message>proxyInformation = ProxyInformation{proxyOption=NO_PROXY, proxyServerType=HTTP, password=, proxyServerAddress=, proxyServerPort=0}</message>
  <nestedLevel>1</nestedLevel>
  <property name="proxyInformation">ProxyInformation{proxyOption=NO_PROXY, proxyServerType=HTTP, password=, proxyServerAddress=, proxyServerPort=0}</property>
</record>
<record>
  <date>2019-10-20T00:53:26</date>
  <millis>1571525606703</millis>
  <sequence>20</sequence>
  <level>PASSED</level>
  <class>com.kms.katalon.core.logging.XmlKeywordLogger</class>
  <method>logMessage</method>
  <thread>1</thread>
  <message>Browser is opened with url: &amp;apos;&amp;apos;</message>
  <nestedLevel>1</nestedLevel>
</record>
<record>
  <date>2019-10-20T00:53:26</date>
  <millis>1571525606705</millis>
  <sequence>21</sequence>
  <level>END</level>
  <class>com.kms.katalon.core.logging.XmlKeywordLogger</class>
  <method>endKeyword</method>
  <thread>1</thread>
  <message>End action : openBrowser(\&amp;quot;\&amp;quot;)</message>
  <nestedLevel>1</nestedLevel>
</record>
<record>
  <date>2019-10-20T00:53:26</date>
  <millis>1571525606705</millis>
  <sequence>22</sequence>
  <level>START</level>
  <class>com.kms.katalon.core.logging.XmlKeywordLogger</class>
  <method>startKeyword</method>
  <thread>1</thread>
  <message>Start action : navigateToUrl(\&amp;quot;http://localhost:4200/\&amp;quot;)</message>
  <nestedLevel>1</nestedLevel>
  <property name="startLine">19</property>
  <property name="stepIndex">2</property>
</record>
<record>
  <date>2019-10-20T00:53:29</date>
  <millis>1571525609401</millis>
  <sequence>25</sequence>
  <level>PASSED</level>
  <class>com.kms.katalon.core.logging.XmlKeywordLogger</class>
  <method>logMessage</method>
  <thread>1</thread>
  <message>Navigate to &amp;apos;http://localhost:4200/&amp;apos; successfully</message>
  <nestedLevel>1</nestedLevel>
</record>
<record>
  <date>2019-10-20T00:53:29</date>
  <millis>1571525609402</millis>
  <sequence>26</sequence>
  <level>END</level>
  <class>com.kms.katalon.core.logging.XmlKeywordLogger</class>
  <method>endKeyword</method>
  <thread>1</thread>
  <message>End action : navigateToUrl(\&amp;quot;http://localhost:4200/\&amp;quot;)</message>
  <nestedLevel>1</nestedLevel>
</record>
<record>
  <date>2019-10-20T00:53:29</date>
  <millis>1571525609402</millis>
  <sequence>27</sequence>
  <level>START</level>
  <class>com.kms.katalon.core.logging.XmlKeywordLogger</class>
  <method>startKeyword</method>
  <thread>1</thread>
  <message>Start action : click(findTestObject(\&amp;quot;Object Repository/NouvelleReservations/Page_Application Hissab/h2_Bienvenue\&amp;quot;))</message>
  <nestedLevel>1</nestedLevel>
  <property name="startLine">21</property>
  <property name="stepIndex">3</property>
</record>
<record>
  <date>2019-10-20T00:53:30</date>
  <millis>1571525610809</millis>
  <sequence>34</sequence>
  <level>PASSED</level>
  <class>com.kms.katalon.core.logging.XmlKeywordLogger</class>
  <method>logMessage</method>
  <thread>1</thread>
  <message>Object: &amp;apos;Object Repository/NouvelleReservations/Page_Application Hissab/h2_Bienvenue&amp;apos; is clicked on</message>
  <nestedLevel>1</nestedLevel>
</record>
<record>
  <date>2019-10-20T00:53:30</date>
  <millis>1571525610812</millis>
  <sequence>35</sequence>
  <level>END</level>
  <class>com.kms.katalon.core.logging.XmlKeywordLogger</class>
  <method>endKeyword</method>
  <thread>1</thread>
  <message>End action : click(findTestObject(\&amp;quot;Object Repository/NouvelleReservations/Page_Application Hissab/h2_Bienvenue\&amp;quot;))</message>
  <nestedLevel>1</nestedLevel>
</record>
<record>
  <date>2019-10-20T00:53:30</date>
  <millis>1571525610812</millis>
  <sequence>36</sequence>
  <level>START</level>
  <class>com.kms.katalon.core.logging.XmlKeywordLogger</class>
  <method>startKeyword</method>
  <thread>1</thread>
  <message>Start action : setText(findTestObject(\&amp;quot;Object Repository/NouvelleReservations/Page_Application Hissab/input_Email_email\&amp;quot;), \&amp;quot;abdellatif.boudalh@gmail.com\&amp;quot;)</message>
  <nestedLevel>1</nestedLevel>
  <property name="startLine">23</property>
  <property name="stepIndex">4</property>
</record>
<record>
  <date>2019-10-20T00:53:31</date>
  <millis>1571525611120</millis>
  <sequence>48</sequence>
  <level>PASSED</level>
  <class>com.kms.katalon.core.logging.XmlKeywordLogger</class>
  <method>logMessage</method>
  <thread>1</thread>
  <message>Text &amp;apos;abdellatif.boudalh@gmail.com&amp;apos; is set on object &amp;apos;Object Repository/NouvelleReservations/Page_Application Hissab/input_Email_email&amp;apos;</message>
  <nestedLevel>1</nestedLevel>
</record>
<record>
  <date>2019-10-20T00:53:31</date>
  <millis>1571525611122</millis>
  <sequence>49</sequence>
  <level>END</level>
  <class>com.kms.katalon.core.logging.XmlKeywordLogger</class>
  <method>endKeyword</method>
  <thread>1</thread>
  <message>End action : setText(findTestObject(\&amp;quot;Object Repository/NouvelleReservations/Page_Application Hissab/input_Email_email\&amp;quot;), \&amp;quot;abdellatif.boudalh@gmail.com\&amp;quot;)</message>
  <nestedLevel>1</nestedLevel>
</record>
<record>
  <date>2019-10-20T00:53:31</date>
  <millis>1571525611122</millis>
  <sequence>50</sequence>
  <level>START</level>
  <class>com.kms.katalon.core.logging.XmlKeywordLogger</class>
  <method>startKeyword</method>
  <thread>1</thread>
  <message>Start action : setEncryptedText(findTestObject(\&amp;quot;Object Repository/NouvelleReservations/Page_Application Hissab/input_Mot de passe_password\&amp;quot;), \&amp;quot;g5aLkrmNNK9wgGsRIXINCA==\&amp;quot;)</message>
  <nestedLevel>1</nestedLevel>
  <property name="startLine">25</property>
  <property name="stepIndex">5</property>
</record>
<record>
  <date>2019-10-20T00:53:31</date>
  <millis>1571525611429</millis>
  <sequence>59</sequence>
  <level>PASSED</level>
  <class>com.kms.katalon.core.logging.XmlKeywordLogger</class>
  <method>logMessage</method>
  <thread>1</thread>
  <message>Text ****** has been set on object &amp;apos;Object Repository/NouvelleReservations/Page_Application Hissab/input_Mot de passe_password&amp;apos;</message>
  <nestedLevel>1</nestedLevel>
</record>
<record>
  <date>2019-10-20T00:53:31</date>
  <millis>1571525611431</millis>
  <sequence>60</sequence>
  <level>END</level>
  <class>com.kms.katalon.core.logging.XmlKeywordLogger</class>
  <method>endKeyword</method>
  <thread>1</thread>
  <message>End action : setEncryptedText(findTestObject(\&amp;quot;Object Repository/NouvelleReservations/Page_Application Hissab/input_Mot de passe_password\&amp;quot;), \&amp;quot;g5aLkrmNNK9wgGsRIXINCA==\&amp;quot;)</message>
  <nestedLevel>1</nestedLevel>
</record>
<record>
  <date>2019-10-20T00:53:31</date>
  <millis>1571525611431</millis>
  <sequence>61</sequence>
  <level>START</level>
  <class>com.kms.katalon.core.logging.XmlKeywordLogger</class>
  <method>startKeyword</method>
  <thread>1</thread>
  <message>Start action : click(findTestObject(\&amp;quot;Object Repository/NouvelleReservations/Page_Application Hissab/button_Connexion\&amp;quot;))</message>
  <nestedLevel>1</nestedLevel>
  <property name="startLine">28</property>
  <property name="stepIndex">6</property>
</record>
<record>
  <date>2019-10-20T00:53:31</date>
  <millis>1571525611542</millis>
  <sequence>68</sequence>
  <level>PASSED</level>
  <class>com.kms.katalon.core.logging.XmlKeywordLogger</class>
  <method>logMessage</method>
  <thread>1</thread>
  <message>Object: &amp;apos;Object Repository/NouvelleReservations/Page_Application Hissab/button_Connexion&amp;apos; is clicked on</message>
  <nestedLevel>1</nestedLevel>
</record>
<record>
  <date>2019-10-20T00:53:31</date>
  <millis>1571525611543</millis>
  <sequence>69</sequence>
  <level>END</level>
  <class>com.kms.katalon.core.logging.XmlKeywordLogger</class>
  <method>endKeyword</method>
  <thread>1</thread>
  <message>End action : click(findTestObject(\&amp;quot;Object Repository/NouvelleReservations/Page_Application Hissab/button_Connexion\&amp;quot;))</message>
  <nestedLevel>1</nestedLevel>
</record>
<record>
  <date>2019-10-20T00:53:31</date>
  <millis>1571525611543</millis>
  <sequence>70</sequence>
  <level>PASSED</level>
  <class>com.kms.katalon.core.logging.XmlKeywordLogger</class>
  <method>logMessage</method>
  <thread>1</thread>
  <message>Test Cases/OpenTheBrowser</message>
  <nestedLevel>1</nestedLevel>
</record>
<record>
  <date>2019-10-20T00:53:31</date>
  <millis>1571525611544</millis>
  <sequence>71</sequence>
  <level>END</level>
  <class>com.kms.katalon.core.logging.XmlKeywordLogger</class>
  <method>endTest</method>
  <thread>1</thread>
  <message>End Test Case : Test Cases/OpenTheBrowser</message>
  <nestedLevel>0</nestedLevel>
</record>
<record>
  <date>2019-10-20T00:53:31</date>
  <millis>1571525611551</millis>
  <sequence>72</sequence>
  <level>START</level>
  <class>com.kms.katalon.core.logging.XmlKeywordLogger</class>
  <method>startTest</method>
  <thread>1</thread>
  <message>Start Test Case : Test Cases/NewReservation</message>
  <nestedLevel>1</nestedLevel>
  <property name="name">Test Cases/NewReservation</property>
  <property name="description"></property>
  <property name="id">Test Cases/NewReservation</property>
  <property name="source">C:\\Users\\bouda\\Katalon Studio\\Hissab\\Test Cases\\NewReservation.tc</property>
  <property name="isOptional">false</property>
</record>
<record>
  <date>2019-10-20T00:53:31</date>
  <millis>1571525611568</millis>
  <sequence>74</sequence>
  <level>INFO</level>
  <class>com.kms.katalon.core.logging.XmlKeywordLogger</class>
  <method>logMessage</method>
  <thread>1</thread>
  <message>Nom_Client =  Nicolas Sarkozy</message>
  <nestedLevel>1</nestedLevel>
</record>
<record>
  <date>2019-10-20T00:53:31</date>
  <millis>1571525611570</millis>
  <sequence>75</sequence>
  <level>INFO</level>
  <class>com.kms.katalon.core.logging.XmlKeywordLogger</class>
  <method>logMessage</method>
  <thread>1</thread>
  <message>Prix =  1200</message>
  <nestedLevel>1</nestedLevel>
</record>
<record>
  <date>2019-10-20T00:53:31</date>
  <millis>1571525611570</millis>
  <sequence>76</sequence>
  <level>INFO</level>
  <class>com.kms.katalon.core.logging.XmlKeywordLogger</class>
  <method>logMessage</method>
  <thread>1</thread>
  <message>Comments =  Voici mon commentaire</message>
  <nestedLevel>1</nestedLevel>
</record>
<record>
  <date>2019-10-20T00:53:31</date>
  <millis>1571525611570</millis>
  <sequence>77</sequence>
  <level>INFO</level>
  <class>com.kms.katalon.core.logging.XmlKeywordLogger</class>
  <method>logMessage</method>
  <thread>1</thread>
  <message>Appartement = Appartement 2</message>
  <nestedLevel>1</nestedLevel>
</record>
<record>
  <date>2019-10-20T00:53:31</date>
  <millis>1571525611572</millis>
  <sequence>78</sequence>
  <level>INFO</level>
  <class>com.kms.katalon.core.logging.XmlKeywordLogger</class>
  <method>logMessage</method>
  <thread>1</thread>
  <message>Devise = Dirhams</message>
  <nestedLevel>1</nestedLevel>
</record>
<record>
  <date>2019-10-20T00:53:31</date>
  <millis>1571525611572</millis>
  <sequence>79</sequence>
  <level>INFO</level>
  <class>com.kms.katalon.core.logging.XmlKeywordLogger</class>
  <method>logMessage</method>
  <thread>1</thread>
  <message>Phone = +33699089737</message>
  <nestedLevel>1</nestedLevel>
</record>
<record>
  <date>2019-10-20T00:53:31</date>
  <millis>1571525611573</millis>
  <sequence>80</sequence>
  <level>INFO</level>
  <class>com.kms.katalon.core.logging.XmlKeywordLogger</class>
  <method>logMessage</method>
  <thread>1</thread>
  <message>Mode_paiement = A pay\u00E9 en ligne</message>
  <nestedLevel>1</nestedLevel>
</record>
<record>
  <date>2019-10-20T00:53:31</date>
  <millis>1571525611573</millis>
  <sequence>81</sequence>
  <level>INFO</level>
  <class>com.kms.katalon.core.logging.XmlKeywordLogger</class>
  <method>logMessage</method>
  <thread>1</thread>
  <message>nbr_adulte = 2</message>
  <nestedLevel>1</nestedLevel>
</record>
<record>
  <date>2019-10-20T00:53:31</date>
  <millis>1571525611574</millis>
  <sequence>82</sequence>
  <level>INFO</level>
  <class>com.kms.katalon.core.logging.XmlKeywordLogger</class>
  <method>logMessage</method>
  <thread>1</thread>
  <message>nbr_enfant = 3</message>
  <nestedLevel>1</nestedLevel>
</record>
<record>
  <date>2019-10-20T00:53:31</date>
  <millis>1571525611576</millis>
  <sequence>83</sequence>
  <level>INFO</level>
  <class>com.kms.katalon.core.logging.XmlKeywordLogger</class>
  <method>logMessage</method>
  <thread>1</thread>
  <message>jour_arrive = 20102019</message>
  <nestedLevel>1</nestedLevel>
</record>
<record>
  <date>2019-10-20T00:53:31</date>
  <millis>1571525611576</millis>
  <sequence>84</sequence>
  <level>INFO</level>
  <class>com.kms.katalon.core.logging.XmlKeywordLogger</class>
  <method>logMessage</method>
  <thread>1</thread>
  <message>jour_depart = 25102019</message>
  <nestedLevel>1</nestedLevel>
</record>
<record>
  <date>2019-10-20T00:53:32</date>
  <millis>1571525612206</millis>
  <sequence>85</sequence>
  <level>START</level>
  <class>com.kms.katalon.core.logging.XmlKeywordLogger</class>
  <method>startKeyword</method>
  <thread>1</thread>
  <message>Start action : scrollToElement(findTestObject(\&amp;quot;NouvelleReservations/Page_Application Hissab/button_Nouvelle Reservation\&amp;quot;), 0)</message>
  <nestedLevel>1</nestedLevel>
  <property name="startLine">17</property>
  <property name="stepIndex">1</property>
</record>
<record>
  <date>2019-10-20T00:53:32</date>
  <millis>1571525612235</millis>
  <sequence>89</sequence>
  <level>WARNING</level>
  <class>com.kms.katalon.core.logging.XmlKeywordLogger</class>
  <method>logMessage</method>
  <thread>1</thread>
  <message>Timeout &amp;apos;0&amp;apos; is invalid. Using default page load timeout: &amp;apos;30&amp;apos;</message>
  <nestedLevel>1</nestedLevel>
</record>
<record>
  <date>2019-10-20T00:53:33</date>
  <millis>1571525613296</millis>
  <sequence>94</sequence>
  <level>PASSED</level>
  <class>com.kms.katalon.core.logging.XmlKeywordLogger</class>
  <method>logMessage</method>
  <thread>1</thread>
  <message>Scroll to object &amp;apos;Object Repository/NouvelleReservations/Page_Application Hissab/button_Nouvelle Reservation&amp;apos; successfully</message>
  <nestedLevel>1</nestedLevel>
</record>
<record>
  <date>2019-10-20T00:53:33</date>
  <millis>1571525613296</millis>
  <sequence>95</sequence>
  <level>END</level>
  <class>com.kms.katalon.core.logging.XmlKeywordLogger</class>
  <method>endKeyword</method>
  <thread>1</thread>
  <message>End action : scrollToElement(findTestObject(\&amp;quot;NouvelleReservations/Page_Application Hissab/button_Nouvelle Reservation\&amp;quot;), 0)</message>
  <nestedLevel>1</nestedLevel>
</record>
<record>
  <date>2019-10-20T00:53:33</date>
  <millis>1571525613297</millis>
  <sequence>96</sequence>
  <level>START</level>
  <class>com.kms.katalon.core.logging.XmlKeywordLogger</class>
  <method>startKeyword</method>
  <thread>1</thread>
  <message>Start action : click(findTestObject(\&amp;quot;Object Repository/NouvelleReservations/Page_Application Hissab/button_Nouvelle Reservation\&amp;quot;))</message>
  <nestedLevel>1</nestedLevel>
  <property name="startLine">19</property>
  <property name="stepIndex">2</property>
</record>
<record>
  <date>2019-10-20T00:53:33</date>
  <millis>1571525613589</millis>
  <sequence>103</sequence>
  <level>PASSED</level>
  <class>com.kms.katalon.core.logging.XmlKeywordLogger</class>
  <method>logMessage</method>
  <thread>1</thread>
  <message>Object: &amp;apos;Object Repository/NouvelleReservations/Page_Application Hissab/button_Nouvelle Reservation&amp;apos; is clicked on</message>
  <nestedLevel>1</nestedLevel>
</record>
<record>
  <date>2019-10-20T00:53:33</date>
  <millis>1571525613590</millis>
  <sequence>104</sequence>
  <level>END</level>
  <class>com.kms.katalon.core.logging.XmlKeywordLogger</class>
  <method>endKeyword</method>
  <thread>1</thread>
  <message>End action : click(findTestObject(\&amp;quot;Object Repository/NouvelleReservations/Page_Application Hissab/button_Nouvelle Reservation\&amp;quot;))</message>
  <nestedLevel>1</nestedLevel>
</record>
<record>
  <date>2019-10-20T00:53:33</date>
  <millis>1571525613590</millis>
  <sequence>105</sequence>
  <level>START</level>
  <class>com.kms.katalon.core.logging.XmlKeywordLogger</class>
  <method>startKeyword</method>
  <thread>1</thread>
  <message>Start action : selectOptionByValue(findTestObject(\&amp;quot;Object Repository/NouvelleReservations/Page_Application Hissab/select_Appartement 0Appartemen\&amp;quot;), Appartement, true)</message>
  <nestedLevel>1</nestedLevel>
  <property name="startLine">21</property>
  <property name="stepIndex">3</property>
</record>
<record>
  <date>2019-10-20T00:53:33</date>
  <millis>1571525613826</millis>
  <sequence>114</sequence>
  <level>PASSED</level>
  <class>com.kms.katalon.core.logging.XmlKeywordLogger</class>
  <method>logMessage</method>
  <thread>1</thread>
  <message>All options with value &amp;apos;Appartement 2&amp;apos; are selected in object &amp;apos;Object Repository/NouvelleReservations/Page_Application Hissab/select_Appartement 0Appartemen&amp;apos;  using regular expression</message>
  <nestedLevel>1</nestedLevel>
</record>
<record>
  <date>2019-10-20T00:53:33</date>
  <millis>1571525613827</millis>
  <sequence>115</sequence>
  <level>END</level>
  <class>com.kms.katalon.core.logging.XmlKeywordLogger</class>
  <method>endKeyword</method>
  <thread>1</thread>
  <message>End action : selectOptionByValue(findTestObject(\&amp;quot;Object Repository/NouvelleReservations/Page_Application Hissab/select_Appartement 0Appartemen\&amp;quot;), Appartement, true)</message>
  <nestedLevel>1</nestedLevel>
</record>
<record>
  <date>2019-10-20T00:53:33</date>
  <millis>1571525613827</millis>
  <sequence>116</sequence>
  <level>START</level>
  <class>com.kms.katalon.core.logging.XmlKeywordLogger</class>
  <method>startKeyword</method>
  <thread>1</thread>
  <message>Start action : setText(findTestObject(\&amp;quot;NouvelleReservations/Dates/Page_Application Hissab/input_Arriv_arrive\&amp;quot;), jour_arrive)</message>
  <nestedLevel>1</nestedLevel>
  <property name="startLine">24</property>
  <property name="stepIndex">4</property>
</record>
<record>
  <date>2019-10-20T00:53:34</date>
  <millis>1571525614055</millis>
  <sequence>128</sequence>
  <level>PASSED</level>
  <class>com.kms.katalon.core.logging.XmlKeywordLogger</class>
  <method>logMessage</method>
  <thread>1</thread>
  <message>Text &amp;apos;20102019&amp;apos; is set on object &amp;apos;Object Repository/NouvelleReservations/Dates/Page_Application Hissab/input_Arriv_arrive&amp;apos;</message>
  <nestedLevel>1</nestedLevel>
</record>
<record>
  <date>2019-10-20T00:53:34</date>
  <millis>1571525614056</millis>
  <sequence>129</sequence>
  <level>END</level>
  <class>com.kms.katalon.core.logging.XmlKeywordLogger</class>
  <method>endKeyword</method>
  <thread>1</thread>
  <message>End action : setText(findTestObject(\&amp;quot;NouvelleReservations/Dates/Page_Application Hissab/input_Arriv_arrive\&amp;quot;), jour_arrive)</message>
  <nestedLevel>1</nestedLevel>
</record>
<record>
  <date>2019-10-20T00:53:34</date>
  <millis>1571525614056</millis>
  <sequence>130</sequence>
  <level>START</level>
  <class>com.kms.katalon.core.logging.XmlKeywordLogger</class>
  <method>startKeyword</method>
  <thread>1</thread>
  <message>Start action : setText(findTestObject(\&amp;quot;NouvelleReservations/Dates/Page_Application Hissab/input_Dpart_depart\&amp;quot;), jour_depart)</message>
  <nestedLevel>1</nestedLevel>
  <property name="startLine">26</property>
  <property name="stepIndex">5</property>
</record>
<record>
  <date>2019-10-20T00:53:34</date>
  <millis>1571525614238</millis>
  <sequence>142</sequence>
  <level>PASSED</level>
  <class>com.kms.katalon.core.logging.XmlKeywordLogger</class>
  <method>logMessage</method>
  <thread>1</thread>
  <message>Text &amp;apos;25102019&amp;apos; is set on object &amp;apos;Object Repository/NouvelleReservations/Dates/Page_Application Hissab/input_Dpart_depart&amp;apos;</message>
  <nestedLevel>1</nestedLevel>
</record>
<record>
  <date>2019-10-20T00:53:34</date>
  <millis>1571525614239</millis>
  <sequence>143</sequence>
  <level>END</level>
  <class>com.kms.katalon.core.logging.XmlKeywordLogger</class>
  <method>endKeyword</method>
  <thread>1</thread>
  <message>End action : setText(findTestObject(\&amp;quot;NouvelleReservations/Dates/Page_Application Hissab/input_Dpart_depart\&amp;quot;), jour_depart)</message>
  <nestedLevel>1</nestedLevel>
</record>
<record>
  <date>2019-10-20T00:53:34</date>
  <millis>1571525614240</millis>
  <sequence>144</sequence>
  <level>START</level>
  <class>com.kms.katalon.core.logging.XmlKeywordLogger</class>
  <method>startKeyword</method>
  <thread>1</thread>
  <message>Start action : setText(findTestObject(\&amp;quot;Object Repository/NouvelleReservations/Page_Application Hissab/input_Nom complet_nomcomplet\&amp;quot;), Nom_Client)</message>
  <nestedLevel>1</nestedLevel>
  <property name="startLine">28</property>
  <property name="stepIndex">6</property>
</record>
<record>
  <date>2019-10-20T00:53:34</date>
  <millis>1571525614518</millis>
  <sequence>156</sequence>
  <level>PASSED</level>
  <class>com.kms.katalon.core.logging.XmlKeywordLogger</class>
  <method>logMessage</method>
  <thread>1</thread>
  <message>Text &amp;apos; Nicolas Sarkozy&amp;apos; is set on object &amp;apos;Object Repository/NouvelleReservations/Page_Application Hissab/input_Nom complet_nomcomplet&amp;apos;</message>
  <nestedLevel>1</nestedLevel>
</record>
<record>
  <date>2019-10-20T00:53:34</date>
  <millis>1571525614519</millis>
  <sequence>157</sequence>
  <level>END</level>
  <class>com.kms.katalon.core.logging.XmlKeywordLogger</class>
  <method>endKeyword</method>
  <thread>1</thread>
  <message>End action : setText(findTestObject(\&amp;quot;Object Repository/NouvelleReservations/Page_Application Hissab/input_Nom complet_nomcomplet\&amp;quot;), Nom_Client)</message>
  <nestedLevel>1</nestedLevel>
</record>
<record>
  <date>2019-10-20T00:53:34</date>
  <millis>1571525614519</millis>
  <sequence>158</sequence>
  <level>START</level>
  <class>com.kms.katalon.core.logging.XmlKeywordLogger</class>
  <method>startKeyword</method>
  <thread>1</thread>
  <message>Start action : sendKeys(findTestObject(\&amp;quot;Object Repository/NouvelleReservations/Page_Application Hissab/input_Tlphone_phone\&amp;quot;), Keys.chord(ENTER))</message>
  <nestedLevel>1</nestedLevel>
  <property name="startLine">31</property>
  <property name="stepIndex">7</property>
</record>
<record>
  <date>2019-10-20T00:53:34</date>
  <millis>1571525614636</millis>
  <sequence>164</sequence>
  <level>PASSED</level>
  <class>com.kms.katalon.core.logging.XmlKeywordLogger</class>
  <method>logMessage</method>
  <thread>1</thread>
  <message>Keys &amp;apos;ENTER + &amp;apos; sent to object: &amp;apos;Object Repository/NouvelleReservations/Page_Application Hissab/input_Tlphone_phone&amp;apos;</message>
  <nestedLevel>1</nestedLevel>
</record>
<record>
  <date>2019-10-20T00:53:34</date>
  <millis>1571525614637</millis>
  <sequence>165</sequence>
  <level>END</level>
  <class>com.kms.katalon.core.logging.XmlKeywordLogger</class>
  <method>endKeyword</method>
  <thread>1</thread>
  <message>End action : sendKeys(findTestObject(\&amp;quot;Object Repository/NouvelleReservations/Page_Application Hissab/input_Tlphone_phone\&amp;quot;), Keys.chord(ENTER))</message>
  <nestedLevel>1</nestedLevel>
</record>
<record>
  <date>2019-10-20T00:53:34</date>
  <millis>1571525614638</millis>
  <sequence>166</sequence>
  <level>START</level>
  <class>com.kms.katalon.core.logging.XmlKeywordLogger</class>
  <method>startKeyword</method>
  <thread>1</thread>
  <message>Start action : setText(findTestObject(\&amp;quot;Object Repository/NouvelleReservations/Page_Application Hissab/input_Tlphone_phone\&amp;quot;), Phone)</message>
  <nestedLevel>1</nestedLevel>
  <property name="startLine">34</property>
  <property name="stepIndex">8</property>
</record>
<record>
  <date>2019-10-20T00:53:34</date>
  <millis>1571525614905</millis>
  <sequence>178</sequence>
  <level>PASSED</level>
  <class>com.kms.katalon.core.logging.XmlKeywordLogger</class>
  <method>logMessage</method>
  <thread>1</thread>
  <message>Text &amp;apos;+33699089737&amp;apos; is set on object &amp;apos;Object Repository/NouvelleReservations/Page_Application Hissab/input_Tlphone_phone&amp;apos;</message>
  <nestedLevel>1</nestedLevel>
</record>
<record>
  <date>2019-10-20T00:53:34</date>
  <millis>1571525614906</millis>
  <sequence>179</sequence>
  <level>END</level>
  <class>com.kms.katalon.core.logging.XmlKeywordLogger</class>
  <method>endKeyword</method>
  <thread>1</thread>
  <message>End action : setText(findTestObject(\&amp;quot;Object Repository/NouvelleReservations/Page_Application Hissab/input_Tlphone_phone\&amp;quot;), Phone)</message>
  <nestedLevel>1</nestedLevel>
</record>
<record>
  <date>2019-10-20T00:53:34</date>
  <millis>1571525614907</millis>
  <sequence>180</sequence>
  <level>START</level>
  <class>com.kms.katalon.core.logging.XmlKeywordLogger</class>
  <method>startKeyword</method>
  <thread>1</thread>
  <message>Start action : setText(findTestObject(\&amp;quot;Object Repository/NouvelleReservations/Page_Application Hissab/input_Prix_prix\&amp;quot;), Prix)</message>
  <nestedLevel>1</nestedLevel>
  <property name="startLine">36</property>
  <property name="stepIndex">9</property>
</record>
<record>
  <date>2019-10-20T00:53:35</date>
  <millis>1571525615088</millis>
  <sequence>192</sequence>
  <level>PASSED</level>
  <class>com.kms.katalon.core.logging.XmlKeywordLogger</class>
  <method>logMessage</method>
  <thread>1</thread>
  <message>Text &amp;apos; 1200&amp;apos; is set on object &amp;apos;Object Repository/NouvelleReservations/Page_Application Hissab/input_Prix_prix&amp;apos;</message>
  <nestedLevel>1</nestedLevel>
</record>
<record>
  <date>2019-10-20T00:53:35</date>
  <millis>1571525615090</millis>
  <sequence>193</sequence>
  <level>END</level>
  <class>com.kms.katalon.core.logging.XmlKeywordLogger</class>
  <method>endKeyword</method>
  <thread>1</thread>
  <message>End action : setText(findTestObject(\&amp;quot;Object Repository/NouvelleReservations/Page_Application Hissab/input_Prix_prix\&amp;quot;), Prix)</message>
  <nestedLevel>1</nestedLevel>
</record>
<record>
  <date>2019-10-20T00:53:35</date>
  <millis>1571525615090</millis>
  <sequence>194</sequence>
  <level>START</level>
  <class>com.kms.katalon.core.logging.XmlKeywordLogger</class>
  <method>startKeyword</method>
  <thread>1</thread>
  <message>Start action : selectOptionByValue(findTestObject(\&amp;quot;Object Repository/NouvelleReservations/Page_Application Hissab/select_EurosDirhams\&amp;quot;), Devise, true)</message>
  <nestedLevel>1</nestedLevel>
  <property name="startLine">38</property>
  <property name="stepIndex">10</property>
</record>
<record>
  <date>2019-10-20T00:53:35</date>
  <millis>1571525615289</millis>
  <sequence>203</sequence>
  <level>PASSED</level>
  <class>com.kms.katalon.core.logging.XmlKeywordLogger</class>
  <method>logMessage</method>
  <thread>1</thread>
  <message>All options with value &amp;apos;Dirhams&amp;apos; are selected in object &amp;apos;Object Repository/NouvelleReservations/Page_Application Hissab/select_EurosDirhams&amp;apos;  using regular expression</message>
  <nestedLevel>1</nestedLevel>
</record>
<record>
  <date>2019-10-20T00:53:35</date>
  <millis>1571525615290</millis>
  <sequence>204</sequence>
  <level>END</level>
  <class>com.kms.katalon.core.logging.XmlKeywordLogger</class>
  <method>endKeyword</method>
  <thread>1</thread>
  <message>End action : selectOptionByValue(findTestObject(\&amp;quot;Object Repository/NouvelleReservations/Page_Application Hissab/select_EurosDirhams\&amp;quot;), Devise, true)</message>
  <nestedLevel>1</nestedLevel>
</record>
<record>
  <date>2019-10-20T00:53:35</date>
  <millis>1571525615291</millis>
  <sequence>205</sequence>
  <level>START</level>
  <class>com.kms.katalon.core.logging.XmlKeywordLogger</class>
  <method>startKeyword</method>
  <thread>1</thread>
  <message>Start action : selectOptionByValue(findTestObject(\&amp;quot;Object Repository/NouvelleReservations/Page_Application Hissab/select_A pay en ligneVa payer\&amp;quot;), Mode_paiement, true)</message>
  <nestedLevel>1</nestedLevel>
  <property name="startLine">41</property>
  <property name="stepIndex">11</property>
</record>
<record>
  <date>2019-10-20T00:53:35</date>
  <millis>1571525615505</millis>
  <sequence>214</sequence>
  <level>PASSED</level>
  <class>com.kms.katalon.core.logging.XmlKeywordLogger</class>
  <method>logMessage</method>
  <thread>1</thread>
  <message>All options with value &amp;apos;A pay\u00E9 en ligne&amp;apos; are selected in object &amp;apos;Object Repository/NouvelleReservations/Page_Application Hissab/select_A pay en ligneVa payer&amp;apos;  using regular expression</message>
  <nestedLevel>1</nestedLevel>
</record>
<record>
  <date>2019-10-20T00:53:35</date>
  <millis>1571525615505</millis>
  <sequence>215</sequence>
  <level>END</level>
  <class>com.kms.katalon.core.logging.XmlKeywordLogger</class>
  <method>endKeyword</method>
  <thread>1</thread>
  <message>End action : selectOptionByValue(findTestObject(\&amp;quot;Object Repository/NouvelleReservations/Page_Application Hissab/select_A pay en ligneVa payer\&amp;quot;), Mode_paiement, true)</message>
  <nestedLevel>1</nestedLevel>
</record>
<record>
  <date>2019-10-20T00:53:35</date>
  <millis>1571525615506</millis>
  <sequence>216</sequence>
  <level>START</level>
  <class>com.kms.katalon.core.logging.XmlKeywordLogger</class>
  <method>startKeyword</method>
  <thread>1</thread>
  <message>Start action : selectOptionByValue(findTestObject(\&amp;quot;NouvelleReservations/Page_Application Hissab/select_nbr_adulte\&amp;quot;), nbr_adulte, true)</message>
  <nestedLevel>1</nestedLevel>
  <property name="startLine">44</property>
  <property name="stepIndex">12</property>
</record>
<record>
  <date>2019-10-20T00:53:35</date>
  <millis>1571525615805</millis>
  <sequence>225</sequence>
  <level>PASSED</level>
  <class>com.kms.katalon.core.logging.XmlKeywordLogger</class>
  <method>logMessage</method>
  <thread>1</thread>
  <message>All options with value &amp;apos;2&amp;apos; are selected in object &amp;apos;Object Repository/NouvelleReservations/Page_Application Hissab/select_nbr_adulte&amp;apos;  using regular expression</message>
  <nestedLevel>1</nestedLevel>
</record>
<record>
  <date>2019-10-20T00:53:35</date>
  <millis>1571525615805</millis>
  <sequence>226</sequence>
  <level>END</level>
  <class>com.kms.katalon.core.logging.XmlKeywordLogger</class>
  <method>endKeyword</method>
  <thread>1</thread>
  <message>End action : selectOptionByValue(findTestObject(\&amp;quot;NouvelleReservations/Page_Application Hissab/select_nbr_adulte\&amp;quot;), nbr_adulte, true)</message>
  <nestedLevel>1</nestedLevel>
</record>
<record>
  <date>2019-10-20T00:53:35</date>
  <millis>1571525615806</millis>
  <sequence>227</sequence>
  <level>START</level>
  <class>com.kms.katalon.core.logging.XmlKeywordLogger</class>
  <method>startKeyword</method>
  <thread>1</thread>
  <message>Start action : selectOptionByValue(findTestObject(\&amp;quot;NouvelleReservations/Page_Application Hissab/select_nbr_enfant\&amp;quot;), nbr_enfant, true)</message>
  <nestedLevel>1</nestedLevel>
  <property name="startLine">47</property>
  <property name="stepIndex">13</property>
</record>
<record>
  <date>2019-10-20T00:53:36</date>
  <millis>1571525616070</millis>
  <sequence>236</sequence>
  <level>PASSED</level>
  <class>com.kms.katalon.core.logging.XmlKeywordLogger</class>
  <method>logMessage</method>
  <thread>1</thread>
  <message>All options with value &amp;apos;3&amp;apos; are selected in object &amp;apos;Object Repository/NouvelleReservations/Page_Application Hissab/select_nbr_enfant&amp;apos;  using regular expression</message>
  <nestedLevel>1</nestedLevel>
</record>
<record>
  <date>2019-10-20T00:53:36</date>
  <millis>1571525616071</millis>
  <sequence>237</sequence>
  <level>END</level>
  <class>com.kms.katalon.core.logging.XmlKeywordLogger</class>
  <method>endKeyword</method>
  <thread>1</thread>
  <message>End action : selectOptionByValue(findTestObject(\&amp;quot;NouvelleReservations/Page_Application Hissab/select_nbr_enfant\&amp;quot;), nbr_enfant, true)</message>
  <nestedLevel>1</nestedLevel>
</record>
<record>
  <date>2019-10-20T00:53:36</date>
  <millis>1571525616072</millis>
  <sequence>238</sequence>
  <level>START</level>
  <class>com.kms.katalon.core.logging.XmlKeywordLogger</class>
  <method>startKeyword</method>
  <thread>1</thread>
  <message>Start action : setText(findTestObject(\&amp;quot;Object Repository/NouvelleReservations/Page_Application Hissab/textarea_Commentaires (faculta\&amp;quot;), Comments)</message>
  <nestedLevel>1</nestedLevel>
  <property name="startLine">50</property>
  <property name="stepIndex">14</property>
</record>
<record>
  <date>2019-10-20T00:53:36</date>
  <millis>1571525616350</millis>
  <sequence>250</sequence>
  <level>PASSED</level>
  <class>com.kms.katalon.core.logging.XmlKeywordLogger</class>
  <method>logMessage</method>
  <thread>1</thread>
  <message>Text &amp;apos; Voici mon commentaire&amp;apos; is set on object &amp;apos;Object Repository/NouvelleReservations/Page_Application Hissab/textarea_Commentaires (faculta&amp;apos;</message>
  <nestedLevel>1</nestedLevel>
</record>
<record>
  <date>2019-10-20T00:53:36</date>
  <millis>1571525616351</millis>
  <sequence>251</sequence>
  <level>END</level>
  <class>com.kms.katalon.core.logging.XmlKeywordLogger</class>
  <method>endKeyword</method>
  <thread>1</thread>
  <message>End action : setText(findTestObject(\&amp;quot;Object Repository/NouvelleReservations/Page_Application Hissab/textarea_Commentaires (faculta\&amp;quot;), Comments)</message>
  <nestedLevel>1</nestedLevel>
</record>
<record>
  <date>2019-10-20T00:53:36</date>
  <millis>1571525616351</millis>
  <sequence>252</sequence>
  <level>START</level>
  <class>com.kms.katalon.core.logging.XmlKeywordLogger</class>
  <method>startKeyword</method>
  <thread>1</thread>
  <message>Start action : scrollToElement(findTestObject(\&amp;quot;NouvelleReservations/Page_Application Hissab/button_Enregistrer\&amp;quot;), 0)</message>
  <nestedLevel>1</nestedLevel>
  <property name="startLine">53</property>
  <property name="stepIndex">15</property>
</record>
<record>
  <date>2019-10-20T00:53:36</date>
  <millis>1571525616357</millis>
  <sequence>256</sequence>
  <level>WARNING</level>
  <class>com.kms.katalon.core.logging.XmlKeywordLogger</class>
  <method>logMessage</method>
  <thread>1</thread>
  <message>Timeout &amp;apos;0&amp;apos; is invalid. Using default page load timeout: &amp;apos;30&amp;apos;</message>
  <nestedLevel>1</nestedLevel>
</record>
<record>
  <date>2019-10-20T00:53:36</date>
  <millis>1571525616387</millis>
  <sequence>261</sequence>
  <level>PASSED</level>
  <class>com.kms.katalon.core.logging.XmlKeywordLogger</class>
  <method>logMessage</method>
  <thread>1</thread>
  <message>Scroll to object &amp;apos;Object Repository/NouvelleReservations/Page_Application Hissab/button_Enregistrer&amp;apos; successfully</message>
  <nestedLevel>1</nestedLevel>
</record>
<record>
  <date>2019-10-20T00:53:36</date>
  <millis>1571525616389</millis>
  <sequence>262</sequence>
  <level>END</level>
  <class>com.kms.katalon.core.logging.XmlKeywordLogger</class>
  <method>endKeyword</method>
  <thread>1</thread>
  <message>End action : scrollToElement(findTestObject(\&amp;quot;NouvelleReservations/Page_Application Hissab/button_Enregistrer\&amp;quot;), 0)</message>
  <nestedLevel>1</nestedLevel>
</record>
<record>
  <date>2019-10-20T00:53:36</date>
  <millis>1571525616389</millis>
  <sequence>263</sequence>
  <level>START</level>
  <class>com.kms.katalon.core.logging.XmlKeywordLogger</class>
  <method>startKeyword</method>
  <thread>1</thread>
  <message>Start action : click(findTestObject(\&amp;quot;Object Repository/NouvelleReservations/Page_Application Hissab/button_Enregistrer\&amp;quot;))</message>
  <nestedLevel>1</nestedLevel>
  <property name="startLine">55</property>
  <property name="stepIndex">16</property>
</record>
<record>
  <date>2019-10-20T00:53:36</date>
  <millis>1571525616568</millis>
  <sequence>270</sequence>
  <level>PASSED</level>
  <class>com.kms.katalon.core.logging.XmlKeywordLogger</class>
  <method>logMessage</method>
  <thread>1</thread>
  <message>Object: &amp;apos;Object Repository/NouvelleReservations/Page_Application Hissab/button_Enregistrer&amp;apos; is clicked on</message>
  <nestedLevel>1</nestedLevel>
</record>
<record>
  <date>2019-10-20T00:53:36</date>
  <millis>1571525616569</millis>
  <sequence>271</sequence>
  <level>END</level>
  <class>com.kms.katalon.core.logging.XmlKeywordLogger</class>
  <method>endKeyword</method>
  <thread>1</thread>
  <message>End action : click(findTestObject(\&amp;quot;Object Repository/NouvelleReservations/Page_Application Hissab/button_Enregistrer\&amp;quot;))</message>
  <nestedLevel>1</nestedLevel>
</record>
<record>
  <date>2019-10-20T00:53:36</date>
  <millis>1571525616569</millis>
  <sequence>272</sequence>
  <level>PASSED</level>
  <class>com.kms.katalon.core.logging.XmlKeywordLogger</class>
  <method>logMessage</method>
  <thread>1</thread>
  <message>Test Cases/NewReservation</message>
  <nestedLevel>1</nestedLevel>
</record>
<record>
  <date>2019-10-20T00:53:36</date>
  <millis>1571525616571</millis>
  <sequence>273</sequence>
  <level>END</level>
  <class>com.kms.katalon.core.logging.XmlKeywordLogger</class>
  <method>endTest</method>
  <thread>1</thread>
  <message>End Test Case : Test Cases/NewReservation</message>
  <nestedLevel>0</nestedLevel>
</record>
<record>
  <date>2019-10-20T00:53:36</date>
  <millis>1571525616577</millis>
  <sequence>274</sequence>
  <level>START</level>
  <class>com.kms.katalon.core.logging.XmlKeywordLogger</class>
  <method>startTest</method>
  <thread>1</thread>
  <message>Start Test Case : Test Cases/NewReservation</message>
  <nestedLevel>1</nestedLevel>
  <property name="name">Test Cases/NewReservation</property>
  <property name="description"></property>
  <property name="id">Test Cases/NewReservation</property>
  <property name="source">C:\\Users\\bouda\\Katalon Studio\\Hissab\\Test Cases\\NewReservation.tc</property>
  <property name="isOptional">false</property>
</record>
<record>
  <date>2019-10-20T00:53:36</date>
  <millis>1571525616593</millis>
  <sequence>276</sequence>
  <level>INFO</level>
  <class>com.kms.katalon.core.logging.XmlKeywordLogger</class>
  <method>logMessage</method>
  <thread>1</thread>
  <message>Nom_Client =  Jacques Chirac</message>
  <nestedLevel>1</nestedLevel>
</record>
<record>
  <date>2019-10-20T00:53:36</date>
  <millis>1571525616594</millis>
  <sequence>277</sequence>
  <level>INFO</level>
  <class>com.kms.katalon.core.logging.XmlKeywordLogger</class>
  <method>logMessage</method>
  <thread>1</thread>
  <message>Prix =  400</message>
  <nestedLevel>1</nestedLevel>
</record>
<record>
  <date>2019-10-20T00:53:36</date>
  <millis>1571525616594</millis>
  <sequence>278</sequence>
  <level>INFO</level>
  <class>com.kms.katalon.core.logging.XmlKeywordLogger</class>
  <method>logMessage</method>
  <thread>1</thread>
  <message>Comments =  Riji m3a 2h diel sba7</message>
  <nestedLevel>1</nestedLevel>
</record>
<record>
  <date>2019-10-20T00:53:36</date>
  <millis>1571525616595</millis>
  <sequence>279</sequence>
  <level>INFO</level>
  <class>com.kms.katalon.core.logging.XmlKeywordLogger</class>
  <method>logMessage</method>
  <thread>1</thread>
  <message>Appartement = Appartement 5</message>
  <nestedLevel>1</nestedLevel>
</record>
<record>
  <date>2019-10-20T00:53:36</date>
  <millis>1571525616595</millis>
  <sequence>280</sequence>
  <level>INFO</level>
  <class>com.kms.katalon.core.logging.XmlKeywordLogger</class>
  <method>logMessage</method>
  <thread>1</thread>
  <message>Devise = Euros</message>
  <nestedLevel>1</nestedLevel>
</record>
<record>
  <date>2019-10-20T00:53:36</date>
  <millis>1571525616596</millis>
  <sequence>281</sequence>
  <level>INFO</level>
  <class>com.kms.katalon.core.logging.XmlKeywordLogger</class>
  <method>logMessage</method>
  <thread>1</thread>
  <message>Phone = +2123004903403</message>
  <nestedLevel>1</nestedLevel>
</record>
<record>
  <date>2019-10-20T00:53:36</date>
  <millis>1571525616596</millis>
  <sequence>282</sequence>
  <level>INFO</level>
  <class>com.kms.katalon.core.logging.XmlKeywordLogger</class>
  <method>logMessage</method>
  <thread>1</thread>
  <message>Mode_paiement = Va payer sur place</message>
  <nestedLevel>1</nestedLevel>
</record>
<record>
  <date>2019-10-20T00:53:36</date>
  <millis>1571525616597</millis>
  <sequence>283</sequence>
  <level>INFO</level>
  <class>com.kms.katalon.core.logging.XmlKeywordLogger</class>
  <method>logMessage</method>
  <thread>1</thread>
  <message>nbr_adulte = 2</message>
  <nestedLevel>1</nestedLevel>
</record>
<record>
  <date>2019-10-20T00:53:36</date>
  <millis>1571525616597</millis>
  <sequence>284</sequence>
  <level>INFO</level>
  <class>com.kms.katalon.core.logging.XmlKeywordLogger</class>
  <method>logMessage</method>
  <thread>1</thread>
  <message>nbr_enfant = 0</message>
  <nestedLevel>1</nestedLevel>
</record>
<record>
  <date>2019-10-20T00:53:36</date>
  <millis>1571525616598</millis>
  <sequence>285</sequence>
  <level>INFO</level>
  <class>com.kms.katalon.core.logging.XmlKeywordLogger</class>
  <method>logMessage</method>
  <thread>1</thread>
  <message>jour_arrive = 10102019</message>
  <nestedLevel>1</nestedLevel>
</record>
<record>
  <date>2019-10-20T00:53:36</date>
  <millis>1571525616598</millis>
  <sequence>286</sequence>
  <level>INFO</level>
  <class>com.kms.katalon.core.logging.XmlKeywordLogger</class>
  <method>logMessage</method>
  <thread>1</thread>
  <message>jour_depart = 21102019</message>
  <nestedLevel>1</nestedLevel>
</record>
<record>
  <date>2019-10-20T00:53:36</date>
  <millis>1571525616602</millis>
  <sequence>287</sequence>
  <level>START</level>
  <class>com.kms.katalon.core.logging.XmlKeywordLogger</class>
  <method>startKeyword</method>
  <thread>1</thread>
  <message>Start action : scrollToElement(findTestObject(\&amp;quot;NouvelleReservations/Page_Application Hissab/button_Nouvelle Reservation\&amp;quot;), 0)</message>
  <nestedLevel>1</nestedLevel>
  <property name="startLine">17</property>
  <property name="stepIndex">1</property>
</record>
<record>
  <date>2019-10-20T00:53:36</date>
  <millis>1571525616611</millis>
  <sequence>291</sequence>
  <level>WARNING</level>
  <class>com.kms.katalon.core.logging.XmlKeywordLogger</class>
  <method>logMessage</method>
  <thread>1</thread>
  <message>Timeout &amp;apos;0&amp;apos; is invalid. Using default page load timeout: &amp;apos;30&amp;apos;</message>
  <nestedLevel>1</nestedLevel>
</record>
<record>
  <date>2019-10-20T00:53:36</date>
  <millis>1571525616630</millis>
  <sequence>296</sequence>
  <level>PASSED</level>
  <class>com.kms.katalon.core.logging.XmlKeywordLogger</class>
  <method>logMessage</method>
  <thread>1</thread>
  <message>Scroll to object &amp;apos;Object Repository/NouvelleReservations/Page_Application Hissab/button_Nouvelle Reservation&amp;apos; successfully</message>
  <nestedLevel>1</nestedLevel>
</record>
<record>
  <date>2019-10-20T00:53:36</date>
  <millis>1571525616631</millis>
  <sequence>297</sequence>
  <level>END</level>
  <class>com.kms.katalon.core.logging.XmlKeywordLogger</class>
  <method>endKeyword</method>
  <thread>1</thread>
  <message>End action : scrollToElement(findTestObject(\&amp;quot;NouvelleReservations/Page_Application Hissab/button_Nouvelle Reservation\&amp;quot;), 0)</message>
  <nestedLevel>1</nestedLevel>
</record>
<record>
  <date>2019-10-20T00:53:36</date>
  <millis>1571525616631</millis>
  <sequence>298</sequence>
  <level>START</level>
  <class>com.kms.katalon.core.logging.XmlKeywordLogger</class>
  <method>startKeyword</method>
  <thread>1</thread>
  <message>Start action : click(findTestObject(\&amp;quot;Object Repository/NouvelleReservations/Page_Application Hissab/button_Nouvelle Reservation\&amp;quot;))</message>
  <nestedLevel>1</nestedLevel>
  <property name="startLine">19</property>
  <property name="stepIndex">2</property>
</record>
<record>
  <date>2019-10-20T00:53:36</date>
  <millis>1571525616734</millis>
  <sequence>305</sequence>
  <level>PASSED</level>
  <class>com.kms.katalon.core.logging.XmlKeywordLogger</class>
  <method>logMessage</method>
  <thread>1</thread>
  <message>Object: &amp;apos;Object Repository/NouvelleReservations/Page_Application Hissab/button_Nouvelle Reservation&amp;apos; is clicked on</message>
  <nestedLevel>1</nestedLevel>
</record>
<record>
  <date>2019-10-20T00:53:36</date>
  <millis>1571525616735</millis>
  <sequence>306</sequence>
  <level>END</level>
  <class>com.kms.katalon.core.logging.XmlKeywordLogger</class>
  <method>endKeyword</method>
  <thread>1</thread>
  <message>End action : click(findTestObject(\&amp;quot;Object Repository/NouvelleReservations/Page_Application Hissab/button_Nouvelle Reservation\&amp;quot;))</message>
  <nestedLevel>1</nestedLevel>
</record>
<record>
  <date>2019-10-20T00:53:36</date>
  <millis>1571525616735</millis>
  <sequence>307</sequence>
  <level>START</level>
  <class>com.kms.katalon.core.logging.XmlKeywordLogger</class>
  <method>startKeyword</method>
  <thread>1</thread>
  <message>Start action : selectOptionByValue(findTestObject(\&amp;quot;Object Repository/NouvelleReservations/Page_Application Hissab/select_Appartement 0Appartemen\&amp;quot;), Appartement, true)</message>
  <nestedLevel>1</nestedLevel>
  <property name="startLine">21</property>
  <property name="stepIndex">3</property>
</record>
<record>
  <date>2019-10-20T00:53:37</date>
  <millis>1571525617293</millis>
  <sequence>316</sequence>
  <level>PASSED</level>
  <class>com.kms.katalon.core.logging.XmlKeywordLogger</class>
  <method>logMessage</method>
  <thread>1</thread>
  <message>All options with value &amp;apos;Appartement 5&amp;apos; are selected in object &amp;apos;Object Repository/NouvelleReservations/Page_Application Hissab/select_Appartement 0Appartemen&amp;apos;  using regular expression</message>
  <nestedLevel>1</nestedLevel>
</record>
<record>
  <date>2019-10-20T00:53:37</date>
  <millis>1571525617294</millis>
  <sequence>317</sequence>
  <level>END</level>
  <class>com.kms.katalon.core.logging.XmlKeywordLogger</class>
  <method>endKeyword</method>
  <thread>1</thread>
  <message>End action : selectOptionByValue(findTestObject(\&amp;quot;Object Repository/NouvelleReservations/Page_Application Hissab/select_Appartement 0Appartemen\&amp;quot;), Appartement, true)</message>
  <nestedLevel>1</nestedLevel>
</record>
<record>
  <date>2019-10-20T00:53:37</date>
  <millis>1571525617294</millis>
  <sequence>318</sequence>
  <level>START</level>
  <class>com.kms.katalon.core.logging.XmlKeywordLogger</class>
  <method>startKeyword</method>
  <thread>1</thread>
  <message>Start action : setText(findTestObject(\&amp;quot;NouvelleReservations/Dates/Page_Application Hissab/input_Arriv_arrive\&amp;quot;), jour_arrive)</message>
  <nestedLevel>1</nestedLevel>
  <property name="startLine">24</property>
  <property name="stepIndex">4</property>
</record>
<record>
  <date>2019-10-20T00:53:37</date>
  <millis>1571525617532</millis>
  <sequence>330</sequence>
  <level>PASSED</level>
  <class>com.kms.katalon.core.logging.XmlKeywordLogger</class>
  <method>logMessage</method>
  <thread>1</thread>
  <message>Text &amp;apos;10102019&amp;apos; is set on object &amp;apos;Object Repository/NouvelleReservations/Dates/Page_Application Hissab/input_Arriv_arrive&amp;apos;</message>
  <nestedLevel>1</nestedLevel>
</record>
<record>
  <date>2019-10-20T00:53:37</date>
  <millis>1571525617532</millis>
  <sequence>331</sequence>
  <level>END</level>
  <class>com.kms.katalon.core.logging.XmlKeywordLogger</class>
  <method>endKeyword</method>
  <thread>1</thread>
  <message>End action : setText(findTestObject(\&amp;quot;NouvelleReservations/Dates/Page_Application Hissab/input_Arriv_arrive\&amp;quot;), jour_arrive)</message>
  <nestedLevel>1</nestedLevel>
</record>
<record>
  <date>2019-10-20T00:53:37</date>
  <millis>1571525617532</millis>
  <sequence>332</sequence>
  <level>START</level>
  <class>com.kms.katalon.core.logging.XmlKeywordLogger</class>
  <method>startKeyword</method>
  <thread>1</thread>
  <message>Start action : setText(findTestObject(\&amp;quot;NouvelleReservations/Dates/Page_Application Hissab/input_Dpart_depart\&amp;quot;), jour_depart)</message>
  <nestedLevel>1</nestedLevel>
  <property name="startLine">26</property>
  <property name="stepIndex">5</property>
</record>
<record>
  <date>2019-10-20T00:53:37</date>
  <millis>1571525617748</millis>
  <sequence>344</sequence>
  <level>PASSED</level>
  <class>com.kms.katalon.core.logging.XmlKeywordLogger</class>
  <method>logMessage</method>
  <thread>1</thread>
  <message>Text &amp;apos;21102019&amp;apos; is set on object &amp;apos;Object Repository/NouvelleReservations/Dates/Page_Application Hissab/input_Dpart_depart&amp;apos;</message>
  <nestedLevel>1</nestedLevel>
</record>
<record>
  <date>2019-10-20T00:53:37</date>
  <millis>1571525617749</millis>
  <sequence>345</sequence>
  <level>END</level>
  <class>com.kms.katalon.core.logging.XmlKeywordLogger</class>
  <method>endKeyword</method>
  <thread>1</thread>
  <message>End action : setText(findTestObject(\&amp;quot;NouvelleReservations/Dates/Page_Application Hissab/input_Dpart_depart\&amp;quot;), jour_depart)</message>
  <nestedLevel>1</nestedLevel>
</record>
<record>
  <date>2019-10-20T00:53:37</date>
  <millis>1571525617749</millis>
  <sequence>346</sequence>
  <level>START</level>
  <class>com.kms.katalon.core.logging.XmlKeywordLogger</class>
  <method>startKeyword</method>
  <thread>1</thread>
  <message>Start action : setText(findTestObject(\&amp;quot;Object Repository/NouvelleReservations/Page_Application Hissab/input_Nom complet_nomcomplet\&amp;quot;), Nom_Client)</message>
  <nestedLevel>1</nestedLevel>
  <property name="startLine">28</property>
  <property name="stepIndex">6</property>
</record>
<record>
  <date>2019-10-20T00:53:38</date>
  <millis>1571525618016</millis>
  <sequence>358</sequence>
  <level>PASSED</level>
  <class>com.kms.katalon.core.logging.XmlKeywordLogger</class>
  <method>logMessage</method>
  <thread>1</thread>
  <message>Text &amp;apos; Jacques Chirac&amp;apos; is set on object &amp;apos;Object Repository/NouvelleReservations/Page_Application Hissab/input_Nom complet_nomcomplet&amp;apos;</message>
  <nestedLevel>1</nestedLevel>
</record>
<record>
  <date>2019-10-20T00:53:38</date>
  <millis>1571525618016</millis>
  <sequence>359</sequence>
  <level>END</level>
  <class>com.kms.katalon.core.logging.XmlKeywordLogger</class>
  <method>endKeyword</method>
  <thread>1</thread>
  <message>End action : setText(findTestObject(\&amp;quot;Object Repository/NouvelleReservations/Page_Application Hissab/input_Nom complet_nomcomplet\&amp;quot;), Nom_Client)</message>
  <nestedLevel>1</nestedLevel>
</record>
<record>
  <date>2019-10-20T00:53:38</date>
  <millis>1571525618017</millis>
  <sequence>360</sequence>
  <level>START</level>
  <class>com.kms.katalon.core.logging.XmlKeywordLogger</class>
  <method>startKeyword</method>
  <thread>1</thread>
  <message>Start action : sendKeys(findTestObject(\&amp;quot;Object Repository/NouvelleReservations/Page_Application Hissab/input_Tlphone_phone\&amp;quot;), Keys.chord(ENTER))</message>
  <nestedLevel>1</nestedLevel>
  <property name="startLine">31</property>
  <property name="stepIndex">7</property>
</record>
<record>
  <date>2019-10-20T00:53:38</date>
  <millis>1571525618110</millis>
  <sequence>366</sequence>
  <level>PASSED</level>
  <class>com.kms.katalon.core.logging.XmlKeywordLogger</class>
  <method>logMessage</method>
  <thread>1</thread>
  <message>Keys &amp;apos;ENTER + &amp;apos; sent to object: &amp;apos;Object Repository/NouvelleReservations/Page_Application Hissab/input_Tlphone_phone&amp;apos;</message>
  <nestedLevel>1</nestedLevel>
</record>
<record>
  <date>2019-10-20T00:53:38</date>
  <millis>1571525618110</millis>
  <sequence>367</sequence>
  <level>END</level>
  <class>com.kms.katalon.core.logging.XmlKeywordLogger</class>
  <method>endKeyword</method>
  <thread>1</thread>
  <message>End action : sendKeys(findTestObject(\&amp;quot;Object Repository/NouvelleReservations/Page_Application Hissab/input_Tlphone_phone\&amp;quot;), Keys.chord(ENTER))</message>
  <nestedLevel>1</nestedLevel>
</record>
<record>
  <date>2019-10-20T00:53:38</date>
  <millis>1571525618111</millis>
  <sequence>368</sequence>
  <level>START</level>
  <class>com.kms.katalon.core.logging.XmlKeywordLogger</class>
  <method>startKeyword</method>
  <thread>1</thread>
  <message>Start action : setText(findTestObject(\&amp;quot;Object Repository/NouvelleReservations/Page_Application Hissab/input_Tlphone_phone\&amp;quot;), Phone)</message>
  <nestedLevel>1</nestedLevel>
  <property name="startLine">34</property>
  <property name="stepIndex">8</property>
</record>
<record>
  <date>2019-10-20T00:53:38</date>
  <millis>1571525618348</millis>
  <sequence>380</sequence>
  <level>PASSED</level>
  <class>com.kms.katalon.core.logging.XmlKeywordLogger</class>
  <method>logMessage</method>
  <thread>1</thread>
  <message>Text &amp;apos;+2123004903403&amp;apos; is set on object &amp;apos;Object Repository/NouvelleReservations/Page_Application Hissab/input_Tlphone_phone&amp;apos;</message>
  <nestedLevel>1</nestedLevel>
</record>
<record>
  <date>2019-10-20T00:53:38</date>
  <millis>1571525618348</millis>
  <sequence>381</sequence>
  <level>END</level>
  <class>com.kms.katalon.core.logging.XmlKeywordLogger</class>
  <method>endKeyword</method>
  <thread>1</thread>
  <message>End action : setText(findTestObject(\&amp;quot;Object Repository/NouvelleReservations/Page_Application Hissab/input_Tlphone_phone\&amp;quot;), Phone)</message>
  <nestedLevel>1</nestedLevel>
</record>
<record>
  <date>2019-10-20T00:53:38</date>
  <millis>1571525618348</millis>
  <sequence>382</sequence>
  <level>START</level>
  <class>com.kms.katalon.core.logging.XmlKeywordLogger</class>
  <method>startKeyword</method>
  <thread>1</thread>
  <message>Start action : setText(findTestObject(\&amp;quot;Object Repository/NouvelleReservations/Page_Application Hissab/input_Prix_prix\&amp;quot;), Prix)</message>
  <nestedLevel>1</nestedLevel>
  <property name="startLine">36</property>
  <property name="stepIndex">9</property>
</record>
<record>
  <date>2019-10-20T00:53:38</date>
  <millis>1571525618541</millis>
  <sequence>394</sequence>
  <level>PASSED</level>
  <class>com.kms.katalon.core.logging.XmlKeywordLogger</class>
  <method>logMessage</method>
  <thread>1</thread>
  <message>Text &amp;apos; 400&amp;apos; is set on object &amp;apos;Object Repository/NouvelleReservations/Page_Application Hissab/input_Prix_prix&amp;apos;</message>
  <nestedLevel>1</nestedLevel>
</record>
<record>
  <date>2019-10-20T00:53:38</date>
  <millis>1571525618543</millis>
  <sequence>395</sequence>
  <level>END</level>
  <class>com.kms.katalon.core.logging.XmlKeywordLogger</class>
  <method>endKeyword</method>
  <thread>1</thread>
  <message>End action : setText(findTestObject(\&amp;quot;Object Repository/NouvelleReservations/Page_Application Hissab/input_Prix_prix\&amp;quot;), Prix)</message>
  <nestedLevel>1</nestedLevel>
</record>
<record>
  <date>2019-10-20T00:53:38</date>
  <millis>1571525618543</millis>
  <sequence>396</sequence>
  <level>START</level>
  <class>com.kms.katalon.core.logging.XmlKeywordLogger</class>
  <method>startKeyword</method>
  <thread>1</thread>
  <message>Start action : selectOptionByValue(findTestObject(\&amp;quot;Object Repository/NouvelleReservations/Page_Application Hissab/select_EurosDirhams\&amp;quot;), Devise, true)</message>
  <nestedLevel>1</nestedLevel>
  <property name="startLine">38</property>
  <property name="stepIndex">10</property>
</record>
<record>
  <date>2019-10-20T00:53:38</date>
  <millis>1571525618687</millis>
  <sequence>405</sequence>
  <level>PASSED</level>
  <class>com.kms.katalon.core.logging.XmlKeywordLogger</class>
  <method>logMessage</method>
  <thread>1</thread>
  <message>All options with value &amp;apos;Euros&amp;apos; are selected in object &amp;apos;Object Repository/NouvelleReservations/Page_Application Hissab/select_EurosDirhams&amp;apos;  using regular expression</message>
  <nestedLevel>1</nestedLevel>
</record>
<record>
  <date>2019-10-20T00:53:38</date>
  <millis>1571525618688</millis>
  <sequence>406</sequence>
  <level>END</level>
  <class>com.kms.katalon.core.logging.XmlKeywordLogger</class>
  <method>endKeyword</method>
  <thread>1</thread>
  <message>End action : selectOptionByValue(findTestObject(\&amp;quot;Object Repository/NouvelleReservations/Page_Application Hissab/select_EurosDirhams\&amp;quot;), Devise, true)</message>
  <nestedLevel>1</nestedLevel>
</record>
<record>
  <date>2019-10-20T00:53:38</date>
  <millis>1571525618688</millis>
  <sequence>407</sequence>
  <level>START</level>
  <class>com.kms.katalon.core.logging.XmlKeywordLogger</class>
  <method>startKeyword</method>
  <thread>1</thread>
  <message>Start action : selectOptionByValue(findTestObject(\&amp;quot;Object Repository/NouvelleReservations/Page_Application Hissab/select_A pay en ligneVa payer\&amp;quot;), Mode_paiement, true)</message>
  <nestedLevel>1</nestedLevel>
  <property name="startLine">41</property>
  <property name="stepIndex">11</property>
</record>
<record>
  <date>2019-10-20T00:53:38</date>
  <millis>1571525618810</millis>
  <sequence>416</sequence>
  <level>PASSED</level>
  <class>com.kms.katalon.core.logging.XmlKeywordLogger</class>
  <method>logMessage</method>
  <thread>1</thread>
  <message>All options with value &amp;apos;Va payer sur place&amp;apos; are selected in object &amp;apos;Object Repository/NouvelleReservations/Page_Application Hissab/select_A pay en ligneVa payer&amp;apos;  using regular expression</message>
  <nestedLevel>1</nestedLevel>
</record>
<record>
  <date>2019-10-20T00:53:38</date>
  <millis>1571525618810</millis>
  <sequence>417</sequence>
  <level>END</level>
  <class>com.kms.katalon.core.logging.XmlKeywordLogger</class>
  <method>endKeyword</method>
  <thread>1</thread>
  <message>End action : selectOptionByValue(findTestObject(\&amp;quot;Object Repository/NouvelleReservations/Page_Application Hissab/select_A pay en ligneVa payer\&amp;quot;), Mode_paiement, true)</message>
  <nestedLevel>1</nestedLevel>
</record>
<record>
  <date>2019-10-20T00:53:38</date>
  <millis>1571525618810</millis>
  <sequence>418</sequence>
  <level>START</level>
  <class>com.kms.katalon.core.logging.XmlKeywordLogger</class>
  <method>startKeyword</method>
  <thread>1</thread>
  <message>Start action : selectOptionByValue(findTestObject(\&amp;quot;NouvelleReservations/Page_Application Hissab/select_nbr_adulte\&amp;quot;), nbr_adulte, true)</message>
  <nestedLevel>1</nestedLevel>
  <property name="startLine">44</property>
  <property name="stepIndex">12</property>
</record>
<record>
  <date>2019-10-20T00:53:39</date>
  <millis>1571525619043</millis>
  <sequence>427</sequence>
  <level>PASSED</level>
  <class>com.kms.katalon.core.logging.XmlKeywordLogger</class>
  <method>logMessage</method>
  <thread>1</thread>
  <message>All options with value &amp;apos;2&amp;apos; are selected in object &amp;apos;Object Repository/NouvelleReservations/Page_Application Hissab/select_nbr_adulte&amp;apos;  using regular expression</message>
  <nestedLevel>1</nestedLevel>
</record>
<record>
  <date>2019-10-20T00:53:39</date>
  <millis>1571525619044</millis>
  <sequence>428</sequence>
  <level>END</level>
  <class>com.kms.katalon.core.logging.XmlKeywordLogger</class>
  <method>endKeyword</method>
  <thread>1</thread>
  <message>End action : selectOptionByValue(findTestObject(\&amp;quot;NouvelleReservations/Page_Application Hissab/select_nbr_adulte\&amp;quot;), nbr_adulte, true)</message>
  <nestedLevel>1</nestedLevel>
</record>
<record>
  <date>2019-10-20T00:53:39</date>
  <millis>1571525619044</millis>
  <sequence>429</sequence>
  <level>START</level>
  <class>com.kms.katalon.core.logging.XmlKeywordLogger</class>
  <method>startKeyword</method>
  <thread>1</thread>
  <message>Start action : selectOptionByValue(findTestObject(\&amp;quot;NouvelleReservations/Page_Application Hissab/select_nbr_enfant\&amp;quot;), nbr_enfant, true)</message>
  <nestedLevel>1</nestedLevel>
  <property name="startLine">47</property>
  <property name="stepIndex">13</property>
</record>
<record>
  <date>2019-10-20T00:53:39</date>
  <millis>1571525619221</millis>
  <sequence>438</sequence>
  <level>PASSED</level>
  <class>com.kms.katalon.core.logging.XmlKeywordLogger</class>
  <method>logMessage</method>
  <thread>1</thread>
  <message>All options with value &amp;apos;0&amp;apos; are selected in object &amp;apos;Object Repository/NouvelleReservations/Page_Application Hissab/select_nbr_enfant&amp;apos;  using regular expression</message>
  <nestedLevel>1</nestedLevel>
</record>
<record>
  <date>2019-10-20T00:53:39</date>
  <millis>1571525619221</millis>
  <sequence>439</sequence>
  <level>END</level>
  <class>com.kms.katalon.core.logging.XmlKeywordLogger</class>
  <method>endKeyword</method>
  <thread>1</thread>
  <message>End action : selectOptionByValue(findTestObject(\&amp;quot;NouvelleReservations/Page_Application Hissab/select_nbr_enfant\&amp;quot;), nbr_enfant, true)</message>
  <nestedLevel>1</nestedLevel>
</record>
<record>
  <date>2019-10-20T00:53:39</date>
  <millis>1571525619221</millis>
  <sequence>440</sequence>
  <level>START</level>
  <class>com.kms.katalon.core.logging.XmlKeywordLogger</class>
  <method>startKeyword</method>
  <thread>1</thread>
  <message>Start action : setText(findTestObject(\&amp;quot;Object Repository/NouvelleReservations/Page_Application Hissab/textarea_Commentaires (faculta\&amp;quot;), Comments)</message>
  <nestedLevel>1</nestedLevel>
  <property name="startLine">50</property>
  <property name="stepIndex">14</property>
</record>
<record>
  <date>2019-10-20T00:53:39</date>
  <millis>1571525619409</millis>
  <sequence>452</sequence>
  <level>PASSED</level>
  <class>com.kms.katalon.core.logging.XmlKeywordLogger</class>
  <method>logMessage</method>
  <thread>1</thread>
  <message>Text &amp;apos; Riji m3a 2h diel sba7&amp;apos; is set on object &amp;apos;Object Repository/NouvelleReservations/Page_Application Hissab/textarea_Commentaires (faculta&amp;apos;</message>
  <nestedLevel>1</nestedLevel>
</record>
<record>
  <date>2019-10-20T00:53:39</date>
  <millis>1571525619410</millis>
  <sequence>453</sequence>
  <level>END</level>
  <class>com.kms.katalon.core.logging.XmlKeywordLogger</class>
  <method>endKeyword</method>
  <thread>1</thread>
  <message>End action : setText(findTestObject(\&amp;quot;Object Repository/NouvelleReservations/Page_Application Hissab/textarea_Commentaires (faculta\&amp;quot;), Comments)</message>
  <nestedLevel>1</nestedLevel>
</record>
<record>
  <date>2019-10-20T00:53:39</date>
  <millis>1571525619410</millis>
  <sequence>454</sequence>
  <level>START</level>
  <class>com.kms.katalon.core.logging.XmlKeywordLogger</class>
  <method>startKeyword</method>
  <thread>1</thread>
  <message>Start action : scrollToElement(findTestObject(\&amp;quot;NouvelleReservations/Page_Application Hissab/button_Enregistrer\&amp;quot;), 0)</message>
  <nestedLevel>1</nestedLevel>
  <property name="startLine">53</property>
  <property name="stepIndex">15</property>
</record>
<record>
  <date>2019-10-20T00:53:39</date>
  <millis>1571525619414</millis>
  <sequence>458</sequence>
  <level>WARNING</level>
  <class>com.kms.katalon.core.logging.XmlKeywordLogger</class>
  <method>logMessage</method>
  <thread>1</thread>
  <message>Timeout &amp;apos;0&amp;apos; is invalid. Using default page load timeout: &amp;apos;30&amp;apos;</message>
  <nestedLevel>1</nestedLevel>
</record>
<record>
  <date>2019-10-20T00:53:39</date>
  <millis>1571525619438</millis>
  <sequence>463</sequence>
  <level>PASSED</level>
  <class>com.kms.katalon.core.logging.XmlKeywordLogger</class>
  <method>logMessage</method>
  <thread>1</thread>
  <message>Scroll to object &amp;apos;Object Repository/NouvelleReservations/Page_Application Hissab/button_Enregistrer&amp;apos; successfully</message>
  <nestedLevel>1</nestedLevel>
</record>
<record>
  <date>2019-10-20T00:53:39</date>
  <millis>1571525619439</millis>
  <sequence>464</sequence>
  <level>END</level>
  <class>com.kms.katalon.core.logging.XmlKeywordLogger</class>
  <method>endKeyword</method>
  <thread>1</thread>
  <message>End action : scrollToElement(findTestObject(\&amp;quot;NouvelleReservations/Page_Application Hissab/button_Enregistrer\&amp;quot;), 0)</message>
  <nestedLevel>1</nestedLevel>
</record>
<record>
  <date>2019-10-20T00:53:39</date>
  <millis>1571525619439</millis>
  <sequence>465</sequence>
  <level>START</level>
  <class>com.kms.katalon.core.logging.XmlKeywordLogger</class>
  <method>startKeyword</method>
  <thread>1</thread>
  <message>Start action : click(findTestObject(\&amp;quot;Object Repository/NouvelleReservations/Page_Application Hissab/button_Enregistrer\&amp;quot;))</message>
  <nestedLevel>1</nestedLevel>
  <property name="startLine">55</property>
  <property name="stepIndex">16</property>
</record>
<record>
  <date>2019-10-20T00:53:39</date>
  <millis>1571525619655</millis>
  <sequence>472</sequence>
  <level>PASSED</level>
  <class>com.kms.katalon.core.logging.XmlKeywordLogger</class>
  <method>logMessage</method>
  <thread>1</thread>
  <message>Object: &amp;apos;Object Repository/NouvelleReservations/Page_Application Hissab/button_Enregistrer&amp;apos; is clicked on</message>
  <nestedLevel>1</nestedLevel>
</record>
<record>
  <date>2019-10-20T00:53:39</date>
  <millis>1571525619655</millis>
  <sequence>473</sequence>
  <level>END</level>
  <class>com.kms.katalon.core.logging.XmlKeywordLogger</class>
  <method>endKeyword</method>
  <thread>1</thread>
  <message>End action : click(findTestObject(\&amp;quot;Object Repository/NouvelleReservations/Page_Application Hissab/button_Enregistrer\&amp;quot;))</message>
  <nestedLevel>1</nestedLevel>
</record>
<record>
  <date>2019-10-20T00:53:39</date>
  <millis>1571525619656</millis>
  <sequence>474</sequence>
  <level>PASSED</level>
  <class>com.kms.katalon.core.logging.XmlKeywordLogger</class>
  <method>logMessage</method>
  <thread>1</thread>
  <message>Test Cases/NewReservation</message>
  <nestedLevel>1</nestedLevel>
</record>
<record>
  <date>2019-10-20T00:53:39</date>
  <millis>1571525619657</millis>
  <sequence>475</sequence>
  <level>END</level>
  <class>com.kms.katalon.core.logging.XmlKeywordLogger</class>
  <method>endTest</method>
  <thread>1</thread>
  <message>End Test Case : Test Cases/NewReservation</message>
  <nestedLevel>0</nestedLevel>
</record>
<record>
  <date>2019-10-20T00:53:39</date>
  <millis>1571525619663</millis>
  <sequence>476</sequence>
  <level>START</level>
  <class>com.kms.katalon.core.logging.XmlKeywordLogger</class>
  <method>startTest</method>
  <thread>1</thread>
  <message>Start Test Case : Test Cases/CloseTheBrowser</message>
  <nestedLevel>1</nestedLevel>
  <property name="name">Test Cases/CloseTheBrowser</property>
  <property name="description"></property>
  <property name="id">Test Cases/CloseTheBrowser</property>
  <property name="source">C:\\Users\\bouda\\Katalon Studio\\Hissab\\Test Cases\\CloseTheBrowser.tc</property>
  <property name="isOptional">false</property>
</record>
<record>
  <date>2019-10-20T00:53:39</date>
  <millis>1571525619683</millis>
  <sequence>478</sequence>
  <level>INFO</level>
  <class>com.kms.katalon.core.logging.XmlKeywordLogger</class>
  <method>logMessage</method>
  <thread>1</thread>
  <message>(Default) Nom_Client = NOM PRENOM</message>
  <nestedLevel>1</nestedLevel>
</record>
<record>
  <date>2019-10-20T00:53:39</date>
  <millis>1571525619696</millis>
  <sequence>479</sequence>
  <level>INFO</level>
  <class>com.kms.katalon.core.logging.XmlKeywordLogger</class>
  <method>logMessage</method>
  <thread>1</thread>
  <message>(Default) Prix = 12345</message>
  <nestedLevel>1</nestedLevel>
</record>
<record>
  <date>2019-10-20T00:53:39</date>
  <millis>1571525619710</millis>
  <sequence>480</sequence>
  <level>INFO</level>
  <class>com.kms.katalon.core.logging.XmlKeywordLogger</class>
  <method>logMessage</method>
  <thread>1</thread>
  <message>(Default) Comments = Pas de commentaire</message>
  <nestedLevel>1</nestedLevel>
</record>
<record>
  <date>2019-10-20T00:53:40</date>
  <millis>1571525620187</millis>
  <sequence>481</sequence>
  <level>START</level>
  <class>com.kms.katalon.core.logging.XmlKeywordLogger</class>
  <method>startKeyword</method>
  <thread>1</thread>
  <message>Start action : closeBrowser(STOP_ON_FAILURE)</message>
  <nestedLevel>1</nestedLevel>
  <property name="startLine">17</property>
  <property name="stepIndex">1</property>
</record>
<record>
  <date>2019-10-20T00:53:41</date>
  <millis>1571525621110</millis>
  <sequence>483</sequence>
  <level>PASSED</level>
  <class>com.kms.katalon.core.logging.XmlKeywordLogger</class>
  <method>logMessage</method>
  <thread>1</thread>
  <message>Browser is closed</message>
  <nestedLevel>1</nestedLevel>
</record>
<record>
  <date>2019-10-20T00:53:41</date>
  <millis>1571525621112</millis>
  <sequence>484</sequence>
  <level>END</level>
  <class>com.kms.katalon.core.logging.XmlKeywordLogger</class>
  <method>endKeyword</method>
  <thread>1</thread>
  <message>End action : closeBrowser(STOP_ON_FAILURE)</message>
  <nestedLevel>1</nestedLevel>
</record>
<record>
  <date>2019-10-20T00:53:41</date>
  <millis>1571525621112</millis>
  <sequence>485</sequence>
  <level>PASSED</level>
  <class>com.kms.katalon.core.logging.XmlKeywordLogger</class>
  <method>logMessage</method>
  <thread>1</thread>
  <message>Test Cases/CloseTheBrowser</message>
  <nestedLevel>1</nestedLevel>
</record>
<record>
  <date>2019-10-20T00:53:41</date>
  <millis>1571525621114</millis>
  <sequence>486</sequence>
  <level>END</level>
  <class>com.kms.katalon.core.logging.XmlKeywordLogger</class>
  <method>endTest</method>
  <thread>1</thread>
  <message>End Test Case : Test Cases/CloseTheBrowser</message>
  <nestedLevel>0</nestedLevel>
</record>
<record>
  <date>2019-10-20T00:53:41</date>
  <millis>1571525621117</millis>
  <sequence>487</sequence>
  <level>END</level>
  <class>com.kms.katalon.core.logging.XmlKeywordLogger</class>
  <method>endSuite</method>
  <thread>1</thread>
  <message>End Test Suite : Test Suites/Reservations/NouvelleReservation</message>
  <nestedLevel>0</nestedLevel>
</record>
</log>
